[GIN-debug] [WARNING] Creating an Engine instance with the Logger and Recovery middleware already attached.

[GIN-debug] [WARNING] Running in "debug" mode. Switch to "release" mode in production.
 - using env:	export GIN_MODE=release
 - using code:	gin.SetMode(gin.ReleaseMode)

[GIN-debug] POST   /api/auth/register        --> github.com/Wh0rigin/GraduationProject/controller.RegisterController (4 handlers)
[GIN-debug] POST   /api/auth/login           --> github.com/Wh0rigin/GraduationProject/controller.LoginController (4 handlers)
[GIN-debug] GET    /api/auth/detail          --> github.com/Wh0rigin/GraduationProject/controller.DetailController (5 handlers)
[GIN-debug] POST   /api/book/create          --> github.com/Wh0rigin/GraduationProject/controller.CreateBookController (5 handlers)
[GIN-debug] DELETE /api/book/delete          --> github.com/Wh0rigin/GraduationProject/controller.DeleteBookController (5 handlers)
[GIN-debug] GET    /api/book/all             --> github.com/Wh0rigin/GraduationProject/controller.AllBookController (5 handlers)
[GIN-debug] GET    /api/book/all/nondto      --> github.com/Wh0rigin/GraduationProject/controller.AllBookNonDto (5 handlers)
[GIN-debug] GET    /api/book/number/all      --> github.com/Wh0rigin/GraduationProject/controller.GetAllBookNumber (5 handlers)
[GIN-debug] GET    /api/book/number/rent     --> github.com/Wh0rigin/GraduationProject/controller.GetRentBookNumber (5 handlers)
[GIN-debug] GET    /api/book/number/available --> github.com/Wh0rigin/GraduationProject/controller.GetAvailableBookNumber (5 handlers)
[GIN-debug] POST   /api/book/add             --> github.com/Wh0rigin/GraduationProject/controller.AddBookController (5 handlers)
[GIN-debug] POST   /api/book/reduce          --> github.com/Wh0rigin/GraduationProject/controller.ReduceBookController (5 handlers)
[GIN-debug] POST   /api/book/rent            --> github.com/Wh0rigin/GraduationProject/controller.RentBookController (5 handlers)
[GIN-debug] POST   /api/book/return          --> github.com/Wh0rigin/GraduationProject/controller.ReturnBookController (5 handlers)
[GIN-debug] GET    /api/book/select/isbn/:isbn --> github.com/Wh0rigin/GraduationProject/controller.SelectBookController (5 handlers)
[GIN-debug] GET    /api/book/select/nondto/isbn/:isbn --> github.com/Wh0rigin/GraduationProject/controller.SelectBookNonDto (5 handlers)
[GIN-debug] GET    /api/sensor/all/:type     --> github.com/Wh0rigin/GraduationProject/controller.AllSensorDataController (5 handlers)
[GIN-debug] GET    /api/sensor/recent/:type/:limit --> github.com/Wh0rigin/GraduationProject/controller.RecentSensorDataController (5 handlers)
[GIN-debug] POST   /api/actuator/control     --> github.com/Wh0rigin/GraduationProject/controller.ControlController (5 handlers)
[GIN-debug] GET    /api/sensor/all/non/filtrate --> github.com/Wh0rigin/GraduationProject/controller.GetAllSensorDataNonFiltrate (5 handlers)
[GIN-debug] GET    /api/sensor/all/page      --> github.com/Wh0rigin/GraduationProject/controller.GetAllSensorDataLimit (5 handlers)
[GIN-debug] POST   /api/manager/login        --> github.com/Wh0rigin/GraduationProject/controller.ManagerLoginController (4 handlers)
[GIN-debug] POST   /api/manager/logout       --> github.com/Wh0rigin/GraduationProject/controller.LogoutController (4 handlers)
[GIN-debug] GET    /api/manager/all/user     --> github.com/Wh0rigin/GraduationProject/controller.GetAllUser (5 handlers)
[GIN-debug] POST   /api/manager/delete/user  --> github.com/Wh0rigin/GraduationProject/controller.DeleteUser (5 handlers)
[GIN-debug] POST   /api/manager/update/user  --> github.com/Wh0rigin/GraduationProject/controller.UpdateUser (5 handlers)
[GIN-debug] GET    /swagger/*any             --> github.com/swaggo/gin-swagger.CustomWrapHandler.func1 (4 handlers)
[GIN-debug] [WARNING] You trusted all proxies, this is NOT safe. We recommend you to set a value.
Please check https://pkg.go.dev/github.com/gin-gonic/gin#readme-don-t-trust-all-proxies for details.
[GIN-debug] Listening and serving HTTP on :8080
[GIN] 2022/10/26 - 11:55:16 | 200 |     53.2452ms |             ::1 | POST     "/api/manager/login"
[GIN] 2022/10/26 - 11:55:16 | 204 |            0s |             ::1 | OPTIONS  "/api/auth/detail"
[GIN] 2022/10/26 - 11:55:16 | 200 |      1.3863ms |             ::1 | GET      "/api/auth/detail"
[GIN] 2022/10/26 - 11:55:16 | 204 |            0s |             ::1 | OPTIONS  "/api/sensor/recent/temperature/undefined"
[GIN] 2022/10/26 - 11:55:16 | 200 |       800.4µs |             ::1 | GET      "/api/sensor/recent/temperature/undefined"
[GIN] 2022/10/26 - 11:55:28 | 204 |            0s |             ::1 | OPTIONS  "/api/auth/detail"
[GIN] 2022/10/26 - 11:55:28 | 200 |       657.5µs |             ::1 | GET      "/api/auth/detail"
[GIN] 2022/10/26 - 11:55:29 | 204 |            0s |             ::1 | OPTIONS  "/api/sensor/recent/temperature/undefined"
[GIN] 2022/10/26 - 11:55:29 | 200 |      1.6395ms |             ::1 | GET      "/api/sensor/recent/temperature/undefined"
[GIN] 2022/10/26 - 11:55:57 | 204 |            0s |             ::1 | OPTIONS  "/api/sensor/recent/temperature/undefined"
[GIN] 2022/10/26 - 11:55:57 | 200 |      1.5548ms |             ::1 | GET      "/api/sensor/recent/temperature/undefined"
[GIN] 2022/10/26 - 11:56:07 | 204 |            0s |             ::1 | OPTIONS  "/api/sensor/recent/temperature/undefined"
[GIN] 2022/10/26 - 11:56:07 | 200 |      1.7013ms |             ::1 | GET      "/api/sensor/recent/temperature/undefined"
[GIN] 2022/10/26 - 11:56:12 | 200 |       808.5µs |             ::1 | GET      "/api/sensor/recent/temperature/undefined"
[GIN] 2022/10/26 - 11:56:44 | 204 |            0s |             ::1 | OPTIONS  "/api/sensor/recent/temperature/6"
[GIN] 2022/10/26 - 11:56:44 | 200 |      1.6781ms |             ::1 | GET      "/api/sensor/recent/temperature/6"
[GIN] 2022/10/26 - 11:57:23 | 204 |            0s |             ::1 | OPTIONS  "/api/sensor/recent/temperature/6"
[GIN] 2022/10/26 - 11:57:23 | 200 |      1.3192ms |             ::1 | GET      "/api/sensor/recent/temperature/6"
[GIN] 2022/10/26 - 11:57:31 | 204 |            0s |             ::1 | OPTIONS  "/api/sensor/recent/temperature/6"
[GIN] 2022/10/26 - 11:57:31 | 200 |      1.6461ms |             ::1 | GET      "/api/sensor/recent/temperature/6"
