[GIN-debug] [WARNING] Creating an Engine instance with the Logger and Recovery middleware already attached.

[GIN-debug] [WARNING] Running in "debug" mode. Switch to "release" mode in production.
 - using env:	export GIN_MODE=release
 - using code:	gin.SetMode(gin.ReleaseMode)

[GIN-debug] POST   /api/auth/register        --> github.com/Wh0rigin/GraduationProject/controller.RegisterController (4 handlers)
[GIN-debug] POST   /api/auth/login           --> github.com/Wh0rigin/GraduationProject/controller.LoginController (4 handlers)
[GIN-debug] GET    /api/auth/detail          --> github.com/Wh0rigin/GraduationProject/controller.DetailController (5 handlers)
[GIN-debug] POST   /api/book/create          --> github.com/Wh0rigin/GraduationProject/controller.CreateBookController (5 handlers)
[GIN-debug] DELETE /api/book/delete          --> github.com/Wh0rigin/GraduationProject/controller.DeleteBookController (5 handlers)
[GIN-debug] GET    /api/book/all             --> github.com/Wh0rigin/GraduationProject/controller.AllBookController (5 handlers)
[GIN-debug] GET    /api/book/all/nondto      --> github.com/Wh0rigin/GraduationProject/controller.AllBookNonDto (5 handlers)
[GIN-debug] GET    /api/book/number/all      --> github.com/Wh0rigin/GraduationProject/controller.GetAllBookNumber (5 handlers)
[GIN-debug] GET    /api/book/number/rent     --> github.com/Wh0rigin/GraduationProject/controller.GetRentBookNumber (5 handlers)
[GIN-debug] GET    /api/book/number/available --> github.com/Wh0rigin/GraduationProject/controller.GetAvailableBookNumber (5 handlers)
[GIN-debug] POST   /api/book/add             --> github.com/Wh0rigin/GraduationProject/controller.AddBookController (5 handlers)
[GIN-debug] POST   /api/book/reduce          --> github.com/Wh0rigin/GraduationProject/controller.ReduceBookController (5 handlers)
[GIN-debug] POST   /api/book/rent            --> github.com/Wh0rigin/GraduationProject/controller.RentBookController (5 handlers)
[GIN-debug] POST   /api/book/return          --> github.com/Wh0rigin/GraduationProject/controller.ReturnBookController (5 handlers)
[GIN-debug] GET    /api/book/select/isbn/:isbn --> github.com/Wh0rigin/GraduationProject/controller.SelectBookController (5 handlers)
[GIN-debug] GET    /api/book/select/nondto/isbn/:isbn --> github.com/Wh0rigin/GraduationProject/controller.SelectBookNonDto (5 handlers)
[GIN-debug] GET    /api/sensor/all/:type     --> github.com/Wh0rigin/GraduationProject/controller.AllSensorDataController (5 handlers)
[GIN-debug] GET    /api/sensor/recent/:type/:limit --> github.com/Wh0rigin/GraduationProject/controller.RecentSensorDataController (5 handlers)
[GIN-debug] POST   /api/actuator/control     --> github.com/Wh0rigin/GraduationProject/controller.ControlController (5 handlers)
[GIN-debug] GET    /api/sensor/all/non/filtrate --> github.com/Wh0rigin/GraduationProject/controller.GetAllSensorDataNonFiltrate (5 handlers)
[GIN-debug] GET    /api/sensor/all/page      --> github.com/Wh0rigin/GraduationProject/controller.GetAllSensorDataLimit (5 handlers)
[GIN-debug] POST   /api/manager/login        --> github.com/Wh0rigin/GraduationProject/controller.ManagerLoginController (4 handlers)
[GIN-debug] POST   /api/manager/logout       --> github.com/Wh0rigin/GraduationProject/controller.LogoutController (4 handlers)
[GIN-debug] GET    /api/manager/all/user     --> github.com/Wh0rigin/GraduationProject/controller.GetAllUser (5 handlers)
[GIN-debug] POST   /api/manager/delete/user  --> github.com/Wh0rigin/GraduationProject/controller.DeleteUser (5 handlers)
[GIN-debug] POST   /api/manager/update/user  --> github.com/Wh0rigin/GraduationProject/controller.UpdateUser (5 handlers)
[GIN-debug] GET    /swagger/*any             --> github.com/swaggo/gin-swagger.CustomWrapHandler.func1 (4 handlers)
[GIN-debug] [WARNING] You trusted all proxies, this is NOT safe. We recommend you to set a value.
Please check https://pkg.go.dev/github.com/gin-gonic/gin#readme-don-t-trust-all-proxies for details.
[GIN-debug] Listening and serving HTTP on :8080
[GIN] 2022/10/26 - 10:40:17 | 204 |            0s |             ::1 | OPTIONS  "/api/book/all/nondto?page=1&limit=20&sort=%2Bid&isbn=1"
[GIN] 2022/10/26 - 10:40:17 | 200 |      1.4772ms |             ::1 | GET      "/api/book/all/nondto?page=1&limit=20&sort=%2Bid&isbn=1"
[GIN] 2022/10/26 - 10:40:19 | 204 |            0s |             ::1 | OPTIONS  "/api/book/all/nondto?page=1&limit=20&sort=%2Bid&isbn=23"
[GIN] 2022/10/26 - 10:40:19 | 200 |      2.7395ms |             ::1 | GET      "/api/book/all/nondto?page=1&limit=20&sort=%2Bid&isbn=23"
[GIN] 2022/10/26 - 10:40:21 | 204 |            0s |             ::1 | OPTIONS  "/api/book/all/nondto?page=1&limit=20&sort=%2Bid&isbn=3"
[GIN] 2022/10/26 - 10:40:21 | 200 |      1.7134ms |             ::1 | GET      "/api/book/all/nondto?page=1&limit=20&sort=%2Bid&isbn=3"
[GIN] 2022/10/26 - 10:40:26 | 204 |            0s |             ::1 | OPTIONS  "/api/book/all/nondto?page=1&limit=20&sort=%2Bid&isbn="
[GIN] 2022/10/26 - 10:40:26 | 200 |      1.3114ms |             ::1 | GET      "/api/book/all/nondto?page=1&limit=20&sort=%2Bid&isbn="
[GIN] 2022/10/26 - 10:56:38 | 204 |            0s |             ::1 | OPTIONS  "/api/manager/all/user?page=1&limit=20&sort=%2Bid"
[GIN] 2022/10/26 - 10:56:38 | 200 |      1.5692ms |             ::1 | GET      "/api/manager/all/user?page=1&limit=20&sort=%2Bid"
[GIN] 2022/10/26 - 10:56:39 | 204 |            0s |             ::1 | OPTIONS  "/api/book/all/nondto?page=1&limit=20&sort=%2Bid"
[GIN] 2022/10/26 - 10:56:39 | 200 |      2.2386ms |             ::1 | GET      "/api/book/all/nondto?page=1&limit=20&sort=%2Bid"
