[GIN-debug] [WARNING] Creating an Engine instance with the Logger and Recovery middleware already attached.

[GIN-debug] [WARNING] Running in "debug" mode. Switch to "release" mode in production.
 - using env:	export GIN_MODE=release
 - using code:	gin.SetMode(gin.ReleaseMode)

[GIN-debug] POST   /api/auth/register        --> github.com/Wh0rigin/GraduationProject/controller.RegisterController (4 handlers)
[GIN-debug] POST   /api/auth/login           --> github.com/Wh0rigin/GraduationProject/controller.LoginController (4 handlers)
[GIN-debug] GET    /api/auth/detail          --> github.com/Wh0rigin/GraduationProject/controller.DetailController (5 handlers)
[GIN-debug] POST   /api/book/create          --> github.com/Wh0rigin/GraduationProject/controller.CreateBookController (5 handlers)
[GIN-debug] DELETE /api/book/delete          --> github.com/Wh0rigin/GraduationProject/controller.DeleteBookController (5 handlers)
[GIN-debug] GET    /api/book/all             --> github.com/Wh0rigin/GraduationProject/controller.AllBookController (5 handlers)
[GIN-debug] GET    /api/book/all/nondto      --> github.com/Wh0rigin/GraduationProject/controller.AllBookNonDto (5 handlers)
[GIN-debug] GET    /api/book/number/all      --> github.com/Wh0rigin/GraduationProject/controller.GetAllBookNumber (5 handlers)
[GIN-debug] GET    /api/book/number/rent     --> github.com/Wh0rigin/GraduationProject/controller.GetRentBookNumber (5 handlers)
[GIN-debug] GET    /api/book/number/available --> github.com/Wh0rigin/GraduationProject/controller.GetAvailableBookNumber (5 handlers)
[GIN-debug] POST   /api/book/add             --> github.com/Wh0rigin/GraduationProject/controller.AddBookController (5 handlers)
[GIN-debug] POST   /api/book/reduce          --> github.com/Wh0rigin/GraduationProject/controller.ReduceBookController (5 handlers)
[GIN-debug] POST   /api/book/rent            --> github.com/Wh0rigin/GraduationProject/controller.RentBookController (5 handlers)
[GIN-debug] POST   /api/book/return          --> github.com/Wh0rigin/GraduationProject/controller.ReturnBookController (5 handlers)
[GIN-debug] GET    /api/book/select/isbn/:isbn --> github.com/Wh0rigin/GraduationProject/controller.SelectBookController (5 handlers)
[GIN-debug] GET    /api/book/select/nondto/isbn/:isbn --> github.com/Wh0rigin/GraduationProject/controller.SelectBookNonDto (5 handlers)
[GIN-debug] GET    /api/sensor/all/:type     --> github.com/Wh0rigin/GraduationProject/controller.AllSensorDataController (5 handlers)
[GIN-debug] GET    /api/sensor/recent/:type/:limit --> github.com/Wh0rigin/GraduationProject/controller.RecentSensorDataController (5 handlers)
[GIN-debug] POST   /api/actuator/control     --> github.com/Wh0rigin/GraduationProject/controller.ControlController (5 handlers)
[GIN-debug] GET    /api/sensor/all/non/filtrate --> github.com/Wh0rigin/GraduationProject/controller.GetAllSensorDataNonFiltrate (5 handlers)
[GIN-debug] GET    /api/sensor/all/page      --> github.com/Wh0rigin/GraduationProject/controller.GetAllSensorDataLimit (5 handlers)
[GIN-debug] POST   /api/manager/login        --> github.com/Wh0rigin/GraduationProject/controller.ManagerLoginController (4 handlers)
[GIN-debug] POST   /api/manager/logout       --> github.com/Wh0rigin/GraduationProject/controller.LogoutController (4 handlers)
[GIN-debug] GET    /api/manager/all/user     --> github.com/Wh0rigin/GraduationProject/controller.GetAllUser (5 handlers)
[GIN-debug] POST   /api/manager/delete/user  --> github.com/Wh0rigin/GraduationProject/controller.DeleteUser (5 handlers)
[GIN-debug] POST   /api/manager/update/user  --> github.com/Wh0rigin/GraduationProject/controller.UpdateUser (5 handlers)
[GIN-debug] GET    /swagger/*any             --> github.com/swaggo/gin-swagger.CustomWrapHandler.func1 (4 handlers)
[GIN-debug] [WARNING] You trusted all proxies, this is NOT safe. We recommend you to set a value.
Please check https://pkg.go.dev/github.com/gin-gonic/gin#readme-don-t-trust-all-proxies for details.
[GIN-debug] Listening and serving HTTP on :8080
[GIN] 2022/10/26 - 10:02:25 | 204 |            0s |             ::1 | OPTIONS  "/api/sensor/all/page?page=1&limit=20&sort=%2Bid"
[GIN] 2022/10/26 - 10:02:25 | 200 |      1.4144ms |             ::1 | GET      "/api/sensor/all/page?page=1&limit=20&sort=%2Bid"
[GIN] 2022/10/26 - 10:02:28 | 204 |            0s |             ::1 | OPTIONS  "/api/sensor/all/page?page=1&limit=20&type=humidity&sort=%2Bid"
[GIN] 2022/10/26 - 10:02:28 | 200 |      1.9625ms |             ::1 | GET      "/api/sensor/all/page?page=1&limit=20&type=humidity&sort=%2Bid"
[GIN] 2022/10/26 - 10:02:36 | 204 |            0s |             ::1 | OPTIONS  "/api/sensor/all/page?page=1&limit=20&type=temperature&sort=%2Bid"
[GIN] 2022/10/26 - 10:02:36 | 200 |      1.4189ms |             ::1 | GET      "/api/sensor/all/page?page=1&limit=20&type=temperature&sort=%2Bid"
[GIN] 2022/10/26 - 10:02:38 | 204 |            0s |             ::1 | OPTIONS  "/api/sensor/all/page?page=1&limit=20&type=lamp&sort=%2Bid"
[GIN] 2022/10/26 - 10:02:38 | 200 |      1.6338ms |             ::1 | GET      "/api/sensor/all/page?page=1&limit=20&type=lamp&sort=%2Bid"
[GIN] 2022/10/26 - 10:02:45 | 204 |            0s |             ::1 | OPTIONS  "/api/sensor/all/page?page=1&limit=20&type=&sort=%2Bid"
[GIN] 2022/10/26 - 10:02:45 | 200 |       825.2µs |             ::1 | GET      "/api/sensor/all/page?page=1&limit=20&type=&sort=%2Bid"
[GIN] 2022/10/26 - 10:04:33 | 204 |            0s |             ::1 | OPTIONS  "/api/book/all/nondto"
[GIN] 2022/10/26 - 10:04:33 | 200 |      2.7066ms |             ::1 | GET      "/api/book/all/nondto"
[GIN] 2022/10/26 - 10:05:06 | 204 |            0s |             ::1 | OPTIONS  "/api/sensor/all/page?page=1&limit=20&sort=%2Bid"
[GIN] 2022/10/26 - 10:05:06 | 200 |       864.4µs |             ::1 | GET      "/api/sensor/all/page?page=1&limit=20&sort=%2Bid"
[GIN] 2022/10/26 - 10:05:07 | 200 |      1.4622ms |             ::1 | GET      "/api/sensor/all/page?page=1&limit=20&sort=%2Bid"
[GIN] 2022/10/26 - 10:05:13 | 204 |            0s |             ::1 | OPTIONS  "/api/sensor/all/page?page=1&limit=20&sort=%2Bid"
[GIN] 2022/10/26 - 10:05:13 | 200 |      1.5156ms |             ::1 | GET      "/api/sensor/all/page?page=1&limit=20&sort=%2Bid"
[GIN] 2022/10/26 - 10:05:18 | 204 |            0s |             ::1 | OPTIONS  "/api/sensor/all/page?page=1&limit=20&sort=-id"
[GIN] 2022/10/26 - 10:05:18 | 200 |       676.7µs |             ::1 | GET      "/api/sensor/all/page?page=1&limit=20&sort=-id"
[GIN] 2022/10/26 - 10:05:20 | 200 |      1.6609ms |             ::1 | GET      "/api/sensor/all/page?page=1&limit=20&sort=-id"
[GIN] 2022/10/26 - 10:05:28 | 204 |            0s |             ::1 | OPTIONS  "/api/sensor/all/page?page=1&limit=20&sort=-id"
[GIN] 2022/10/26 - 10:05:28 | 200 |      2.1488ms |             ::1 | GET      "/api/sensor/all/page?page=1&limit=20&sort=-id"
[GIN] 2022/10/26 - 10:05:29 | 200 |       758.2µs |             ::1 | GET      "/api/sensor/all/page?page=1&limit=20&sort=-id"
[GIN] 2022/10/26 - 10:05:29 | 200 |       2.145ms |             ::1 | GET      "/api/sensor/all/page?page=1&limit=20&sort=-id"
[GIN] 2022/10/26 - 10:05:30 | 200 |      1.4714ms |             ::1 | GET      "/api/sensor/all/page?page=1&limit=20&sort=-id"
[GIN] 2022/10/26 - 10:05:33 | 204 |            0s |             ::1 | OPTIONS  "/api/sensor/all/page?page=1&limit=20&sort=%2Bid"
[GIN] 2022/10/26 - 10:05:33 | 200 |      1.3239ms |             ::1 | GET      "/api/sensor/all/page?page=1&limit=20&sort=%2Bid"
[GIN] 2022/10/26 - 10:05:33 | 200 |      2.1886ms |             ::1 | GET      "/api/sensor/all/page?page=1&limit=20&sort=%2Bid"
[GIN] 2022/10/26 - 10:05:53 | 204 |            0s |             ::1 | OPTIONS  "/api/sensor/all/page?page=1&limit=20&sort=-id"
[GIN] 2022/10/26 - 10:05:53 | 200 |      1.3577ms |             ::1 | GET      "/api/sensor/all/page?page=1&limit=20&sort=-id"
[GIN] 2022/10/26 - 10:05:53 | 200 |      1.4827ms |             ::1 | GET      "/api/sensor/all/page?page=1&limit=20&sort=-id"
[GIN] 2022/10/26 - 10:06:01 | 204 |            0s |             ::1 | OPTIONS  "/api/sensor/all/page?page=1&limit=20&sort=%2Bid"
[GIN] 2022/10/26 - 10:06:01 | 200 |       2.247ms |             ::1 | GET      "/api/sensor/all/page?page=1&limit=20&sort=%2Bid"
[GIN] 2022/10/26 - 10:06:01 | 200 |       742.7µs |             ::1 | GET      "/api/sensor/all/page?page=1&limit=20&sort=%2Bid"
[GIN] 2022/10/26 - 10:06:51 | 204 |            0s |             ::1 | OPTIONS  "/api/sensor/all/page?page=1&limit=20&sort=-id"
[GIN] 2022/10/26 - 10:06:51 | 200 |      1.0461ms |             ::1 | GET      "/api/sensor/all/page?page=1&limit=20&sort=-id"
[GIN] 2022/10/26 - 10:06:54 | 204 |            0s |             ::1 | OPTIONS  "/api/sensor/all/page?page=1&limit=20&sort=%2Bid"
[GIN] 2022/10/26 - 10:06:54 | 200 |      2.4153ms |             ::1 | GET      "/api/sensor/all/page?page=1&limit=20&sort=%2Bid"
[GIN] 2022/10/26 - 10:06:57 | 204 |            0s |             ::1 | OPTIONS  "/api/sensor/all/page?page=1&limit=20&sort=-id"
[GIN] 2022/10/26 - 10:06:57 | 200 |      1.8968ms |             ::1 | GET      "/api/sensor/all/page?page=1&limit=20&sort=-id"
[GIN] 2022/10/26 - 10:06:58 | 200 |       935.7µs |             ::1 | GET      "/api/sensor/all/page?page=1&limit=20&sort=-id"
[GIN] 2022/10/26 - 10:06:59 | 200 |       652.1µs |             ::1 | GET      "/api/sensor/all/page?page=1&limit=20&sort=%2Bid"
[GIN] 2022/10/26 - 10:06:59 | 200 |      1.9457ms |             ::1 | GET      "/api/sensor/all/page?page=1&limit=20&sort=-id"
[GIN] 2022/10/26 - 10:07:00 | 204 |            0s |             ::1 | OPTIONS  "/api/sensor/all/page?page=1&limit=20&sort=%2Bid"
[GIN] 2022/10/26 - 10:07:00 | 200 |       758.1µs |             ::1 | GET      "/api/sensor/all/page?page=1&limit=20&sort=%2Bid"
[GIN] 2022/10/26 - 10:07:01 | 200 |      1.3244ms |             ::1 | GET      "/api/sensor/all/page?page=1&limit=20&sort=-id"
