[GIN-debug] [WARNING] Creating an Engine instance with the Logger and Recovery middleware already attached.

[GIN-debug] [WARNING] Running in "debug" mode. Switch to "release" mode in production.
 - using env:	export GIN_MODE=release
 - using code:	gin.SetMode(gin.ReleaseMode)

[GIN-debug] POST   /api/auth/register        --> github.com/Wh0rigin/GraduationProject/controller.RegisterController (4 handlers)
[GIN-debug] POST   /api/auth/login           --> github.com/Wh0rigin/GraduationProject/controller.LoginController (4 handlers)
[GIN-debug] GET    /api/auth/detail          --> github.com/Wh0rigin/GraduationProject/controller.DetailController (5 handlers)
[GIN-debug] POST   /api/book/create          --> github.com/Wh0rigin/GraduationProject/controller.CreateBookController (5 handlers)
[GIN-debug] DELETE /api/book/delete          --> github.com/Wh0rigin/GraduationProject/controller.DeleteBookController (5 handlers)
[GIN-debug] GET    /api/book/all             --> github.com/Wh0rigin/GraduationProject/controller.AllBookController (5 handlers)
[GIN-debug] GET    /api/book/all/nondto      --> github.com/Wh0rigin/GraduationProject/controller.AllBookNonDto (5 handlers)
[GIN-debug] GET    /api/book/number/all      --> github.com/Wh0rigin/GraduationProject/controller.GetAllBookNumber (5 handlers)
[GIN-debug] GET    /api/book/number/rent     --> github.com/Wh0rigin/GraduationProject/controller.GetRentBookNumber (5 handlers)
[GIN-debug] GET    /api/book/number/available --> github.com/Wh0rigin/GraduationProject/controller.GetAvailableBookNumber (5 handlers)
[GIN-debug] POST   /api/book/add             --> github.com/Wh0rigin/GraduationProject/controller.AddBookController (5 handlers)
[GIN-debug] POST   /api/book/reduce          --> github.com/Wh0rigin/GraduationProject/controller.ReduceBookController (5 handlers)
[GIN-debug] POST   /api/book/rent            --> github.com/Wh0rigin/GraduationProject/controller.RentBookController (5 handlers)
[GIN-debug] POST   /api/book/return          --> github.com/Wh0rigin/GraduationProject/controller.ReturnBookController (5 handlers)
[GIN-debug] GET    /api/book/select/isbn/:isbn --> github.com/Wh0rigin/GraduationProject/controller.SelectBookController (5 handlers)
[GIN-debug] GET    /api/sensor/all/:type     --> github.com/Wh0rigin/GraduationProject/controller.AllSensorDataController (5 handlers)
[GIN-debug] GET    /api/sensor/recent/:type/:limit --> github.com/Wh0rigin/GraduationProject/controller.RecentSensorDataController (5 handlers)
[GIN-debug] POST   /api/actuator/control     --> github.com/Wh0rigin/GraduationProject/controller.ControlController (5 handlers)
[GIN-debug] POST   /api/manager/login        --> github.com/Wh0rigin/GraduationProject/controller.ManagerLoginController (4 handlers)
[GIN-debug] POST   /api/manager/logout       --> github.com/Wh0rigin/GraduationProject/controller.LogoutController (4 handlers)
[GIN-debug] GET    /api/manager/all/user     --> github.com/Wh0rigin/GraduationProject/controller.GetAllUser (5 handlers)
[GIN-debug] POST   /api/manager/delete/user  --> github.com/Wh0rigin/GraduationProject/controller.DeleteUser (5 handlers)
[GIN-debug] POST   /api/manager/update/user  --> github.com/Wh0rigin/GraduationProject/controller.UpdateUser (5 handlers)
[GIN-debug] GET    /swagger/*any             --> github.com/swaggo/gin-swagger.CustomWrapHandler.func1 (4 handlers)
[GIN-debug] [WARNING] You trusted all proxies, this is NOT safe. We recommend you to set a value.
Please check https://pkg.go.dev/github.com/gin-gonic/gin#readme-don-t-trust-all-proxies for details.
[GIN-debug] Listening and serving HTTP on :8080
[GIN] 2022/10/25 - 22:49:33 | 200 |      51.015ms |             ::1 | POST     "/api/manager/login"
[GIN] 2022/10/25 - 22:49:33 | 204 |            0s |             ::1 | OPTIONS  "/api/auth/detail"
[GIN] 2022/10/25 - 22:49:33 | 200 |      1.5077ms |             ::1 | GET      "/api/auth/detail"
[GIN] 2022/10/25 - 22:49:33 | 204 |            0s |             ::1 | OPTIONS  "/api/book/all"
[GIN] 2022/10/25 - 22:49:33 | 204 |            0s |             ::1 | OPTIONS  "/api/book/number/all"
[GIN] 2022/10/25 - 22:49:33 | 200 |      2.3294ms |             ::1 | GET      "/api/book/all"
[GIN] 2022/10/25 - 22:49:33 | 200 |      1.9024ms |             ::1 | GET      "/api/book/number/all"
[GIN] 2022/10/25 - 22:49:33 | 204 |            0s |             ::1 | OPTIONS  "/api/book/number/rent"
[GIN] 2022/10/25 - 22:49:33 | 200 |      2.1095ms |             ::1 | GET      "/api/book/number/rent"
[GIN] 2022/10/25 - 22:49:33 | 204 |            0s |             ::1 | OPTIONS  "/api/book/number/available"
[GIN] 2022/10/25 - 22:49:33 | 200 |       1.057ms |             ::1 | GET      "/api/book/number/available"
[GIN] 2022/10/25 - 22:49:39 | 204 |            0s |             ::1 | OPTIONS  "/api/manager/all/user"
[GIN] 2022/10/25 - 22:49:39 | 200 |       779.6µs |             ::1 | GET      "/api/manager/all/user"
[GIN] 2022/10/25 - 22:49:41 | 204 |            0s |             ::1 | OPTIONS  "/api/book/all/nondto"
[GIN] 2022/10/25 - 22:49:41 | 200 |       999.8µs |             ::1 | GET      "/api/book/all/nondto"
[GIN] 2022/10/25 - 22:49:50 | 204 |            0s |             ::1 | OPTIONS  "/api/book/delete"
[GIN] 2022/10/25 - 22:49:50 | 200 |      2.3064ms |             ::1 | DELETE   "/api/book/delete"
[GIN] 2022/10/25 - 22:52:55 | 204 |            0s |             ::1 | OPTIONS  "/api/auth/detail"
[GIN] 2022/10/25 - 22:52:55 | 200 |       838.8µs |             ::1 | GET      "/api/auth/detail"
[GIN] 2022/10/25 - 22:52:55 | 204 |            0s |             ::1 | OPTIONS  "/api/book/all/nondto"
[GIN] 2022/10/25 - 22:52:55 | 200 |       793.5µs |             ::1 | GET      "/api/book/all/nondto"
[GIN] 2022/10/25 - 22:53:55 | 204 |            0s |             ::1 | OPTIONS  "/api/book/delete"
[GIN-debug] error on parse multipart form array: no multipart boundary param in Content-Type
[GIN] 2022/10/25 - 22:53:55 | 200 |       2.122ms |             ::1 | DELETE   "/api/book/delete"
[GIN] 2022/10/25 - 22:54:14 | 204 |            0s |             ::1 | OPTIONS  "/api/book/all/nondto"
[GIN] 2022/10/25 - 22:54:14 | 200 |      1.3893ms |             ::1 | GET      "/api/book/all/nondto"
[GIN] 2022/10/25 - 22:54:16 | 204 |            0s |             ::1 | OPTIONS  "/api/book/delete"
[GIN] 2022/10/25 - 22:54:16 | 200 |      2.4214ms |             ::1 | DELETE   "/api/book/delete"
[GIN] 2022/10/25 - 23:01:41 | 204 |            0s |             ::1 | OPTIONS  "/api/book/all/nondto"
[GIN] 2022/10/25 - 23:01:41 | 200 |      2.0029ms |             ::1 | GET      "/api/book/all/nondto"
[GIN] 2022/10/25 - 23:01:43 | 204 |            0s |             ::1 | OPTIONS  "/api/book/delete"
[GIN] 2022/10/25 - 23:01:43 | 200 |      2.3846ms |             ::1 | DELETE   "/api/book/delete"
[GIN] 2022/10/25 - 23:05:27 | 204 |            0s |             ::1 | OPTIONS  "/api/auth/detail"
[GIN] 2022/10/25 - 23:05:27 | 200 |      1.2622ms |             ::1 | GET      "/api/auth/detail"
[GIN] 2022/10/25 - 23:05:27 | 204 |            0s |             ::1 | OPTIONS  "/api/book/all/nondto"
[GIN] 2022/10/25 - 23:05:27 | 200 |      2.4003ms |             ::1 | GET      "/api/book/all/nondto"
[GIN] 2022/10/25 - 23:05:34 | 204 |            0s |             ::1 | OPTIONS  "/api/book/all/nondto"
[GIN] 2022/10/25 - 23:05:34 | 200 |        2.06ms |             ::1 | GET      "/api/book/all/nondto"
[GIN] 2022/10/25 - 23:05:36 | 204 |            0s |             ::1 | OPTIONS  "/api/book/delete"
[GIN] 2022/10/25 - 23:05:36 | 200 |      1.8403ms |             ::1 | DELETE   "/api/book/delete"
[GIN] 2022/10/25 - 23:06:27 | 204 |            0s |             ::1 | OPTIONS  "/api/book/all/nondto"
[GIN] 2022/10/25 - 23:06:27 | 200 |       839.5µs |             ::1 | GET      "/api/book/all/nondto"
[GIN] 2022/10/25 - 23:06:28 | 204 |            0s |             ::1 | OPTIONS  "/api/book/delete"
[GIN] 2022/10/25 - 23:06:28 | 200 |      2.3064ms |             ::1 | DELETE   "/api/book/delete"
[GIN] 2022/10/25 - 23:08:01 | 204 |            0s |             ::1 | OPTIONS  "/api/book/all/nondto"
[GIN] 2022/10/25 - 23:08:01 | 200 |      1.3296ms |             ::1 | GET      "/api/book/all/nondto"
[GIN] 2022/10/25 - 23:08:02 | 204 |            0s |             ::1 | OPTIONS  "/api/book/delete?isbn=21425125"
[GIN] 2022/10/25 - 23:08:02 | 200 |       1.318ms |             ::1 | DELETE   "/api/book/delete?isbn=21425125"
[GIN] 2022/10/25 - 23:08:37 | 204 |            0s |             ::1 | OPTIONS  "/api/book/delete?isbn=21425125"
[GIN] 2022/10/25 - 23:08:37 | 200 |       2.409ms |             ::1 | DELETE   "/api/book/delete?isbn=21425125"
[GIN] 2022/10/25 - 23:08:49 | 204 |            0s |             ::1 | OPTIONS  "/api/book/all/nondto"
[GIN] 2022/10/25 - 23:08:49 | 200 |      1.3472ms |             ::1 | GET      "/api/book/all/nondto"
[GIN] 2022/10/25 - 23:08:51 | 204 |            0s |             ::1 | OPTIONS  "/api/book/delete?0=isbn%3D21425125"
[GIN] 2022/10/25 - 23:08:51 | 200 |      1.3303ms |             ::1 | DELETE   "/api/book/delete?0=isbn%3D21425125"
[GIN] 2022/10/25 - 23:09:23 | 204 |            0s |             ::1 | OPTIONS  "/api/book/all/nondto"
[GIN] 2022/10/25 - 23:09:23 | 200 |      2.1959ms |             ::1 | GET      "/api/book/all/nondto"
[GIN] 2022/10/25 - 23:09:24 | 204 |            0s |             ::1 | OPTIONS  "/api/book/delete?isbn=21425125"
[GIN] 2022/10/25 - 23:09:24 | 200 |        2.16ms |             ::1 | DELETE   "/api/book/delete?isbn=21425125"
