[GIN-debug] [WARNING] Creating an Engine instance with the Logger and Recovery middleware already attached.

[GIN-debug] [WARNING] Running in "debug" mode. Switch to "release" mode in production.
 - using env:	export GIN_MODE=release
 - using code:	gin.SetMode(gin.ReleaseMode)

[GIN-debug] POST   /api/auth/register        --> github.com/Wh0rigin/GraduationProject/controller.RegisterController (4 handlers)
[GIN-debug] POST   /api/auth/login           --> github.com/Wh0rigin/GraduationProject/controller.LoginController (4 handlers)
[GIN-debug] GET    /api/auth/detail          --> github.com/Wh0rigin/GraduationProject/controller.DetailController (5 handlers)
[GIN-debug] POST   /api/book/create          --> github.com/Wh0rigin/GraduationProject/controller.CreateBookController (5 handlers)
[GIN-debug] DELETE /api/book/delete          --> github.com/Wh0rigin/GraduationProject/controller.DeleteBookController (5 handlers)
[GIN-debug] GET    /api/book/all             --> github.com/Wh0rigin/GraduationProject/controller.AllBookController (5 handlers)
[GIN-debug] GET    /api/book/all/nondto      --> github.com/Wh0rigin/GraduationProject/controller.AllBookNonDto (5 handlers)
[GIN-debug] GET    /api/book/number/all      --> github.com/Wh0rigin/GraduationProject/controller.GetAllBookNumber (5 handlers)
[GIN-debug] GET    /api/book/number/rent     --> github.com/Wh0rigin/GraduationProject/controller.GetRentBookNumber (5 handlers)
[GIN-debug] GET    /api/book/number/available --> github.com/Wh0rigin/GraduationProject/controller.GetAvailableBookNumber (5 handlers)
[GIN-debug] POST   /api/book/add             --> github.com/Wh0rigin/GraduationProject/controller.AddBookController (5 handlers)
[GIN-debug] POST   /api/book/reduce          --> github.com/Wh0rigin/GraduationProject/controller.ReduceBookController (5 handlers)
[GIN-debug] POST   /api/book/rent            --> github.com/Wh0rigin/GraduationProject/controller.RentBookController (5 handlers)
[GIN-debug] POST   /api/book/return          --> github.com/Wh0rigin/GraduationProject/controller.ReturnBookController (5 handlers)
[GIN-debug] GET    /api/book/select/isbn/:isbn --> github.com/Wh0rigin/GraduationProject/controller.SelectBookController (5 handlers)
[GIN-debug] GET    /api/book/select/nondto/isbn/:isbn --> github.com/Wh0rigin/GraduationProject/controller.SelectBookNonDto (5 handlers)
[GIN-debug] GET    /api/sensor/all/:type     --> github.com/Wh0rigin/GraduationProject/controller.AllSensorDataController (5 handlers)
[GIN-debug] GET    /api/sensor/recent/:type/:limit --> github.com/Wh0rigin/GraduationProject/controller.RecentSensorDataController (5 handlers)
[GIN-debug] POST   /api/actuator/control     --> github.com/Wh0rigin/GraduationProject/controller.ControlController (5 handlers)
[GIN-debug] GET    /api/sensor/all/non/filtrate --> github.com/Wh0rigin/GraduationProject/controller.GetAllSensorDataNonFiltrate (5 handlers)
[GIN-debug] POST   /api/manager/login        --> github.com/Wh0rigin/GraduationProject/controller.ManagerLoginController (4 handlers)
[GIN-debug] POST   /api/manager/logout       --> github.com/Wh0rigin/GraduationProject/controller.LogoutController (4 handlers)
[GIN-debug] GET    /api/manager/all/user     --> github.com/Wh0rigin/GraduationProject/controller.GetAllUser (5 handlers)
[GIN-debug] POST   /api/manager/delete/user  --> github.com/Wh0rigin/GraduationProject/controller.DeleteUser (5 handlers)
[GIN-debug] POST   /api/manager/update/user  --> github.com/Wh0rigin/GraduationProject/controller.UpdateUser (5 handlers)
[GIN-debug] GET    /swagger/*any             --> github.com/swaggo/gin-swagger.CustomWrapHandler.func1 (4 handlers)
[GIN-debug] [WARNING] You trusted all proxies, this is NOT safe. We recommend you to set a value.
Please check https://pkg.go.dev/github.com/gin-gonic/gin#readme-don-t-trust-all-proxies for details.
[GIN-debug] Listening and serving HTTP on :8080
[GIN] 2022/10/26 - 09:39:44 | 204 |            0s |             ::1 | OPTIONS  "/api/sensor/all/non/filtrate"
[GIN] 2022/10/26 - 09:39:44 | 200 |      2.0344ms |             ::1 | GET      "/api/sensor/all/non/filtrate"
[GIN] 2022/10/26 - 09:41:22 | 204 |            0s |             ::1 | OPTIONS  "/api/sensor/all/non/filtrate"
[GIN] 2022/10/26 - 09:41:22 | 200 |      2.2477ms |             ::1 | GET      "/api/sensor/all/non/filtrate"
[GIN] 2022/10/26 - 09:41:54 | 204 |            0s |             ::1 | OPTIONS  "/api/sensor/all/non/filtrate"
[GIN] 2022/10/26 - 09:41:54 | 200 |      2.9043ms |             ::1 | GET      "/api/sensor/all/non/filtrate"
[GIN] 2022/10/26 - 09:42:14 | 204 |            0s |             ::1 | OPTIONS  "/api/sensor/all/non/filtrate"
[GIN] 2022/10/26 - 09:42:14 | 200 |      1.2167ms |             ::1 | GET      "/api/sensor/all/non/filtrate"
[GIN] 2022/10/26 - 09:42:46 | 204 |            0s |             ::1 | OPTIONS  "/api/sensor/all/non/filtrate"
[GIN] 2022/10/26 - 09:42:46 | 200 |      2.3028ms |             ::1 | GET      "/api/sensor/all/non/filtrate"
[GIN] 2022/10/26 - 09:43:57 | 204 |            0s |             ::1 | OPTIONS  "/api/sensor/all/non/filtrate"
[GIN] 2022/10/26 - 09:43:57 | 200 |      1.2453ms |             ::1 | GET      "/api/sensor/all/non/filtrate"
[GIN] 2022/10/26 - 09:44:08 | 204 |            0s |             ::1 | OPTIONS  "/api/auth/detail"
[GIN] 2022/10/26 - 09:44:08 | 200 |      1.4584ms |             ::1 | GET      "/api/auth/detail"
[GIN] 2022/10/26 - 09:44:08 | 204 |            0s |             ::1 | OPTIONS  "/api/sensor/all/non/filtrate"
[GIN] 2022/10/26 - 09:44:08 | 200 |      2.3106ms |             ::1 | GET      "/api/sensor/all/non/filtrate"
[GIN] 2022/10/26 - 09:45:00 | 204 |            0s |             ::1 | OPTIONS  "/api/sensor/all/non/filtrate"
[GIN] 2022/10/26 - 09:45:00 | 200 |      2.0548ms |             ::1 | GET      "/api/sensor/all/non/filtrate"
[GIN] 2022/10/26 - 09:45:09 | 204 |            0s |             ::1 | OPTIONS  "/api/sensor/all/non/filtrate"
[GIN] 2022/10/26 - 09:45:09 | 200 |      2.6439ms |             ::1 | GET      "/api/sensor/all/non/filtrate"
[GIN] 2022/10/26 - 09:45:20 | 204 |            0s |             ::1 | OPTIONS  "/api/sensor/all/non/filtrate"
[GIN] 2022/10/26 - 09:45:20 | 200 |      2.0455ms |             ::1 | GET      "/api/sensor/all/non/filtrate"
[GIN] 2022/10/26 - 09:47:31 | 204 |      1.0382ms |             ::1 | OPTIONS  "/api/sensor/all/non/filtrate"
[GIN] 2022/10/26 - 09:47:31 | 200 |      1.4807ms |             ::1 | GET      "/api/sensor/all/non/filtrate"
[GIN] 2022/10/26 - 09:47:34 | 200 |      1.1458ms |             ::1 | GET      "/api/sensor/all/non/filtrate"
[GIN] 2022/10/26 - 09:48:21 | 204 |            0s |             ::1 | OPTIONS  "/api/sensor/all/non/filtrate?page=1&limit=20&sort=%2Bid"
[GIN] 2022/10/26 - 09:48:21 | 200 |      2.3508ms |             ::1 | GET      "/api/sensor/all/non/filtrate?page=1&limit=20&sort=%2Bid"
[GIN] 2022/10/26 - 09:48:43 | 204 |            0s |             ::1 | OPTIONS  "/api/sensor/all/non/filtrate?page=1&limit=20&type=US&sort=%2Bid"
[GIN] 2022/10/26 - 09:48:43 | 200 |      1.2334ms |             ::1 | GET      "/api/sensor/all/non/filtrate?page=1&limit=20&type=US&sort=%2Bid"
[GIN] 2022/10/26 - 09:52:48 | 204 |            0s |             ::1 | OPTIONS  "/api/book/all/nondto"
[GIN] 2022/10/26 - 09:52:48 | 200 |      1.3367ms |             ::1 | GET      "/api/book/all/nondto"
[GIN] 2022/10/26 - 09:52:50 | 204 |            0s |             ::1 | OPTIONS  "/api/manager/all/user"
[GIN] 2022/10/26 - 09:52:50 | 200 |      1.4022ms |             ::1 | GET      "/api/manager/all/user"
[GIN] 2022/10/26 - 09:52:51 | 204 |            0s |             ::1 | OPTIONS  "/api/book/all"
[GIN] 2022/10/26 - 09:52:51 | 204 |            0s |             ::1 | OPTIONS  "/api/book/number/all"
[GIN] 2022/10/26 - 09:52:51 | 200 |      2.9272ms |             ::1 | GET      "/api/book/all"
[GIN] 2022/10/26 - 09:52:51 | 200 |       2.298ms |             ::1 | GET      "/api/book/number/all"
[GIN] 2022/10/26 - 09:52:51 | 204 |            0s |             ::1 | OPTIONS  "/api/book/number/rent"
[GIN] 2022/10/26 - 09:52:51 | 200 |      3.8012ms |             ::1 | GET      "/api/book/number/rent"
[GIN] 2022/10/26 - 09:52:51 | 204 |            0s |             ::1 | OPTIONS  "/api/book/number/available"
[GIN] 2022/10/26 - 09:52:51 | 200 |      1.2214ms |             ::1 | GET      "/api/book/number/available"
[GIN] 2022/10/26 - 09:52:53 | 204 |            0s |             ::1 | OPTIONS  "/api/sensor/all/non/filtrate?page=1&limit=20&sort=%2Bid"
[GIN] 2022/10/26 - 09:52:53 | 200 |      1.5137ms |             ::1 | GET      "/api/sensor/all/non/filtrate?page=1&limit=20&sort=%2Bid"
[GIN] 2022/10/26 - 09:53:15 | 204 |            0s |             ::1 | OPTIONS  "/api/sensor/all/non/filtrate?page=1&limit=20&sort=%2Bid"
[GIN] 2022/10/26 - 09:53:15 | 200 |      2.9261ms |             ::1 | GET      "/api/sensor/all/non/filtrate?page=1&limit=20&sort=%2Bid"
[GIN] 2022/10/26 - 09:55:27 | 204 |            0s |             ::1 | OPTIONS  "/api/book/all/nondto"
[GIN] 2022/10/26 - 09:55:27 | 200 |      1.5235ms |             ::1 | GET      "/api/book/all/nondto"
[GIN] 2022/10/26 - 09:55:29 | 204 |            0s |             ::1 | OPTIONS  "/api/manager/all/user"
[GIN] 2022/10/26 - 09:55:29 | 200 |       829.7µs |             ::1 | GET      "/api/manager/all/user"
[GIN] 2022/10/26 - 09:56:39 | 204 |            0s |             ::1 | OPTIONS  "/api/sensor/all/page?page=1&limit=20&sort=%2Bid"
[GIN] 2022/10/26 - 09:56:39 | 200 |      2.1347ms |             ::1 | GET      "/api/sensor/all/page?page=1&limit=20&sort=%2Bid"
[GIN] 2022/10/26 - 09:56:59 | 204 |            0s |             ::1 | OPTIONS  "/api/sensor/all/page?page=1&limit=20&sort=%2Bid"
[GIN] 2022/10/26 - 09:56:59 | 200 |       681.3µs |             ::1 | GET      "/api/sensor/all/page?page=1&limit=20&sort=%2Bid"
