[GIN-debug] [WARNING] Creating an Engine instance with the Logger and Recovery middleware already attached.

[GIN-debug] [WARNING] Running in "debug" mode. Switch to "release" mode in production.
 - using env:	export GIN_MODE=release
 - using code:	gin.SetMode(gin.ReleaseMode)

[GIN-debug] POST   /api/auth/register        --> github.com/Wh0rigin/GraduationProject/controller.RegisterController (4 handlers)
[GIN-debug] POST   /api/auth/login           --> github.com/Wh0rigin/GraduationProject/controller.LoginController (4 handlers)
[GIN-debug] GET    /api/auth/detail          --> github.com/Wh0rigin/GraduationProject/controller.DetailController (5 handlers)
[GIN-debug] POST   /api/book/create          --> github.com/Wh0rigin/GraduationProject/controller.CreateBookController (5 handlers)
[GIN-debug] DELETE /api/book/delete          --> github.com/Wh0rigin/GraduationProject/controller.DeleteBookController (5 handlers)
[GIN-debug] GET    /api/book/all             --> github.com/Wh0rigin/GraduationProject/controller.AllBookController (5 handlers)
[GIN-debug] GET    /api/book/number/all      --> github.com/Wh0rigin/GraduationProject/controller.GetAllBookNumber (5 handlers)
[GIN-debug] GET    /api/book/number/rent     --> github.com/Wh0rigin/GraduationProject/controller.GetRentBookNumber (5 handlers)
[GIN-debug] GET    /api/book/number/available --> github.com/Wh0rigin/GraduationProject/controller.GetAvailableBookNumber (5 handlers)
[GIN-debug] POST   /api/book/add             --> github.com/Wh0rigin/GraduationProject/controller.AddBookController (5 handlers)
[GIN-debug] POST   /api/book/reduce          --> github.com/Wh0rigin/GraduationProject/controller.ReduceBookController (5 handlers)
[GIN-debug] POST   /api/book/rent            --> github.com/Wh0rigin/GraduationProject/controller.RentBookController (5 handlers)
[GIN-debug] POST   /api/book/return          --> github.com/Wh0rigin/GraduationProject/controller.ReturnBookController (5 handlers)
[GIN-debug] GET    /api/book/select/isbn/:isbn --> github.com/Wh0rigin/GraduationProject/controller.SelectBookController (5 handlers)
[GIN-debug] GET    /api/sensor/all/:type     --> github.com/Wh0rigin/GraduationProject/controller.AllSensorDataController (5 handlers)
[GIN-debug] GET    /api/sensor/recent/:type/:limit --> github.com/Wh0rigin/GraduationProject/controller.RecentSensorDataController (5 handlers)
[GIN-debug] POST   /api/actuator/control     --> github.com/Wh0rigin/GraduationProject/controller.ControlController (5 handlers)
[GIN-debug] POST   /api/manager/login        --> github.com/Wh0rigin/GraduationProject/controller.ManagerLoginController (4 handlers)
[GIN-debug] POST   /api/manager/logout       --> github.com/Wh0rigin/GraduationProject/controller.LogoutController (4 handlers)
[GIN-debug] GET    /swagger/*any             --> github.com/swaggo/gin-swagger.CustomWrapHandler.func1 (4 handlers)
[GIN-debug] [WARNING] You trusted all proxies, this is NOT safe. We recommend you to set a value.
Please check https://pkg.go.dev/github.com/gin-gonic/gin#readme-don-t-trust-all-proxies for details.
[GIN-debug] Listening and serving HTTP on :8080
[GIN] 2022/10/25 - 14:48:27 | 404 |            0s |             ::1 | POST     "/api/book/number/all"
[GIN] 2022/10/25 - 14:48:31 | 401 |      1.6128ms |             ::1 | GET      "/api/book/number/all"
[GIN] 2022/10/25 - 14:48:39 | 401 |            0s |             ::1 | GET      "/api/book/number/all"
[GIN] 2022/10/25 - 14:49:09 | 404 |            0s |             ::1 | POST     "/api/user/login"
[GIN] 2022/10/25 - 14:49:12 | 404 |            0s |             ::1 | POST     "/api/user/login"
[GIN] 2022/10/25 - 14:49:33 | 200 |     51.5584ms |             ::1 | POST     "/api/auth/login"
[GIN] 2022/10/25 - 14:50:01 | 200 |      2.3172ms |             ::1 | GET      "/api/book/number/all"
[GIN] 2022/10/25 - 14:50:13 | 200 |      1.2148ms |             ::1 | GET      "/api/book/number/rent"
[GIN] 2022/10/25 - 14:50:36 | 404 |            0s |             ::1 | GET      "/api/book/number/avablieve"
[GIN] 2022/10/25 - 14:50:41 | 404 |            0s |             ::1 | GET      "/api/book/number/avabileve"
[GIN] 2022/10/25 - 14:52:13 | 204 |       581.7µs |             ::1 | OPTIONS  "/api/auth/detail"
[GIN] 2022/10/25 - 14:52:13 | 200 |      2.3764ms |             ::1 | GET      "/api/auth/detail"
[GIN] 2022/10/25 - 14:52:13 | 204 |            0s |             ::1 | OPTIONS  "/api/book/all"
[GIN] 2022/10/25 - 14:52:13 | 200 |      1.8787ms |             ::1 | GET      "/api/book/all"
[GIN] 2022/10/25 - 14:52:13 | 200 |      1.7382ms |             ::1 | GET      "/api/auth/detail"
[GIN] 2022/10/25 - 14:52:14 | 200 |      1.8226ms |             ::1 | GET      "/api/book/all"
[GIN] 2022/10/25 - 14:57:28 | 204 |            0s |             ::1 | OPTIONS  "/api/auth/detail"
[GIN] 2022/10/25 - 14:57:28 | 200 |      1.6417ms |             ::1 | GET      "/api/auth/detail"
[GIN] 2022/10/25 - 14:57:28 | 204 |            0s |             ::1 | OPTIONS  "/api/book/all"
[GIN] 2022/10/25 - 14:57:28 | 200 |       791.4µs |             ::1 | GET      "/api/book/all"
[GIN] 2022/10/25 - 14:57:31 | 204 |            0s |             ::1 | OPTIONS  "/api/manager/logout"
[GIN] 2022/10/25 - 14:57:31 | 200 |            0s |             ::1 | POST     "/api/manager/logout"
[GIN] 2022/10/25 - 14:57:32 | 200 |     51.3635ms |             ::1 | POST     "/api/manager/login"
[GIN] 2022/10/25 - 14:57:32 | 200 |       999.3µs |             ::1 | GET      "/api/auth/detail"
[GIN] 2022/10/25 - 14:57:32 | 200 |       640.7µs |             ::1 | GET      "/api/book/all"
[GIN] 2022/10/25 - 14:57:52 | 204 |            0s |             ::1 | OPTIONS  "/api/manager/logout"
[GIN] 2022/10/25 - 14:57:52 | 200 |            0s |             ::1 | POST     "/api/manager/logout"
[GIN] 2022/10/25 - 14:57:53 | 200 |     51.6801ms |             ::1 | POST     "/api/manager/login"
[GIN] 2022/10/25 - 14:57:53 | 204 |            0s |             ::1 | OPTIONS  "/api/auth/detail"
[GIN] 2022/10/25 - 14:57:53 | 200 |      1.1703ms |             ::1 | GET      "/api/auth/detail"
[GIN] 2022/10/25 - 14:57:53 | 204 |            0s |             ::1 | OPTIONS  "/api/book/all"
[GIN] 2022/10/25 - 14:57:53 | 200 |      1.1065ms |             ::1 | GET      "/api/book/all"
[GIN] 2022/10/25 - 14:58:11 | 204 |            0s |             ::1 | OPTIONS  "/api/auth/detail"
[GIN] 2022/10/25 - 14:58:11 | 200 |      1.0043ms |             ::1 | GET      "/api/auth/detail"
[GIN] 2022/10/25 - 14:58:11 | 204 |            0s |             ::1 | OPTIONS  "/api/book/all"
[GIN] 2022/10/25 - 14:58:11 | 200 |         1.8ms |             ::1 | GET      "/api/book/all"
[GIN] 2022/10/25 - 15:03:22 | 204 |            0s |             ::1 | OPTIONS  "/api/auth/detail"
[GIN] 2022/10/25 - 15:03:22 | 200 |      2.1805ms |             ::1 | GET      "/api/auth/detail"
[GIN] 2022/10/25 - 15:03:27 | 204 |            0s |             ::1 | OPTIONS  "/api/auth/detail"
[GIN] 2022/10/25 - 15:03:27 | 200 |      1.7961ms |             ::1 | GET      "/api/auth/detail"
[GIN] 2022/10/25 - 15:03:28 | 204 |            0s |             ::1 | OPTIONS  "/api/book/all"
[GIN] 2022/10/25 - 15:03:28 | 200 |      2.2037ms |             ::1 | GET      "/api/book/all"
[GIN] 2022/10/25 - 15:09:44 | 204 |            0s |             ::1 | OPTIONS  "/api/auth/detail"
[GIN] 2022/10/25 - 15:09:44 | 200 |      1.4787ms |             ::1 | GET      "/api/auth/detail"
[GIN] 2022/10/25 - 15:09:45 | 204 |            0s |             ::1 | OPTIONS  "/api/book/all"
[GIN] 2022/10/25 - 15:09:45 | 200 |      1.3864ms |             ::1 | GET      "/api/book/all"
[GIN] 2022/10/25 - 15:12:26 | 204 |            0s |             ::1 | OPTIONS  "/api/manager/logout"
[GIN] 2022/10/25 - 15:12:26 | 200 |            0s |             ::1 | POST     "/api/manager/logout"
[GIN] 2022/10/25 - 15:12:27 | 200 |     51.3722ms |             ::1 | POST     "/api/manager/login"
[GIN] 2022/10/25 - 15:12:27 | 204 |            0s |             ::1 | OPTIONS  "/api/auth/detail"
[GIN] 2022/10/25 - 15:12:27 | 200 |       734.2µs |             ::1 | GET      "/api/auth/detail"
[GIN] 2022/10/25 - 15:12:27 | 204 |            0s |             ::1 | OPTIONS  "/api/book/all"
[GIN] 2022/10/25 - 15:12:27 | 200 |      1.6381ms |             ::1 | GET      "/api/book/all"
[GIN] 2022/10/25 - 15:17:55 | 204 |            0s |             ::1 | OPTIONS  "/api/book/all"
[GIN] 2022/10/25 - 15:17:55 | 200 |      1.9641ms |             ::1 | GET      "/api/book/all"
[GIN] 2022/10/25 - 15:21:44 | 204 |            0s |             ::1 | OPTIONS  "/api/auth/detail"
[GIN] 2022/10/25 - 15:21:44 | 200 |      1.6009ms |             ::1 | GET      "/api/auth/detail"
[GIN] 2022/10/25 - 15:21:44 | 204 |            0s |             ::1 | OPTIONS  "/api/book/all"
[GIN] 2022/10/25 - 15:21:44 | 200 |       1.305ms |             ::1 | GET      "/api/book/all"
[GIN] 2022/10/25 - 15:26:01 | 204 |            0s |             ::1 | OPTIONS  "/api/book/all"
[GIN] 2022/10/25 - 15:26:01 | 200 |      1.1352ms |             ::1 | GET      "/api/book/all"
[GIN] 2022/10/25 - 15:26:05 | 204 |            0s |             ::1 | OPTIONS  "/api/auth/detail"
[GIN] 2022/10/25 - 15:26:05 | 200 |      1.3959ms |             ::1 | GET      "/api/auth/detail"
[GIN] 2022/10/25 - 15:26:05 | 200 |      1.2589ms |             ::1 | GET      "/api/book/all"
[GIN] 2022/10/25 - 15:26:07 | 204 |            0s |             ::1 | OPTIONS  "/api/manager/logout"
[GIN] 2022/10/25 - 15:26:07 | 200 |            0s |             ::1 | POST     "/api/manager/logout"
[GIN] 2022/10/25 - 15:26:08 | 200 |     52.1771ms |             ::1 | POST     "/api/manager/login"
[GIN] 2022/10/25 - 15:26:08 | 200 |      1.0014ms |             ::1 | GET      "/api/auth/detail"
[GIN] 2022/10/25 - 15:26:08 | 204 |            0s |             ::1 | OPTIONS  "/api/book/all"
[GIN] 2022/10/25 - 15:26:08 | 200 |      1.2651ms |             ::1 | GET      "/api/book/all"
[GIN] 2022/10/25 - 15:26:51 | 204 |            0s |             ::1 | OPTIONS  "/api/auth/detail"
[GIN] 2022/10/25 - 15:26:51 | 200 |       987.5µs |             ::1 | GET      "/api/auth/detail"
[GIN] 2022/10/25 - 15:26:52 | 204 |            0s |             ::1 | OPTIONS  "/api/book/all"
[GIN] 2022/10/25 - 15:26:52 | 200 |       999.9µs |             ::1 | GET      "/api/book/all"
[GIN] 2022/10/25 - 15:26:55 | 200 |      1.5417ms |             ::1 | GET      "/api/book/all"
[GIN] 2022/10/25 - 15:27:36 | 204 |            0s |             ::1 | OPTIONS  "/api/auth/detail"
[GIN] 2022/10/25 - 15:27:36 | 200 |      1.4704ms |             ::1 | GET      "/api/auth/detail"
[GIN] 2022/10/25 - 15:27:36 | 204 |            0s |             ::1 | OPTIONS  "/api/book/all"
[GIN] 2022/10/25 - 15:27:36 | 200 |      1.9738ms |             ::1 | GET      "/api/book/all"
[GIN] 2022/10/25 - 15:27:58 | 204 |            0s |             ::1 | OPTIONS  "/api/book/all"
[GIN] 2022/10/25 - 15:27:58 | 200 |      1.1651ms |             ::1 | GET      "/api/book/all"
[GIN] 2022/10/25 - 15:29:24 | 204 |            0s |             ::1 | OPTIONS  "/api/auth/detail"
[GIN] 2022/10/25 - 15:29:24 | 200 |       808.7µs |             ::1 | GET      "/api/auth/detail"
[GIN] 2022/10/25 - 15:29:25 | 204 |            0s |             ::1 | OPTIONS  "/api/book/all"
[GIN] 2022/10/25 - 15:29:25 | 200 |      1.9381ms |             ::1 | GET      "/api/book/all"
[GIN] 2022/10/25 - 15:29:49 | 204 |            0s |             ::1 | OPTIONS  "/api/auth/detail"
[GIN] 2022/10/25 - 15:29:49 | 200 |      1.6118ms |             ::1 | GET      "/api/auth/detail"
[GIN] 2022/10/25 - 15:29:49 | 204 |            0s |             ::1 | OPTIONS  "/api/book/all"
[GIN] 2022/10/25 - 15:29:49 | 200 |       1.158ms |             ::1 | GET      "/api/book/all"
[GIN] 2022/10/25 - 15:30:50 | 204 |            0s |             ::1 | OPTIONS  "/api/book/all"
[GIN] 2022/10/25 - 15:30:50 | 200 |      1.9936ms |             ::1 | GET      "/api/book/all"
[GIN] 2022/10/25 - 15:30:54 | 204 |            0s |             ::1 | OPTIONS  "/api/auth/detail"
[GIN] 2022/10/25 - 15:30:54 | 200 |      1.1539ms |             ::1 | GET      "/api/auth/detail"
[GIN] 2022/10/25 - 15:30:55 | 200 |      1.9964ms |             ::1 | GET      "/api/book/all"
[GIN] 2022/10/25 - 15:31:28 | 204 |            0s |             ::1 | OPTIONS  "/api/book/number/all"
[GIN] 2022/10/25 - 15:31:28 | 200 |      1.9311ms |             ::1 | GET      "/api/book/number/all"
[GIN] 2022/10/25 - 15:31:31 | 204 |            0s |             ::1 | OPTIONS  "/api/auth/detail"
[GIN] 2022/10/25 - 15:31:31 | 200 |      1.4701ms |             ::1 | GET      "/api/auth/detail"
[GIN] 2022/10/25 - 15:31:32 | 204 |            0s |             ::1 | OPTIONS  "/api/book/all"
[GIN] 2022/10/25 - 15:31:32 | 200 |      1.8338ms |             ::1 | GET      "/api/book/all"
[GIN] 2022/10/25 - 15:31:32 | 200 |      1.2505ms |             ::1 | GET      "/api/book/number/all"
[GIN] 2022/10/25 - 15:32:30 | 204 |            0s |             ::1 | OPTIONS  "/api/book/number/all"
[GIN] 2022/10/25 - 15:32:30 | 200 |      1.1537ms |             ::1 | GET      "/api/book/number/all"
[GIN] 2022/10/25 - 15:32:35 | 204 |            0s |             ::1 | OPTIONS  "/api/auth/detail"
[GIN] 2022/10/25 - 15:32:35 | 200 |       970.1µs |             ::1 | GET      "/api/auth/detail"
[GIN] 2022/10/25 - 15:32:36 | 204 |            0s |             ::1 | OPTIONS  "/api/book/all"
[GIN] 2022/10/25 - 15:32:36 | 200 |      1.4498ms |             ::1 | GET      "/api/book/all"
[GIN] 2022/10/25 - 15:32:36 | 204 |            0s |             ::1 | OPTIONS  "/api/book/number/all"
[GIN] 2022/10/25 - 15:32:36 | 200 |      2.3275ms |             ::1 | GET      "/api/book/number/all"
[GIN] 2022/10/25 - 15:33:10 | 204 |            0s |             ::1 | OPTIONS  "/api/book/number/all"
[GIN] 2022/10/25 - 15:33:10 | 200 |      4.0002ms |             ::1 | GET      "/api/book/number/all"
[GIN] 2022/10/25 - 15:33:13 | 204 |            0s |             ::1 | OPTIONS  "/api/auth/detail"
[GIN] 2022/10/25 - 15:33:13 | 200 |      1.2989ms |             ::1 | GET      "/api/auth/detail"
[GIN] 2022/10/25 - 15:33:14 | 204 |            0s |             ::1 | OPTIONS  "/api/book/all"
[GIN] 2022/10/25 - 15:33:14 | 200 |       1.869ms |             ::1 | GET      "/api/book/all"
[GIN] 2022/10/25 - 15:33:14 | 200 |      1.6654ms |             ::1 | GET      "/api/book/number/all"
[GIN] 2022/10/25 - 15:34:31 | 204 |            0s |             ::1 | OPTIONS  "/api/auth/detail"
[GIN] 2022/10/25 - 15:34:31 | 200 |      2.1996ms |             ::1 | GET      "/api/auth/detail"
[GIN] 2022/10/25 - 15:34:31 | 204 |            0s |             ::1 | OPTIONS  "/api/book/all"
[GIN] 2022/10/25 - 15:34:31 | 200 |       2.396ms |             ::1 | GET      "/api/book/all"
[GIN] 2022/10/25 - 15:34:31 | 204 |            0s |             ::1 | OPTIONS  "/api/book/number/all"
[GIN] 2022/10/25 - 15:34:31 | 200 |      1.8588ms |             ::1 | GET      "/api/book/number/all"
[GIN] 2022/10/25 - 15:34:48 | 204 |            0s |             ::1 | OPTIONS  "/api/book/all"
[GIN] 2022/10/25 - 15:34:48 | 204 |            0s |             ::1 | OPTIONS  "/api/book/number/all"
[GIN] 2022/10/25 - 15:34:48 | 200 |      1.9278ms |             ::1 | GET      "/api/book/all"
[GIN] 2022/10/25 - 15:34:48 | 200 |      1.9645ms |             ::1 | GET      "/api/book/number/all"
[GIN] 2022/10/25 - 15:35:33 | 204 |            0s |             ::1 | OPTIONS  "/api/auth/detail"
[GIN] 2022/10/25 - 15:35:33 | 200 |      1.1391ms |             ::1 | GET      "/api/auth/detail"
[GIN] 2022/10/25 - 15:35:33 | 204 |            0s |             ::1 | OPTIONS  "/api/book/all"
[GIN] 2022/10/25 - 15:35:33 | 204 |            0s |             ::1 | OPTIONS  "/api/book/number/all"
[GIN] 2022/10/25 - 15:35:33 | 200 |      1.9689ms |             ::1 | GET      "/api/book/all"
[GIN] 2022/10/25 - 15:35:33 | 200 |      1.3404ms |             ::1 | GET      "/api/book/number/all"
[GIN] 2022/10/25 - 15:35:39 | 204 |            0s |             ::1 | OPTIONS  "/api/book/all"
[GIN] 2022/10/25 - 15:35:39 | 204 |            0s |             ::1 | OPTIONS  "/api/book/number/all"
[GIN] 2022/10/25 - 15:35:39 | 200 |      2.1289ms |             ::1 | GET      "/api/book/all"
[GIN] 2022/10/25 - 15:35:39 | 200 |      8.2224ms |             ::1 | GET      "/api/book/number/all"
[GIN] 2022/10/25 - 15:35:46 | 204 |            0s |             ::1 | OPTIONS  "/api/book/all"
[GIN] 2022/10/25 - 15:35:46 | 204 |            0s |             ::1 | OPTIONS  "/api/book/number/all"
[GIN] 2022/10/25 - 15:35:46 | 200 |      2.5333ms |             ::1 | GET      "/api/book/all"
[GIN] 2022/10/25 - 15:35:46 | 200 |      2.6396ms |             ::1 | GET      "/api/book/number/all"
[GIN] 2022/10/25 - 15:35:48 | 200 |       1.603ms |             ::1 | GET      "/api/book/all"
[GIN] 2022/10/25 - 15:35:48 | 200 |      1.5605ms |             ::1 | GET      "/api/book/number/all"
[GIN] 2022/10/25 - 15:36:06 | 204 |            0s |             ::1 | OPTIONS  "/api/book/number/all"
[GIN] 2022/10/25 - 15:36:06 | 200 |      2.9036ms |             ::1 | GET      "/api/book/number/all"
[GIN] 2022/10/25 - 15:36:10 | 200 |      1.5426ms |             ::1 | GET      "/api/book/number/all"
[GIN] 2022/10/25 - 15:36:45 | 204 |            0s |             ::1 | OPTIONS  "/api/book/number/all"
[GIN] 2022/10/25 - 15:36:45 | 204 |            0s |             ::1 | OPTIONS  "/api/book/number/all"
[GIN] 2022/10/25 - 15:36:45 | 200 |       895.8µs |             ::1 | GET      "/api/book/number/all"
[GIN] 2022/10/25 - 15:36:45 | 200 |      1.9095ms |             ::1 | GET      "/api/book/number/all"
[GIN] 2022/10/25 - 15:36:56 | 204 |            0s |             ::1 | OPTIONS  "/api/book/number/all"
[GIN] 2022/10/25 - 15:36:56 | 200 |      2.1022ms |             ::1 | GET      "/api/book/number/all"
[GIN] 2022/10/25 - 15:36:56 | 200 |      2.5823ms |             ::1 | GET      "/api/book/number/all"
[GIN] 2022/10/25 - 15:37:07 | 204 |            0s |             ::1 | OPTIONS  "/api/auth/detail"
[GIN] 2022/10/25 - 15:37:07 | 200 |      1.5278ms |             ::1 | GET      "/api/auth/detail"
[GIN] 2022/10/25 - 15:37:07 | 204 |            0s |             ::1 | OPTIONS  "/api/book/all"
[GIN] 2022/10/25 - 15:37:07 | 200 |      1.0036ms |             ::1 | GET      "/api/book/all"
[GIN] 2022/10/25 - 15:37:07 | 204 |            0s |             ::1 | OPTIONS  "/api/book/number/all"
[GIN] 2022/10/25 - 15:37:07 | 200 |      2.4519ms |             ::1 | GET      "/api/book/number/all"
[GIN] 2022/10/25 - 15:37:07 | 200 |      2.4522ms |             ::1 | GET      "/api/book/number/all"
[GIN] 2022/10/25 - 15:37:15 | 204 |            0s |             ::1 | OPTIONS  "/api/book/number/all"
[GIN] 2022/10/25 - 15:37:15 | 204 |            0s |             ::1 | OPTIONS  "/api/book/number/rent"
[GIN] 2022/10/25 - 15:37:15 | 200 |      1.9634ms |             ::1 | GET      "/api/book/number/all"
[GIN] 2022/10/25 - 15:37:15 | 200 |      1.1177ms |             ::1 | GET      "/api/book/number/rent"
[GIN] 2022/10/25 - 15:37:20 | 204 |            0s |             ::1 | OPTIONS  "/api/auth/detail"
[GIN] 2022/10/25 - 15:37:20 | 200 |      1.0006ms |             ::1 | GET      "/api/auth/detail"
[GIN] 2022/10/25 - 15:37:21 | 204 |            0s |             ::1 | OPTIONS  "/api/book/all"
[GIN] 2022/10/25 - 15:37:21 | 200 |      1.2273ms |             ::1 | GET      "/api/book/all"
[GIN] 2022/10/25 - 15:37:21 | 204 |            0s |             ::1 | OPTIONS  "/api/book/number/all"
[GIN] 2022/10/25 - 15:37:21 | 204 |            0s |             ::1 | OPTIONS  "/api/book/number/rent"
[GIN] 2022/10/25 - 15:37:21 | 200 |      2.4036ms |             ::1 | GET      "/api/book/number/all"
[GIN] 2022/10/25 - 15:37:21 | 200 |       1.401ms |             ::1 | GET      "/api/book/number/rent"
[GIN] 2022/10/25 - 15:37:54 | 204 |            0s |             ::1 | OPTIONS  "/api/book/number/all"
[GIN] 2022/10/25 - 15:37:54 | 204 |            0s |             ::1 | OPTIONS  "/api/book/number/rent"
[GIN] 2022/10/25 - 15:37:54 | 204 |            0s |             ::1 | OPTIONS  "/api/book/number/rent"
[GIN] 2022/10/25 - 15:37:54 | 200 |      2.4714ms |             ::1 | GET      "/api/book/number/rent"
[GIN] 2022/10/25 - 15:37:54 | 200 |      2.4714ms |             ::1 | GET      "/api/book/number/all"
[GIN] 2022/10/25 - 15:37:54 | 200 |      1.3706ms |             ::1 | GET      "/api/book/number/rent"
[GIN] 2022/10/25 - 15:38:01 | 204 |            0s |             ::1 | OPTIONS  "/api/book/number/all"
[GIN] 2022/10/25 - 15:38:01 | 204 |            0s |             ::1 | OPTIONS  "/api/book/number/rent"
[GIN] 2022/10/25 - 15:38:01 | 204 |            0s |             ::1 | OPTIONS  "/api/book/number/available"
[GIN] 2022/10/25 - 15:38:01 | 200 |      2.0085ms |             ::1 | GET      "/api/book/number/all"
[GIN] 2022/10/25 - 15:38:01 | 200 |      2.1936ms |             ::1 | GET      "/api/book/number/rent"
[GIN] 2022/10/25 - 15:38:01 | 200 |      2.0186ms |             ::1 | GET      "/api/book/number/available"
[GIN] 2022/10/25 - 15:38:02 | 200 |      1.0868ms |             ::1 | GET      "/api/book/number/rent"
[GIN] 2022/10/25 - 15:38:02 | 200 |      1.2665ms |             ::1 | GET      "/api/book/number/all"
[GIN] 2022/10/25 - 15:38:02 | 200 |      4.0692ms |             ::1 | GET      "/api/book/number/available"
[GIN] 2022/10/25 - 15:38:05 | 204 |            0s |             ::1 | OPTIONS  "/api/auth/detail"
[GIN] 2022/10/25 - 15:38:05 | 200 |      1.3271ms |             ::1 | GET      "/api/auth/detail"
[GIN] 2022/10/25 - 15:38:05 | 204 |            0s |             ::1 | OPTIONS  "/api/book/all"
[GIN] 2022/10/25 - 15:38:05 | 200 |      1.1574ms |             ::1 | GET      "/api/book/all"
[GIN] 2022/10/25 - 15:38:05 | 200 |      1.2442ms |             ::1 | GET      "/api/book/number/all"
[GIN] 2022/10/25 - 15:38:05 | 200 |      1.0762ms |             ::1 | GET      "/api/book/number/rent"
[GIN] 2022/10/25 - 15:38:05 | 200 |      4.2201ms |             ::1 | GET      "/api/book/number/available"
[GIN] 2022/10/25 - 15:38:50 | 204 |            0s |             ::1 | OPTIONS  "/api/book/number/all"
[GIN] 2022/10/25 - 15:38:50 | 204 |            0s |             ::1 | OPTIONS  "/api/book/number/available"
[GIN] 2022/10/25 - 15:38:50 | 200 |      1.7338ms |             ::1 | GET      "/api/book/number/available"
[GIN] 2022/10/25 - 15:38:50 | 200 |      2.5959ms |             ::1 | GET      "/api/book/number/all"
[GIN] 2022/10/25 - 15:38:50 | 204 |            0s |             ::1 | OPTIONS  "/api/book/number/rent"
[GIN] 2022/10/25 - 15:38:50 | 200 |      1.7769ms |             ::1 | GET      "/api/book/number/rent"
[GIN] 2022/10/25 - 15:39:14 | 204 |            0s |             ::1 | OPTIONS  "/api/book/number/all"
[GIN] 2022/10/25 - 15:39:14 | 200 |      1.6326ms |             ::1 | GET      "/api/book/number/all"
[GIN] 2022/10/25 - 15:39:14 | 204 |            0s |             ::1 | OPTIONS  "/api/book/number/rent"
[GIN] 2022/10/25 - 15:39:14 | 200 |      1.0635ms |             ::1 | GET      "/api/book/number/rent"
[GIN] 2022/10/25 - 15:39:18 | 200 |      1.5585ms |             ::1 | GET      "/api/book/number/all"
[GIN] 2022/10/25 - 15:39:18 | 200 |       707.8µs |             ::1 | GET      "/api/book/number/rent"
[GIN] 2022/10/25 - 15:39:18 | 204 |            0s |             ::1 | OPTIONS  "/api/book/number/available"
[GIN] 2022/10/25 - 15:39:18 | 200 |      1.7369ms |             ::1 | GET      "/api/book/number/available"
[GIN] 2022/10/25 - 15:39:25 | 204 |            0s |             ::1 | OPTIONS  "/api/book/number/all"
[GIN] 2022/10/25 - 15:39:25 | 200 |      1.0016ms |             ::1 | GET      "/api/book/number/all"
[GIN] 2022/10/25 - 15:39:25 | 204 |            0s |             ::1 | OPTIONS  "/api/book/number/rent"
[GIN] 2022/10/25 - 15:39:25 | 200 |      1.8149ms |             ::1 | GET      "/api/book/number/rent"
[GIN] 2022/10/25 - 15:39:25 | 204 |            0s |             ::1 | OPTIONS  "/api/book/number/available"
[GIN] 2022/10/25 - 15:39:25 | 200 |       1.543ms |             ::1 | GET      "/api/book/number/available"
[GIN] 2022/10/25 - 15:40:02 | 204 |            0s |             ::1 | OPTIONS  "/api/book/number/all"
[GIN] 2022/10/25 - 15:40:02 | 200 |      1.0424ms |             ::1 | GET      "/api/book/number/all"
[GIN] 2022/10/25 - 15:40:02 | 204 |            0s |             ::1 | OPTIONS  "/api/book/number/rent"
[GIN] 2022/10/25 - 15:40:02 | 200 |      1.0177ms |             ::1 | GET      "/api/book/number/rent"
[GIN] 2022/10/25 - 15:40:02 | 204 |            0s |             ::1 | OPTIONS  "/api/book/number/available"
[GIN] 2022/10/25 - 15:40:02 | 200 |       900.1µs |             ::1 | GET      "/api/book/number/available"
[GIN] 2022/10/25 - 15:40:10 | 204 |            0s |             ::1 | OPTIONS  "/api/auth/detail"
[GIN] 2022/10/25 - 15:40:10 | 200 |      1.2274ms |             ::1 | GET      "/api/auth/detail"
[GIN] 2022/10/25 - 15:40:10 | 204 |            0s |             ::1 | OPTIONS  "/api/book/all"
[GIN] 2022/10/25 - 15:40:10 | 204 |            0s |             ::1 | OPTIONS  "/api/book/number/all"
[GIN] 2022/10/25 - 15:40:10 | 200 |      1.9936ms |             ::1 | GET      "/api/book/all"
[GIN] 2022/10/25 - 15:40:10 | 200 |      1.9166ms |             ::1 | GET      "/api/book/number/all"
[GIN] 2022/10/25 - 15:40:10 | 204 |            0s |             ::1 | OPTIONS  "/api/book/number/rent"
[GIN] 2022/10/25 - 15:40:10 | 200 |      1.2863ms |             ::1 | GET      "/api/book/number/rent"
[GIN] 2022/10/25 - 15:40:10 | 204 |            0s |             ::1 | OPTIONS  "/api/book/number/available"
[GIN] 2022/10/25 - 15:40:10 | 200 |      1.9498ms |             ::1 | GET      "/api/book/number/available"
[GIN] 2022/10/25 - 15:40:20 | 204 |            0s |             ::1 | OPTIONS  "/api/book/number/all"
[GIN] 2022/10/25 - 15:40:20 | 200 |      2.2697ms |             ::1 | GET      "/api/book/number/all"
[GIN] 2022/10/25 - 15:40:20 | 204 |            0s |             ::1 | OPTIONS  "/api/book/number/rent"
[GIN] 2022/10/25 - 15:40:20 | 200 |      2.0438ms |             ::1 | GET      "/api/book/number/rent"
[GIN] 2022/10/25 - 15:40:20 | 204 |            0s |             ::1 | OPTIONS  "/api/book/number/available"
[GIN] 2022/10/25 - 15:40:20 | 200 |      1.2029ms |             ::1 | GET      "/api/book/number/available"
