[GIN-debug] [WARNING] Creating an Engine instance with the Logger and Recovery middleware already attached.

[GIN-debug] [WARNING] Running in "debug" mode. Switch to "release" mode in production.
 - using env:	export GIN_MODE=release
 - using code:	gin.SetMode(gin.ReleaseMode)

[GIN-debug] POST   /api/auth/register        --> github.com/Wh0rigin/GraduationProject/controller.RegisterController (4 handlers)
[GIN-debug] POST   /api/auth/login           --> github.com/Wh0rigin/GraduationProject/controller.LoginController (4 handlers)
[GIN-debug] GET    /api/auth/detail          --> github.com/Wh0rigin/GraduationProject/controller.DetailController (5 handlers)
[GIN-debug] POST   /api/book/create          --> github.com/Wh0rigin/GraduationProject/controller.CreateBookController (5 handlers)
[GIN-debug] DELETE /api/book/delete          --> github.com/Wh0rigin/GraduationProject/controller.DeleteBookController (5 handlers)
[GIN-debug] GET    /api/book/all             --> github.com/Wh0rigin/GraduationProject/controller.AllBookController (5 handlers)
[GIN-debug] GET    /api/book/all/nondto      --> github.com/Wh0rigin/GraduationProject/controller.AllBookNonDto (5 handlers)
[GIN-debug] GET    /api/book/number/all      --> github.com/Wh0rigin/GraduationProject/controller.GetAllBookNumber (5 handlers)
[GIN-debug] GET    /api/book/number/rent     --> github.com/Wh0rigin/GraduationProject/controller.GetRentBookNumber (5 handlers)
[GIN-debug] GET    /api/book/number/available --> github.com/Wh0rigin/GraduationProject/controller.GetAvailableBookNumber (5 handlers)
[GIN-debug] POST   /api/book/add             --> github.com/Wh0rigin/GraduationProject/controller.AddBookController (5 handlers)
[GIN-debug] POST   /api/book/reduce          --> github.com/Wh0rigin/GraduationProject/controller.ReduceBookController (5 handlers)
[GIN-debug] POST   /api/book/rent            --> github.com/Wh0rigin/GraduationProject/controller.RentBookController (5 handlers)
[GIN-debug] POST   /api/book/return          --> github.com/Wh0rigin/GraduationProject/controller.ReturnBookController (5 handlers)
[GIN-debug] GET    /api/book/select/isbn/:isbn --> github.com/Wh0rigin/GraduationProject/controller.SelectBookController (5 handlers)
[GIN-debug] GET    /api/sensor/all/:type     --> github.com/Wh0rigin/GraduationProject/controller.AllSensorDataController (5 handlers)
[GIN-debug] GET    /api/sensor/recent/:type/:limit --> github.com/Wh0rigin/GraduationProject/controller.RecentSensorDataController (5 handlers)
[GIN-debug] POST   /api/actuator/control     --> github.com/Wh0rigin/GraduationProject/controller.ControlController (5 handlers)
[GIN-debug] POST   /api/manager/login        --> github.com/Wh0rigin/GraduationProject/controller.ManagerLoginController (4 handlers)
[GIN-debug] POST   /api/manager/logout       --> github.com/Wh0rigin/GraduationProject/controller.LogoutController (4 handlers)
[GIN-debug] GET    /api/manager/all/user     --> github.com/Wh0rigin/GraduationProject/controller.GetAllUser (5 handlers)
[GIN-debug] POST   /api/manager/delete/user  --> github.com/Wh0rigin/GraduationProject/controller.DeleteUser (5 handlers)
[GIN-debug] POST   /api/manager/update/user  --> github.com/Wh0rigin/GraduationProject/controller.UpdateUser (5 handlers)
[GIN-debug] GET    /swagger/*any             --> github.com/swaggo/gin-swagger.CustomWrapHandler.func1 (4 handlers)
[GIN-debug] [WARNING] You trusted all proxies, this is NOT safe. We recommend you to set a value.
Please check https://pkg.go.dev/github.com/gin-gonic/gin#readme-don-t-trust-all-proxies for details.
[GIN-debug] Listening and serving HTTP on :8080
[GIN] 2022/10/25 - 23:15:49 | 204 |            0s |             ::1 | OPTIONS  "/api/book/delete?isbn=21425125"
[GIN] 2022/10/25 - 23:15:49 | 200 |     14.6454ms |             ::1 | DELETE   "/api/book/delete?isbn=21425125"
[GIN] 2022/10/25 - 23:15:53 | 200 |      1.8705ms |             ::1 | DELETE   "/api/book/delete?isbn=21425125"
[GIN] 2022/10/25 - 23:16:03 | 204 |            0s |             ::1 | OPTIONS  "/api/auth/detail"
[GIN] 2022/10/25 - 23:16:03 | 200 |      1.3593ms |             ::1 | GET      "/api/auth/detail"
[GIN] 2022/10/25 - 23:16:03 | 204 |            0s |             ::1 | OPTIONS  "/api/book/all/nondto"
[GIN] 2022/10/25 - 23:16:03 | 200 |       1.884ms |             ::1 | GET      "/api/book/all/nondto"
[GIN] 2022/10/25 - 23:17:26 | 204 |            0s |             ::1 | OPTIONS  "/api/book/all/nondto"
[GIN] 2022/10/25 - 23:17:26 | 200 |      1.3642ms |             ::1 | GET      "/api/book/all/nondto"
[GIN] 2022/10/25 - 23:17:28 | 204 |            0s |             ::1 | OPTIONS  "/api/book/delete?isbn=32121521"
[GIN] 2022/10/25 - 23:17:28 | 200 |      4.5945ms |             ::1 | DELETE   "/api/book/delete?isbn=32121521"
[GIN] 2022/10/25 - 23:17:32 | 204 |            0s |             ::1 | OPTIONS  "/api/auth/detail"
[GIN] 2022/10/25 - 23:17:32 | 200 |       959.7µs |             ::1 | GET      "/api/auth/detail"
[GIN] 2022/10/25 - 23:17:32 | 204 |            0s |             ::1 | OPTIONS  "/api/book/all/nondto"
[GIN] 2022/10/25 - 23:17:32 | 200 |      1.1972ms |             ::1 | GET      "/api/book/all/nondto"
[GIN] 2022/10/25 - 23:17:46 | 204 |            0s |             ::1 | OPTIONS  "/api/book/all/nondto"
[GIN] 2022/10/25 - 23:17:46 | 200 |       884.1µs |             ::1 | GET      "/api/book/all/nondto"
[GIN] 2022/10/25 - 23:17:47 | 204 |            0s |             ::1 | OPTIONS  "/api/book/delete?isbn=21521512"
[GIN] 2022/10/25 - 23:17:47 | 200 |     12.2081ms |             ::1 | DELETE   "/api/book/delete?isbn=21521512"
[GIN] 2022/10/25 - 23:17:47 | 200 |      2.2369ms |             ::1 | GET      "/api/book/all/nondto"
[GIN] 2022/10/25 - 23:18:31 | 204 |            0s |             ::1 | OPTIONS  "/api/auth/detail"
[GIN] 2022/10/25 - 23:18:31 | 200 |      1.6909ms |             ::1 | GET      "/api/auth/detail"
[GIN] 2022/10/25 - 23:18:31 | 204 |            0s |             ::1 | OPTIONS  "/api/book/all/nondto"
[GIN] 2022/10/25 - 23:18:31 | 200 |       941.2µs |             ::1 | GET      "/api/book/all/nondto"
[GIN] 2022/10/25 - 23:18:42 | 204 |            0s |             ::1 | OPTIONS  "/api/book/delete?isbn=634625"
[GIN] 2022/10/25 - 23:18:42 | 200 |     10.3994ms |             ::1 | DELETE   "/api/book/delete?isbn=634625"
[GIN] 2022/10/25 - 23:18:42 | 204 |            0s |             ::1 | OPTIONS  "/api/book/all/nondto"
[GIN] 2022/10/25 - 23:18:42 | 200 |      1.5007ms |             ::1 | GET      "/api/book/all/nondto"
[GIN] 2022/10/25 - 23:18:54 | 204 |            0s |             ::1 | OPTIONS  "/api/book/all/nondto"
[GIN] 2022/10/25 - 23:18:54 | 200 |      2.0403ms |             ::1 | GET      "/api/book/all/nondto"
[GIN] 2022/10/25 - 23:19:20 | 204 |            0s |             ::1 | OPTIONS  "/api/book/delete?isbn=12125152"
[GIN] 2022/10/25 - 23:19:20 | 200 |      9.5382ms |             ::1 | DELETE   "/api/book/delete?isbn=12125152"
[GIN] 2022/10/25 - 23:19:20 | 204 |            0s |             ::1 | OPTIONS  "/api/book/all/nondto"
[GIN] 2022/10/25 - 23:19:20 | 200 |      1.3601ms |             ::1 | GET      "/api/book/all/nondto"
[GIN] 2022/10/25 - 23:19:32 | 204 |            0s |             ::1 | OPTIONS  "/api/book/delete?isbn=1241241255"
[GIN] 2022/10/25 - 23:19:32 | 200 |      5.1258ms |             ::1 | DELETE   "/api/book/delete?isbn=1241241255"
[GIN] 2022/10/25 - 23:19:32 | 204 |            0s |             ::1 | OPTIONS  "/api/book/all/nondto"
[GIN] 2022/10/25 - 23:19:32 | 200 |      1.2833ms |             ::1 | GET      "/api/book/all/nondto"
[GIN] 2022/10/25 - 23:19:43 | 204 |            0s |             ::1 | OPTIONS  "/api/book/all/nondto"
[GIN] 2022/10/25 - 23:19:43 | 200 |      1.8075ms |             ::1 | GET      "/api/book/all/nondto"
[GIN] 2022/10/25 - 23:19:57 | 204 |            0s |             ::1 | OPTIONS  "/api/book/create"
[GIN] 2022/10/25 - 23:19:57 | 200 |      9.4182ms |             ::1 | POST     "/api/book/create"
[GIN] 2022/10/25 - 23:19:57 | 204 |            0s |             ::1 | OPTIONS  "/api/book/all/nondto"
[GIN] 2022/10/25 - 23:19:57 | 200 |      1.0903ms |             ::1 | GET      "/api/book/all/nondto"
[GIN] 2022/10/25 - 23:19:59 | 204 |            0s |             ::1 | OPTIONS  "/api/book/delete?isbn=24717259879"
[GIN] 2022/10/25 - 23:19:59 | 200 |      9.4396ms |             ::1 | DELETE   "/api/book/delete?isbn=24717259879"
[GIN] 2022/10/25 - 23:19:59 | 200 |      1.6434ms |             ::1 | GET      "/api/book/all/nondto"
[GIN] 2022/10/25 - 23:25:05 | 204 |            0s |             ::1 | OPTIONS  "/api/auth/detail"
[GIN] 2022/10/25 - 23:25:05 | 200 |       825.2µs |             ::1 | GET      "/api/auth/detail"
[GIN] 2022/10/25 - 23:25:05 | 204 |            0s |             ::1 | OPTIONS  "/api/book/all/nondto"
[GIN] 2022/10/25 - 23:25:05 | 200 |      1.8775ms |             ::1 | GET      "/api/book/all/nondto"
[GIN] 2022/10/25 - 23:27:38 | 204 |            0s |             ::1 | OPTIONS  "/api/auth/detail"
[GIN] 2022/10/25 - 23:27:38 | 200 |      1.1188ms |             ::1 | GET      "/api/auth/detail"
[GIN] 2022/10/25 - 23:27:38 | 204 |            0s |             ::1 | OPTIONS  "/api/book/all/nondto"
[GIN] 2022/10/25 - 23:27:38 | 200 |      1.6746ms |             ::1 | GET      "/api/book/all/nondto"
[GIN] 2022/10/25 - 23:28:25 | 204 |            0s |             ::1 | OPTIONS  "/api/book/all/nondto"
[GIN] 2022/10/25 - 23:28:25 | 200 |      1.0013ms |             ::1 | GET      "/api/book/all/nondto"
[GIN] 2022/10/25 - 23:28:37 | 204 |            0s |             ::1 | OPTIONS  "/api/book/select/isbn/123"
[GIN] 2022/10/25 - 23:28:37 | 200 |      1.7908ms |             ::1 | GET      "/api/book/select/isbn/123"
[GIN] 2022/10/25 - 23:28:43 | 204 |            0s |             ::1 | OPTIONS  "/api/book/select/isbn/1"
[GIN] 2022/10/25 - 23:28:43 | 200 |      2.6933ms |             ::1 | GET      "/api/book/select/isbn/1"
[GIN] 2022/10/25 - 23:28:46 | 204 |            0s |             ::1 | OPTIONS  "/api/book/select/isbn/3"
[GIN] 2022/10/25 - 23:28:46 | 200 |      2.1569ms |             ::1 | GET      "/api/book/select/isbn/3"
[GIN] 2022/10/25 - 23:28:48 | 204 |            0s |             ::1 | OPTIONS  "/api/book/select/isbn/4"
[GIN] 2022/10/25 - 23:28:48 | 200 |       1.519ms |             ::1 | GET      "/api/book/select/isbn/4"
[GIN] 2022/10/25 - 23:29:06 | 204 |            0s |             ::1 | OPTIONS  "/api/book/select/isbn/6"
[GIN] 2022/10/25 - 23:29:06 | 200 |      1.7403ms |             ::1 | GET      "/api/book/select/isbn/6"
[GIN] 2022/10/25 - 23:29:10 | 204 |            0s |             ::1 | OPTIONS  "/api/book/select/isbn/1"
[GIN] 2022/10/25 - 23:29:10 | 200 |      1.9255ms |             ::1 | GET      "/api/book/select/isbn/1"
