[GIN-debug] [WARNING] Creating an Engine instance with the Logger and Recovery middleware already attached.

[GIN-debug] [WARNING] Running in "debug" mode. Switch to "release" mode in production.
 - using env:	export GIN_MODE=release
 - using code:	gin.SetMode(gin.ReleaseMode)

[GIN-debug] POST   /api/auth/register        --> github.com/Wh0rigin/GraduationProject/controller.RegisterController (4 handlers)
[GIN-debug] POST   /api/auth/login           --> github.com/Wh0rigin/GraduationProject/controller.LoginController (4 handlers)
[GIN-debug] GET    /api/auth/detail          --> github.com/Wh0rigin/GraduationProject/controller.DetailController (5 handlers)
[GIN-debug] POST   /api/book/create          --> github.com/Wh0rigin/GraduationProject/controller.CreateBookController (5 handlers)
[GIN-debug] DELETE /api/book/delete          --> github.com/Wh0rigin/GraduationProject/controller.DeleteBookController (5 handlers)
[GIN-debug] GET    /api/book/all             --> github.com/Wh0rigin/GraduationProject/controller.AllBookController (5 handlers)
[GIN-debug] POST   /api/book/add             --> github.com/Wh0rigin/GraduationProject/controller.AddBookController (5 handlers)
[GIN-debug] POST   /api/book/reduce          --> github.com/Wh0rigin/GraduationProject/controller.ReduceBookController (5 handlers)
[GIN-debug] POST   /api/book/rent            --> github.com/Wh0rigin/GraduationProject/controller.RentBookController (5 handlers)
[GIN-debug] POST   /api/book/return          --> github.com/Wh0rigin/GraduationProject/controller.ReturnBookController (5 handlers)
[GIN-debug] GET    /api/book/select/isbn/:isbn --> github.com/Wh0rigin/GraduationProject/controller.SelectBookController (5 handlers)
[GIN-debug] GET    /api/sensor/all/:type     --> github.com/Wh0rigin/GraduationProject/controller.AllSensorDataController (5 handlers)
[GIN-debug] GET    /api/sensor/recent/:type/:limit --> github.com/Wh0rigin/GraduationProject/controller.RecentSensorDataController (5 handlers)
[GIN-debug] POST   /api/actuator/control     --> github.com/Wh0rigin/GraduationProject/controller.ControlController (5 handlers)
[GIN-debug] POST   /api/manager/login        --> github.com/Wh0rigin/GraduationProject/controller.ManagerLoginController (4 handlers)
[GIN-debug] POST   /api/manager/logout       --> github.com/Wh0rigin/GraduationProject/controller.LogoutController (4 handlers)
[GIN-debug] GET    /swagger/*any             --> github.com/swaggo/gin-swagger.CustomWrapHandler.func1 (4 handlers)
[GIN-debug] [WARNING] You trusted all proxies, this is NOT safe. We recommend you to set a value.
Please check https://pkg.go.dev/github.com/gin-gonic/gin#readme-don-t-trust-all-proxies for details.
[GIN-debug] Listening and serving HTTP on :8080
[GIN] 2022/10/25 - 10:28:30 | 204 |            0s |             ::1 | OPTIONS  "/api/manager/logout"
[GIN] 2022/10/25 - 10:28:30 | 200 |            0s |             ::1 | POST     "/api/manager/logout"
[GIN] 2022/10/25 - 10:28:31 | 200 |     53.6335ms |             ::1 | POST     "/api/manager/login"
[GIN] 2022/10/25 - 10:28:31 | 204 |            0s |             ::1 | OPTIONS  "/api/auth/detail"
[GIN] 2022/10/25 - 10:28:31 | 200 |      1.0068ms |             ::1 | GET      "/api/auth/detail"
[GIN] 2022/10/25 - 10:28:31 | 204 |            0s |             ::1 | OPTIONS  "/vue-element-admin/transaction/list"
[GIN] 2022/10/25 - 10:28:31 | 404 |            0s |             ::1 | GET      "/vue-element-admin/transaction/list"
[GIN] 2022/10/25 - 10:30:39 | 204 |       290.3µs |             ::1 | OPTIONS  "/api/manager/logout"
[GIN] 2022/10/25 - 10:30:39 | 200 |            0s |             ::1 | POST     "/api/manager/logout"
[GIN] 2022/10/25 - 10:30:42 | 200 |            0s |             ::1 | POST     "/api/manager/login"
[GIN] 2022/10/25 - 10:30:42 | 401 |            0s |             ::1 | GET      "/api/auth/detail"
[GIN] 2022/10/25 - 10:30:58 | 200 |      2.6268ms |             ::1 | POST     "/api/manager/login"
[GIN] 2022/10/25 - 10:30:58 | 401 |            0s |             ::1 | GET      "/api/auth/detail"
[GIN] 2022/10/25 - 10:31:03 | 200 |     49.5322ms |             ::1 | POST     "/api/manager/login"
[GIN] 2022/10/25 - 10:31:03 | 204 |            0s |             ::1 | OPTIONS  "/api/auth/detail"
[GIN] 2022/10/25 - 10:31:03 | 200 |      1.7286ms |             ::1 | GET      "/api/auth/detail"
[GIN] 2022/10/25 - 10:31:03 | 204 |            0s |             ::1 | OPTIONS  "/vue-element-admin/transaction/list"
[GIN] 2022/10/25 - 10:31:03 | 404 |            0s |             ::1 | GET      "/vue-element-admin/transaction/list"
[GIN] 2022/10/25 - 10:36:06 | 204 |            0s |             ::1 | OPTIONS  "/api/auth/detail"
[GIN] 2022/10/25 - 10:36:06 | 200 |      1.5517ms |             ::1 | GET      "/api/auth/detail"
[GIN] 2022/10/25 - 10:36:06 | 204 |            0s |             ::1 | OPTIONS  "/vue-element-admin/transaction/list"
[GIN] 2022/10/25 - 10:36:06 | 404 |            0s |             ::1 | GET      "/vue-element-admin/transaction/list"
[GIN] 2022/10/25 - 10:36:20 | 204 |            0s |             ::1 | OPTIONS  "/api/manager/logout"
[GIN] 2022/10/25 - 10:36:20 | 200 |            0s |             ::1 | POST     "/api/manager/logout"
[GIN] 2022/10/25 - 10:36:21 | 200 |     51.4311ms |             ::1 | POST     "/api/manager/login"
[GIN] 2022/10/25 - 10:36:21 | 204 |            0s |             ::1 | OPTIONS  "/api/auth/detail"
[GIN] 2022/10/25 - 10:36:21 | 200 |      1.3793ms |             ::1 | GET      "/api/auth/detail"
[GIN] 2022/10/25 - 10:36:21 | 204 |            0s |             ::1 | OPTIONS  "/vue-element-admin/transaction/list"
[GIN] 2022/10/25 - 10:36:21 | 404 |            0s |             ::1 | GET      "/vue-element-admin/transaction/list"
[GIN] 2022/10/25 - 10:48:10 | 204 |            0s |             ::1 | OPTIONS  "/api/auth/detail"
[GIN] 2022/10/25 - 10:48:10 | 200 |      1.5469ms |             ::1 | GET      "/api/auth/detail"
[GIN] 2022/10/25 - 10:48:10 | 204 |            0s |             ::1 | OPTIONS  "/vue-element-admin/transaction/list"
[GIN] 2022/10/25 - 10:48:10 | 404 |            0s |             ::1 | GET      "/vue-element-admin/transaction/list"
[GIN] 2022/10/25 - 10:48:42 | 204 |            0s |             ::1 | OPTIONS  "/api/manager/logout"
[GIN] 2022/10/25 - 10:48:42 | 200 |            0s |             ::1 | POST     "/api/manager/logout"
[GIN] 2022/10/25 - 10:55:35 | 200 |     50.7346ms |             ::1 | POST     "/api/manager/login"
[GIN] 2022/10/25 - 10:55:35 | 204 |            0s |             ::1 | OPTIONS  "/api/auth/detail"
[GIN] 2022/10/25 - 10:55:35 | 200 |      1.5469ms |             ::1 | GET      "/api/auth/detail"
[GIN] 2022/10/25 - 10:55:35 | 204 |            0s |             ::1 | OPTIONS  "/vue-element-admin/transaction/list"
[GIN] 2022/10/25 - 10:55:35 | 404 |            0s |             ::1 | GET      "/vue-element-admin/transaction/list"
[GIN] 2022/10/25 - 10:55:40 | 204 |            0s |             ::1 | OPTIONS  "/vue-element-admin/article/list?page=1&limit=20&sort=%2Bid"
[GIN] 2022/10/25 - 10:55:40 | 404 |            0s |             ::1 | GET      "/vue-element-admin/article/list?page=1&limit=20&sort=%2Bid"
[GIN] 2022/10/25 - 10:56:10 | 204 |            0s |             ::1 | OPTIONS  "/api/auth/detail"
[GIN] 2022/10/25 - 10:56:10 | 200 |      1.5099ms |             ::1 | GET      "/api/auth/detail"
[GIN] 2022/10/25 - 10:56:19 | 204 |            0s |             ::1 | OPTIONS  "/api/auth/detail"
[GIN] 2022/10/25 - 10:56:19 | 200 |      1.2167ms |             ::1 | GET      "/api/auth/detail"
[GIN] 2022/10/25 - 10:56:23 | 204 |            0s |             ::1 | OPTIONS  "/vue-element-admin/article/list?page=1&limit=20&sort=%2Bid"
[GIN] 2022/10/25 - 10:56:23 | 404 |            0s |             ::1 | GET      "/vue-element-admin/article/list?page=1&limit=20&sort=%2Bid"
[GIN] 2022/10/25 - 10:58:34 | 204 |       886.6µs |             ::1 | OPTIONS  "/api/auth/detail"
[GIN] 2022/10/25 - 10:58:34 | 200 |      1.4129ms |             ::1 | GET      "/api/auth/detail"
[GIN] 2022/10/25 - 10:58:34 | 204 |            0s |             ::1 | OPTIONS  "/vue-element-admin/article/list?page=1&limit=20&sort=%2Bid"
[GIN] 2022/10/25 - 10:58:34 | 404 |            0s |             ::1 | GET      "/vue-element-admin/article/list?page=1&limit=20&sort=%2Bid"
[GIN] 2022/10/25 - 10:58:38 | 204 |            0s |             ::1 | OPTIONS  "/vue-element-admin/transaction/list"
[GIN] 2022/10/25 - 10:58:38 | 404 |            0s |             ::1 | GET      "/vue-element-admin/transaction/list"
[GIN] 2022/10/25 - 10:58:40 | 204 |            0s |             ::1 | OPTIONS  "/vue-element-admin/article/list?page=1&limit=20&sort=%2Bid"
[GIN] 2022/10/25 - 10:58:40 | 404 |            0s |             ::1 | GET      "/vue-element-admin/article/list?page=1&limit=20&sort=%2Bid"
[GIN] 2022/10/25 - 10:59:59 | 204 |            0s |             ::1 | OPTIONS  "/api/auth/detail"
[GIN] 2022/10/25 - 10:59:59 | 200 |      1.1393ms |             ::1 | GET      "/api/auth/detail"
[GIN] 2022/10/25 - 10:59:59 | 204 |            0s |             ::1 | OPTIONS  "/vue-element-admin/article/list?page=1&limit=20&sort=%2Bid"
[GIN] 2022/10/25 - 10:59:59 | 404 |            0s |             ::1 | GET      "/vue-element-admin/article/list?page=1&limit=20&sort=%2Bid"
[GIN] 2022/10/25 - 11:00:04 | 204 |            0s |             ::1 | OPTIONS  "/vue-element-admin/transaction/list"
[GIN] 2022/10/25 - 11:00:04 | 404 |            0s |             ::1 | GET      "/vue-element-admin/transaction/list"
[GIN] 2022/10/25 - 11:00:06 | 204 |            0s |             ::1 | OPTIONS  "/vue-element-admin/article/list?page=1&limit=20&sort=%2Bid"
[GIN] 2022/10/25 - 11:00:06 | 404 |            0s |             ::1 | GET      "/vue-element-admin/article/list?page=1&limit=20&sort=%2Bid"
[GIN] 2022/10/25 - 11:00:09 | 404 |            0s |             ::1 | GET      "/vue-element-admin/article/list?page=1&limit=20&sort=%2Bid"
[GIN] 2022/10/25 - 11:01:06 | 204 |            0s |             ::1 | OPTIONS  "/vue-element-admin/article/list?page=1&limit=20&sort=%2Bid"
[GIN] 2022/10/25 - 11:01:06 | 404 |            0s |             ::1 | GET      "/vue-element-admin/article/list?page=1&limit=20&sort=%2Bid"
[GIN] 2022/10/25 - 11:02:49 | 204 |            0s |             ::1 | OPTIONS  "/api/auth/detail"
[GIN] 2022/10/25 - 11:02:49 | 200 |      1.8575ms |             ::1 | GET      "/api/auth/detail"
[GIN] 2022/10/25 - 11:02:49 | 204 |            0s |             ::1 | OPTIONS  "/vue-element-admin/transaction/list"
[GIN] 2022/10/25 - 11:02:49 | 404 |            0s |             ::1 | GET      "/vue-element-admin/transaction/list"
[GIN] 2022/10/25 - 11:03:02 | 204 |            0s |             ::1 | OPTIONS  "/api/auth/detail"
[GIN] 2022/10/25 - 11:03:02 | 200 |      1.3832ms |             ::1 | GET      "/api/auth/detail"
[GIN] 2022/10/25 - 11:03:03 | 204 |            0s |             ::1 | OPTIONS  "/vue-element-admin/transaction/list"
[GIN] 2022/10/25 - 11:03:03 | 404 |            0s |             ::1 | GET      "/vue-element-admin/transaction/list"
[GIN] 2022/10/25 - 11:03:06 | 204 |            0s |             ::1 | OPTIONS  "/api/manager/logout"
[GIN] 2022/10/25 - 11:03:06 | 200 |            0s |             ::1 | POST     "/api/manager/logout"
[GIN] 2022/10/25 - 11:03:08 | 200 |     50.1105ms |             ::1 | POST     "/api/manager/login"
[GIN] 2022/10/25 - 11:03:08 | 204 |            0s |             ::1 | OPTIONS  "/api/auth/detail"
[GIN] 2022/10/25 - 11:03:08 | 200 |       993.7µs |             ::1 | GET      "/api/auth/detail"
[GIN] 2022/10/25 - 11:03:08 | 204 |            0s |             ::1 | OPTIONS  "/vue-element-admin/transaction/list"
[GIN] 2022/10/25 - 11:03:08 | 404 |            0s |             ::1 | GET      "/vue-element-admin/transaction/list"
[GIN] 2022/10/25 - 11:03:12 | 404 |            0s |             ::1 | GET      "/vue-element-admin/transaction/list"
[GIN] 2022/10/25 - 11:03:46 | 204 |       972.2µs |             ::1 | OPTIONS  "/api/auth/detail"
[GIN] 2022/10/25 - 11:03:46 | 200 |       1.126ms |             ::1 | GET      "/api/auth/detail"
[GIN] 2022/10/25 - 11:03:46 | 204 |            0s |             ::1 | OPTIONS  "/vue-element-admin/transaction/list"
[GIN] 2022/10/25 - 11:03:46 | 404 |            0s |             ::1 | GET      "/vue-element-admin/transaction/list"
[GIN] 2022/10/25 - 11:04:16 | 204 |            0s |             ::1 | OPTIONS  "/api/auth/detail"
[GIN] 2022/10/25 - 11:04:16 | 200 |       994.4µs |             ::1 | GET      "/api/auth/detail"
[GIN] 2022/10/25 - 11:04:44 | 204 |            0s |             ::1 | OPTIONS  "/api/auth/detail"
[GIN] 2022/10/25 - 11:04:44 | 200 |       1.464ms |             ::1 | GET      "/api/auth/detail"
[GIN] 2022/10/25 - 11:04:47 | 200 |       873.7µs |             ::1 | GET      "/api/auth/detail"
[GIN] 2022/10/25 - 11:04:47 | 204 |            0s |             ::1 | OPTIONS  "/vue-element-admin/transaction/list"
[GIN] 2022/10/25 - 11:04:47 | 404 |            0s |             ::1 | GET      "/vue-element-admin/transaction/list"
[GIN] 2022/10/25 - 11:04:59 | 204 |            0s |             ::1 | OPTIONS  "/api/auth/detail"
[GIN] 2022/10/25 - 11:04:59 | 200 |      1.2549ms |             ::1 | GET      "/api/auth/detail"
[GIN] 2022/10/25 - 11:06:14 | 204 |            0s |             ::1 | OPTIONS  "/api/auth/detail"
[GIN] 2022/10/25 - 11:06:14 | 200 |      1.1104ms |             ::1 | GET      "/api/auth/detail"
[GIN] 2022/10/25 - 11:06:18 | 200 |      1.8622ms |             ::1 | GET      "/api/auth/detail"
[GIN] 2022/10/25 - 11:06:18 | 204 |            0s |             ::1 | OPTIONS  "/vue-element-admin/transaction/list"
[GIN] 2022/10/25 - 11:06:18 | 404 |            0s |             ::1 | GET      "/vue-element-admin/transaction/list"
[GIN] 2022/10/25 - 11:11:37 | 204 |            0s |             ::1 | OPTIONS  "/api/auth/detail"
[GIN] 2022/10/25 - 11:11:37 | 200 |      2.7709ms |             ::1 | GET      "/api/auth/detail"
[GIN] 2022/10/25 - 11:11:37 | 204 |            0s |             ::1 | OPTIONS  "/vue-element-admin/transaction/list"
[GIN] 2022/10/25 - 11:11:37 | 404 |            0s |             ::1 | GET      "/vue-element-admin/transaction/list"
[GIN] 2022/10/25 - 11:13:39 | 204 |            0s |             ::1 | OPTIONS  "/api/auth/detail"
[GIN] 2022/10/25 - 11:13:39 | 200 |      1.4415ms |             ::1 | GET      "/api/auth/detail"
[GIN] 2022/10/25 - 11:13:39 | 204 |            0s |             ::1 | OPTIONS  "/vue-element-admin/transaction/list"
[GIN] 2022/10/25 - 11:13:39 | 404 |            0s |             ::1 | GET      "/vue-element-admin/transaction/list"
[GIN] 2022/10/25 - 11:13:52 | 204 |            0s |             ::1 | OPTIONS  "/api/manager/logout"
[GIN] 2022/10/25 - 11:13:52 | 200 |            0s |             ::1 | POST     "/api/manager/logout"
[GIN] 2022/10/25 - 11:13:53 | 200 |     51.2076ms |             ::1 | POST     "/api/manager/login"
[GIN] 2022/10/25 - 11:13:53 | 204 |            0s |             ::1 | OPTIONS  "/api/auth/detail"
[GIN] 2022/10/25 - 11:13:53 | 200 |       749.9µs |             ::1 | GET      "/api/auth/detail"
[GIN] 2022/10/25 - 11:13:55 | 204 |            0s |             ::1 | OPTIONS  "/vue-element-admin/transaction/list"
[GIN] 2022/10/25 - 11:13:55 | 404 |            0s |             ::1 | GET      "/vue-element-admin/transaction/list"
[GIN] 2022/10/25 - 11:14:02 | 204 |       989.2µs |             ::1 | OPTIONS  "/vue-element-admin/routes"
[GIN] 2022/10/25 - 11:14:02 | 204 |            0s |             ::1 | OPTIONS  "/vue-element-admin/roles"
[GIN] 2022/10/25 - 11:14:02 | 404 |            0s |             ::1 | GET      "/vue-element-admin/routes"
[GIN] 2022/10/25 - 11:14:02 | 404 |            0s |             ::1 | GET      "/vue-element-admin/roles"
[GIN] 2022/10/25 - 11:14:50 | 204 |            0s |             ::1 | OPTIONS  "/api/auth/detail"
[GIN] 2022/10/25 - 11:14:50 | 200 |      1.7411ms |             ::1 | GET      "/api/auth/detail"
[GIN] 2022/10/25 - 11:15:23 | 204 |            0s |             ::1 | OPTIONS  "/api/auth/detail"
[GIN] 2022/10/25 - 11:15:23 | 200 |      1.1941ms |             ::1 | GET      "/api/auth/detail"
[GIN] 2022/10/25 - 11:15:24 | 200 |      1.1439ms |             ::1 | GET      "/api/auth/detail"
[GIN] 2022/10/25 - 11:15:24 | 204 |            0s |             ::1 | OPTIONS  "/vue-element-admin/transaction/list"
[GIN] 2022/10/25 - 11:15:24 | 404 |            0s |             ::1 | GET      "/vue-element-admin/transaction/list"
[GIN] 2022/10/25 - 11:18:28 | 204 |            0s |             ::1 | OPTIONS  "/api/auth/detail"
[GIN] 2022/10/25 - 11:18:28 | 200 |      1.5324ms |             ::1 | GET      "/api/auth/detail"
[GIN] 2022/10/25 - 11:18:32 | 204 |            0s |             ::1 | OPTIONS  "/api/manager/logout"
[GIN] 2022/10/25 - 11:18:32 | 200 |            0s |             ::1 | POST     "/api/manager/logout"
[GIN] 2022/10/25 - 11:18:33 | 200 |     51.6821ms |             ::1 | POST     "/api/manager/login"
[GIN] 2022/10/25 - 11:18:33 | 204 |            0s |             ::1 | OPTIONS  "/api/auth/detail"
[GIN] 2022/10/25 - 11:18:33 | 200 |       1.159ms |             ::1 | GET      "/api/auth/detail"
[GIN] 2022/10/25 - 11:28:19 | 204 |            0s |             ::1 | OPTIONS  "/api/auth/detail"
[GIN] 2022/10/25 - 11:28:19 | 200 |      1.6955ms |             ::1 | GET      "/api/auth/detail"
[GIN] 2022/10/25 - 11:28:26 | 204 |            0s |             ::1 | OPTIONS  "/api/manager/logout"
[GIN] 2022/10/25 - 11:28:26 | 200 |            0s |             ::1 | POST     "/api/manager/logout"
[GIN] 2022/10/25 - 11:28:51 | 200 |     51.6435ms |             ::1 | POST     "/api/manager/login"
[GIN] 2022/10/25 - 11:28:51 | 204 |            0s |             ::1 | OPTIONS  "/api/auth/detail"
[GIN] 2022/10/25 - 11:28:51 | 200 |      1.7012ms |             ::1 | GET      "/api/auth/detail"
[GIN] 2022/10/25 - 11:29:04 | 204 |            0s |             ::1 | OPTIONS  "/api/auth/detail"
[GIN] 2022/10/25 - 11:29:04 | 200 |      1.3933ms |             ::1 | GET      "/api/auth/detail"
[GIN] 2022/10/25 - 11:29:06 | 200 |         832µs |             ::1 | GET      "/api/auth/detail"
[GIN] 2022/10/25 - 11:29:08 | 200 |     51.6677ms |             ::1 | POST     "/api/manager/login"
[GIN] 2022/10/25 - 11:30:09 | 200 |     51.2654ms |             ::1 | POST     "/api/manager/login"
[GIN] 2022/10/25 - 11:30:12 | 200 |     49.6657ms |             ::1 | POST     "/api/manager/login"
[GIN] 2022/10/25 - 11:30:33 | 200 |     51.7842ms |             ::1 | POST     "/api/manager/login"
[GIN] 2022/10/25 - 11:30:48 | 200 |       50.96ms |             ::1 | POST     "/api/manager/login"
[GIN] 2022/10/25 - 11:30:48 | 204 |            0s |             ::1 | OPTIONS  "/api/auth/detail"
[GIN] 2022/10/25 - 11:30:48 | 200 |       994.4µs |             ::1 | GET      "/api/auth/detail"
[GIN] 2022/10/25 - 11:30:56 | 204 |            0s |             ::1 | OPTIONS  "/api/manager/logout"
[GIN] 2022/10/25 - 11:30:56 | 200 |        60.6µs |             ::1 | POST     "/api/manager/logout"
[GIN] 2022/10/25 - 11:31:00 | 200 |      1.5936ms |             ::1 | POST     "/api/manager/login"
[GIN] 2022/10/25 - 11:31:01 | 200 |      1.5702ms |             ::1 | POST     "/api/manager/login"
[GIN] 2022/10/25 - 11:31:40 | 200 |     50.3699ms |             ::1 | POST     "/api/manager/login"
[GIN] 2022/10/25 - 11:31:40 | 204 |            0s |             ::1 | OPTIONS  "/api/auth/detail"
[GIN] 2022/10/25 - 11:31:40 | 200 |      1.6047ms |             ::1 | GET      "/api/auth/detail"
[GIN] 2022/10/25 - 11:31:44 | 204 |            0s |             ::1 | OPTIONS  "/api/manager/logout"
[GIN] 2022/10/25 - 11:31:44 | 200 |            0s |             ::1 | POST     "/api/manager/logout"
[GIN] 2022/10/25 - 11:31:49 | 200 |      5.5649ms |             ::1 | POST     "/api/manager/login"
[GIN] 2022/10/25 - 11:31:50 | 200 |      1.6357ms |             ::1 | POST     "/api/manager/login"
[GIN] 2022/10/25 - 11:31:51 | 200 |      1.8383ms |             ::1 | POST     "/api/manager/login"
[GIN] 2022/10/25 - 11:31:51 | 200 |      1.6496ms |             ::1 | POST     "/api/manager/login"
[GIN] 2022/10/25 - 11:31:52 | 200 |      1.2207ms |             ::1 | POST     "/api/manager/login"
[GIN] 2022/10/25 - 11:31:52 | 200 |      1.6982ms |             ::1 | POST     "/api/manager/login"
[GIN] 2022/10/25 - 11:31:52 | 200 |      1.5034ms |             ::1 | POST     "/api/manager/login"
[GIN] 2022/10/25 - 11:31:52 | 200 |      1.3271ms |             ::1 | POST     "/api/manager/login"
[GIN] 2022/10/25 - 11:32:30 | 200 |       857.1µs |             ::1 | POST     "/api/manager/login"
[GIN] 2022/10/25 - 11:32:31 | 200 |      1.5166ms |             ::1 | POST     "/api/manager/login"
[GIN] 2022/10/25 - 11:32:31 | 200 |      1.1767ms |             ::1 | POST     "/api/manager/login"
[GIN] 2022/10/25 - 11:32:31 | 200 |      1.1247ms |             ::1 | POST     "/api/manager/login"
[GIN] 2022/10/25 - 11:32:31 | 200 |       1.355ms |             ::1 | POST     "/api/manager/login"
[GIN] 2022/10/25 - 11:33:28 | 200 |     53.0197ms |             ::1 | POST     "/api/manager/login"
[GIN] 2022/10/25 - 11:33:28 | 204 |            0s |             ::1 | OPTIONS  "/api/auth/detail"
[GIN] 2022/10/25 - 11:33:28 | 200 |       914.8µs |             ::1 | GET      "/api/auth/detail"
[GIN] 2022/10/25 - 11:34:33 | 204 |            0s |             ::1 | OPTIONS  "/api/manager/logout"
[GIN] 2022/10/25 - 11:34:33 | 200 |            0s |             ::1 | POST     "/api/manager/logout"
[GIN] 2022/10/25 - 11:34:35 | 200 |      2.1478ms |             ::1 | POST     "/api/manager/login"
[GIN] 2022/10/25 - 11:34:54 | 200 |      1.4452ms |             ::1 | POST     "/api/manager/login"
[GIN] 2022/10/25 - 11:34:55 | 200 |      1.2598ms |             ::1 | POST     "/api/manager/login"
[GIN] 2022/10/25 - 11:35:11 | 200 |      51.134ms |             ::1 | POST     "/api/manager/login"
[GIN] 2022/10/25 - 11:35:11 | 204 |            0s |             ::1 | OPTIONS  "/api/auth/detail"
[GIN] 2022/10/25 - 11:35:11 | 200 |      1.5371ms |             ::1 | GET      "/api/auth/detail"
[GIN] 2022/10/25 - 11:35:15 | 204 |            0s |             ::1 | OPTIONS  "/api/manager/logout"
[GIN] 2022/10/25 - 11:35:15 | 200 |            0s |             ::1 | POST     "/api/manager/logout"
[GIN] 2022/10/25 - 11:35:20 | 200 |      1.8536ms |             ::1 | POST     "/api/manager/login"
[GIN] 2022/10/25 - 11:36:26 | 200 |     50.7991ms |             ::1 | POST     "/api/manager/login"
[GIN] 2022/10/25 - 11:36:26 | 204 |            0s |             ::1 | OPTIONS  "/api/auth/detail"
[GIN] 2022/10/25 - 11:36:26 | 200 |      1.9974ms |             ::1 | GET      "/api/auth/detail"
[GIN] 2022/10/25 - 11:36:28 | 204 |            0s |             ::1 | OPTIONS  "/api/manager/logout"
[GIN] 2022/10/25 - 11:36:28 | 200 |            0s |             ::1 | POST     "/api/manager/logout"
[GIN] 2022/10/25 - 11:36:33 | 200 |      2.0946ms |             ::1 | POST     "/api/manager/login"
[GIN] 2022/10/25 - 11:36:34 | 200 |      1.4218ms |             ::1 | POST     "/api/manager/login"
[GIN] 2022/10/25 - 11:36:56 | 200 |      2.9629ms |             ::1 | POST     "/api/manager/login"
[GIN] 2022/10/25 - 11:37:02 | 200 |     51.5368ms |             ::1 | POST     "/api/manager/login"
[GIN] 2022/10/25 - 11:37:02 | 204 |            0s |             ::1 | OPTIONS  "/api/auth/detail"
[GIN] 2022/10/25 - 11:37:02 | 200 |      1.1099ms |             ::1 | GET      "/api/auth/detail"
[GIN] 2022/10/25 - 11:37:26 | 204 |            0s |             ::1 | OPTIONS  "/api/auth/detail"
[GIN] 2022/10/25 - 11:37:26 | 200 |      1.3616ms |             ::1 | GET      "/api/auth/detail"
[GIN] 2022/10/25 - 11:37:43 | 204 |            0s |             ::1 | OPTIONS  "/api/manager/logout"
[GIN] 2022/10/25 - 11:37:43 | 200 |            0s |             ::1 | POST     "/api/manager/logout"
[GIN] 2022/10/25 - 11:37:44 | 200 |     50.5112ms |             ::1 | POST     "/api/manager/login"
[GIN] 2022/10/25 - 11:37:44 | 204 |            0s |             ::1 | OPTIONS  "/api/auth/detail"
[GIN] 2022/10/25 - 11:37:44 | 200 |      1.4429ms |             ::1 | GET      "/api/auth/detail"
[GIN] 2022/10/25 - 11:38:01 | 204 |            0s |             ::1 | OPTIONS  "/api/auth/detail"
[GIN] 2022/10/25 - 11:38:01 | 200 |      2.3814ms |             ::1 | GET      "/api/auth/detail"
[GIN] 2022/10/25 - 11:38:07 | 204 |            0s |             ::1 | OPTIONS  "/api/manager/logout"
[GIN] 2022/10/25 - 11:38:07 | 200 |            0s |             ::1 | POST     "/api/manager/logout"
[GIN] 2022/10/25 - 11:38:09 | 200 |      1.7481ms |             ::1 | POST     "/api/manager/login"
[GIN] 2022/10/25 - 11:38:11 | 200 |      1.0878ms |             ::1 | POST     "/api/manager/login"
[GIN] 2022/10/25 - 11:38:11 | 200 |      1.9801ms |             ::1 | POST     "/api/manager/login"
[GIN] 2022/10/25 - 11:38:11 | 200 |      1.6837ms |             ::1 | POST     "/api/manager/login"
[GIN] 2022/10/25 - 11:38:11 | 200 |      1.6804ms |             ::1 | POST     "/api/manager/login"
[GIN] 2022/10/25 - 11:38:12 | 200 |      1.0376ms |             ::1 | POST     "/api/manager/login"
[GIN] 2022/10/25 - 11:38:12 | 200 |      2.1763ms |             ::1 | POST     "/api/manager/login"
[GIN] 2022/10/25 - 11:38:12 | 200 |       960.5µs |             ::1 | POST     "/api/manager/login"
[GIN] 2022/10/25 - 11:38:12 | 200 |       918.9µs |             ::1 | POST     "/api/manager/login"
[GIN] 2022/10/25 - 11:38:12 | 200 |       719.2µs |             ::1 | POST     "/api/manager/login"
[GIN] 2022/10/25 - 11:38:37 | 200 |     54.5384ms |             ::1 | POST     "/api/manager/login"
[GIN] 2022/10/25 - 11:38:37 | 204 |            0s |             ::1 | OPTIONS  "/api/auth/detail"
[GIN] 2022/10/25 - 11:38:37 | 200 |      1.0975ms |             ::1 | GET      "/api/auth/detail"
[GIN] 2022/10/25 - 11:38:40 | 204 |            0s |             ::1 | OPTIONS  "/api/manager/logout"
[GIN] 2022/10/25 - 11:38:40 | 200 |            0s |             ::1 | POST     "/api/manager/logout"
[GIN] 2022/10/25 - 11:38:45 | 200 |      1.1121ms |             ::1 | POST     "/api/manager/login"
[GIN] 2022/10/25 - 11:39:03 | 200 |     50.3878ms |             ::1 | POST     "/api/manager/login"
[GIN] 2022/10/25 - 11:39:03 | 204 |            0s |             ::1 | OPTIONS  "/api/auth/detail"
[GIN] 2022/10/25 - 11:39:03 | 200 |      2.0959ms |             ::1 | GET      "/api/auth/detail"
[GIN] 2022/10/25 - 11:39:06 | 204 |            0s |             ::1 | OPTIONS  "/api/manager/logout"
[GIN] 2022/10/25 - 11:39:06 | 200 |            0s |             ::1 | POST     "/api/manager/logout"
[GIN] 2022/10/25 - 11:39:07 | 200 |      2.2972ms |             ::1 | POST     "/api/manager/login"
[GIN] 2022/10/25 - 11:39:08 | 200 |      1.7305ms |             ::1 | POST     "/api/manager/login"
[GIN] 2022/10/25 - 11:39:09 | 200 |       727.1µs |             ::1 | POST     "/api/manager/login"
[GIN] 2022/10/25 - 11:39:09 | 200 |      1.1067ms |             ::1 | POST     "/api/manager/login"
[GIN] 2022/10/25 - 11:39:09 | 200 |      1.2623ms |             ::1 | POST     "/api/manager/login"
[GIN] 2022/10/25 - 11:39:10 | 200 |      1.4903ms |             ::1 | POST     "/api/manager/login"
[GIN] 2022/10/25 - 11:39:39 | 200 |      2.0442ms |             ::1 | POST     "/api/manager/login"
[GIN] 2022/10/25 - 11:39:39 | 200 |      2.0496ms |             ::1 | POST     "/api/manager/login"
[GIN] 2022/10/25 - 11:39:40 | 200 |      1.8509ms |             ::1 | POST     "/api/manager/login"
[GIN] 2022/10/25 - 11:40:28 | 200 |      2.3564ms |             ::1 | POST     "/api/manager/login"
[GIN] 2022/10/25 - 11:40:29 | 200 |      1.2292ms |             ::1 | POST     "/api/manager/login"
[GIN] 2022/10/25 - 11:41:02 | 200 |      2.1174ms |             ::1 | POST     "/api/manager/login"
[GIN] 2022/10/25 - 11:41:21 | 200 |      1.0099ms |             ::1 | POST     "/api/manager/login"
[GIN] 2022/10/25 - 11:41:53 | 200 |      50.771ms |             ::1 | POST     "/api/manager/login"
[GIN] 2022/10/25 - 11:41:53 | 204 |            0s |             ::1 | OPTIONS  "/api/auth/detail"
[GIN] 2022/10/25 - 11:41:53 | 200 |      1.2968ms |             ::1 | GET      "/api/auth/detail"
[GIN] 2022/10/25 - 11:41:56 | 204 |            0s |             ::1 | OPTIONS  "/api/manager/logout"
[GIN] 2022/10/25 - 11:41:56 | 200 |            0s |             ::1 | POST     "/api/manager/logout"
[GIN] 2022/10/25 - 11:41:58 | 200 |      1.4094ms |             ::1 | POST     "/api/manager/login"
[GIN] 2022/10/25 - 11:41:59 | 200 |       1.549ms |             ::1 | POST     "/api/manager/login"
[GIN] 2022/10/25 - 11:41:59 | 200 |      1.7375ms |             ::1 | POST     "/api/manager/login"
[GIN] 2022/10/25 - 11:42:00 | 200 |       1.465ms |             ::1 | POST     "/api/manager/login"
[GIN] 2022/10/25 - 11:42:00 | 200 |       2.136ms |             ::1 | POST     "/api/manager/login"
[GIN] 2022/10/25 - 11:42:00 | 200 |      1.1424ms |             ::1 | POST     "/api/manager/login"
[GIN] 2022/10/25 - 11:42:00 | 200 |      1.7554ms |             ::1 | POST     "/api/manager/login"
[GIN] 2022/10/25 - 11:42:00 | 200 |      1.9137ms |             ::1 | POST     "/api/manager/login"
[GIN] 2022/10/25 - 11:42:01 | 200 |      1.3055ms |             ::1 | POST     "/api/manager/login"
[GIN] 2022/10/25 - 11:42:01 | 200 |       930.2µs |             ::1 | POST     "/api/manager/login"
[GIN] 2022/10/25 - 11:42:01 | 200 |      1.7492ms |             ::1 | POST     "/api/manager/login"
[GIN] 2022/10/25 - 11:42:41 | 200 |      1.5766ms |             ::1 | POST     "/api/manager/login"
[GIN] 2022/10/25 - 11:42:42 | 200 |       637.6µs |             ::1 | POST     "/api/manager/login"
[GIN] 2022/10/25 - 11:42:42 | 200 |       1.626ms |             ::1 | POST     "/api/manager/login"
[GIN] 2022/10/25 - 11:42:43 | 200 |      1.3368ms |             ::1 | POST     "/api/manager/login"
[GIN] 2022/10/25 - 11:42:43 | 200 |       876.3µs |             ::1 | POST     "/api/manager/login"
[GIN] 2022/10/25 - 11:43:02 | 200 |      1.5267ms |             ::1 | POST     "/api/manager/login"
[GIN] 2022/10/25 - 11:43:59 | 200 |      1.9967ms |             ::1 | POST     "/api/manager/login"
[GIN] 2022/10/25 - 11:44:32 | 200 |       1.463ms |             ::1 | POST     "/api/manager/login"
[GIN] 2022/10/25 - 11:44:37 | 200 |     51.1168ms |             ::1 | POST     "/api/manager/login"
[GIN] 2022/10/25 - 11:44:37 | 204 |            0s |             ::1 | OPTIONS  "/api/auth/detail"
[GIN] 2022/10/25 - 11:44:37 | 200 |      1.6534ms |             ::1 | GET      "/api/auth/detail"
[GIN] 2022/10/25 - 11:45:29 | 204 |            0s |             ::1 | OPTIONS  "/api/auth/detail"
[GIN] 2022/10/25 - 11:45:29 | 200 |      1.3261ms |             ::1 | GET      "/api/auth/detail"
[GIN] 2022/10/25 - 13:17:41 | 204 |            0s |             ::1 | OPTIONS  "/api/auth/detail"
[GIN] 2022/10/25 - 13:17:41 | 200 |      1.0024ms |             ::1 | GET      "/api/auth/detail"
[GIN] 2022/10/25 - 13:18:44 | 204 |            0s |             ::1 | OPTIONS  "/api/auth/detail"
[GIN] 2022/10/25 - 13:18:44 | 200 |       1.503ms |             ::1 | GET      "/api/auth/detail"
[GIN] 2022/10/25 - 13:19:06 | 204 |            0s |             ::1 | OPTIONS  "/api/auth/detail"
[GIN] 2022/10/25 - 13:19:06 | 200 |      1.6426ms |             ::1 | GET      "/api/auth/detail"
[GIN] 2022/10/25 - 13:19:12 | 204 |            0s |             ::1 | OPTIONS  "/api/auth/detail"
[GIN] 2022/10/25 - 13:19:12 | 200 |      1.4861ms |             ::1 | GET      "/api/auth/detail"
[GIN] 2022/10/25 - 13:19:16 | 200 |      1.1868ms |             ::1 | GET      "/api/auth/detail"
[GIN] 2022/10/25 - 13:19:54 | 204 |            0s |             ::1 | OPTIONS  "/api/auth/detail"
[GIN] 2022/10/25 - 13:19:54 | 200 |       998.5µs |             ::1 | GET      "/api/auth/detail"
[GIN] 2022/10/25 - 13:20:04 | 204 |       995.1µs |             ::1 | OPTIONS  "/api/auth/detail"
[GIN] 2022/10/25 - 13:20:04 | 200 |       707.6µs |             ::1 | GET      "/api/auth/detail"
[GIN] 2022/10/25 - 13:20:07 | 200 |      1.9146ms |             ::1 | GET      "/api/auth/detail"
[GIN] 2022/10/25 - 13:23:16 | 204 |            0s |             ::1 | OPTIONS  "/api/auth/detail"
[GIN] 2022/10/25 - 13:23:16 | 200 |      1.2541ms |             ::1 | GET      "/api/auth/detail"
[GIN] 2022/10/25 - 13:24:41 | 204 |            0s |             ::1 | OPTIONS  "/api/auth/detail"
[GIN] 2022/10/25 - 13:24:41 | 200 |       999.5µs |             ::1 | GET      "/api/auth/detail"
[GIN] 2022/10/25 - 13:25:06 | 204 |            0s |             ::1 | OPTIONS  "/api/auth/detail"
[GIN] 2022/10/25 - 13:25:06 | 200 |      1.4466ms |             ::1 | GET      "/api/auth/detail"
[GIN] 2022/10/25 - 13:25:52 | 204 |            0s |             ::1 | OPTIONS  "/api/auth/detail"
[GIN] 2022/10/25 - 13:25:52 | 200 |      1.4476ms |             ::1 | GET      "/api/auth/detail"
[GIN] 2022/10/25 - 13:26:34 | 204 |            0s |             ::1 | OPTIONS  "/api/auth/detail"
[GIN] 2022/10/25 - 13:26:34 | 200 |      1.1886ms |             ::1 | GET      "/api/auth/detail"
[GIN] 2022/10/25 - 13:30:20 | 204 |            0s |             ::1 | OPTIONS  "/api/auth/detail"
[GIN] 2022/10/25 - 13:30:20 | 200 |      2.1748ms |             ::1 | GET      "/api/auth/detail"
[GIN] 2022/10/25 - 13:31:00 | 204 |            0s |             ::1 | OPTIONS  "/api/auth/detail"
[GIN] 2022/10/25 - 13:31:00 | 200 |      2.2431ms |             ::1 | GET      "/api/auth/detail"
[GIN] 2022/10/25 - 13:31:00 | 204 |            0s |             ::1 | OPTIONS  "/vue-element-admin/transaction/list"
[GIN] 2022/10/25 - 13:31:00 | 404 |            0s |             ::1 | GET      "/vue-element-admin/transaction/list"
[GIN] 2022/10/25 - 13:47:07 | 204 |            0s |             ::1 | OPTIONS  "/api/auth/detail"
[GIN] 2022/10/25 - 13:47:07 | 200 |      1.4009ms |             ::1 | GET      "/api/auth/detail"
[GIN] 2022/10/25 - 13:47:10 | 200 |      1.8029ms |             ::1 | GET      "/api/auth/detail"
[GIN] 2022/10/25 - 13:58:37 | 204 |            0s |             ::1 | OPTIONS  "/api/auth/detail"
[GIN] 2022/10/25 - 13:58:37 | 200 |         652µs |             ::1 | GET      "/api/auth/detail"
[GIN] 2022/10/25 - 13:59:28 | 204 |            0s |             ::1 | OPTIONS  "/api/auth/detail"
[GIN] 2022/10/25 - 13:59:28 | 200 |      1.2997ms |             ::1 | GET      "/api/auth/detail"
[GIN] 2022/10/25 - 13:59:45 | 204 |            0s |             ::1 | OPTIONS  "/api/manager/logout"
[GIN] 2022/10/25 - 13:59:45 | 200 |            0s |             ::1 | POST     "/api/manager/logout"
[GIN] 2022/10/25 - 13:59:46 | 200 |     50.7011ms |             ::1 | POST     "/api/manager/login"
[GIN] 2022/10/25 - 13:59:46 | 204 |            0s |             ::1 | OPTIONS  "/api/auth/detail"
[GIN] 2022/10/25 - 13:59:46 | 200 |       992.3µs |             ::1 | GET      "/api/auth/detail"
[GIN] 2022/10/25 - 13:59:51 | 204 |            0s |             ::1 | OPTIONS  "/api/auth/detail"
[GIN] 2022/10/25 - 13:59:51 | 200 |      1.3119ms |             ::1 | GET      "/api/auth/detail"
[GIN] 2022/10/25 - 14:01:13 | 204 |            0s |             ::1 | OPTIONS  "/api/auth/detail"
[GIN] 2022/10/25 - 14:01:13 | 200 |       1.578ms |             ::1 | GET      "/api/auth/detail"
[GIN] 2022/10/25 - 14:01:13 | 200 |      1.5674ms |             ::1 | GET      "/api/auth/detail"
[GIN] 2022/10/25 - 14:01:35 | 204 |            0s |             ::1 | OPTIONS  "/api/auth/detail"
[GIN] 2022/10/25 - 14:01:35 | 200 |       986.3µs |             ::1 | GET      "/api/auth/detail"
[GIN] 2022/10/25 - 14:01:35 | 200 |      1.6704ms |             ::1 | GET      "/api/auth/detail"
[GIN] 2022/10/25 - 14:01:42 | 204 |            0s |             ::1 | OPTIONS  "/api/auth/detail"
[GIN] 2022/10/25 - 14:01:42 | 200 |      1.2732ms |             ::1 | GET      "/api/auth/detail"
[GIN] 2022/10/25 - 14:01:42 | 200 |      1.3698ms |             ::1 | GET      "/api/auth/detail"
[GIN] 2022/10/25 - 14:08:22 | 204 |            0s |             ::1 | OPTIONS  "/vue-element-admin/transaction/list"
[GIN] 2022/10/25 - 14:08:22 | 204 |            0s |             ::1 | OPTIONS  "/vue-element-admin/transaction/list"
[GIN] 2022/10/25 - 14:08:22 | 404 |            0s |             ::1 | GET      "/vue-element-admin/transaction/list"
[GIN] 2022/10/25 - 14:08:22 | 404 |            0s |             ::1 | GET      "/vue-element-admin/transaction/list"
[GIN] 2022/10/25 - 14:09:11 | 204 |            0s |             ::1 | OPTIONS  "/api/book/al"
[GIN] 2022/10/25 - 14:09:11 | 404 |            0s |             ::1 | GET      "/api/book/al"
[GIN] 2022/10/25 - 14:09:11 | 404 |            0s |             ::1 | GET      "/api/book/al"
[GIN] 2022/10/25 - 14:09:18 | 204 |            0s |             ::1 | OPTIONS  "/api/book/all"
[GIN] 2022/10/25 - 14:09:18 | 204 |            0s |             ::1 | OPTIONS  "/api/book/all"
[GIN] 2022/10/25 - 14:09:18 | 200 |      1.9373ms |             ::1 | GET      "/api/book/all"
[GIN] 2022/10/25 - 14:09:18 | 200 |      1.7522ms |             ::1 | GET      "/api/book/all"
[GIN] 2022/10/25 - 14:10:52 | 204 |            0s |             ::1 | OPTIONS  "/api/book/all"
[GIN] 2022/10/25 - 14:10:52 | 200 |      1.3817ms |             ::1 | GET      "/api/book/all"
[GIN] 2022/10/25 - 14:10:52 | 200 |      2.0702ms |             ::1 | GET      "/api/book/all"
[GIN] 2022/10/25 - 14:10:57 | 204 |            0s |             ::1 | OPTIONS  "/api/auth/detail"
[GIN] 2022/10/25 - 14:10:57 | 200 |       1.273ms |             ::1 | GET      "/api/auth/detail"
[GIN] 2022/10/25 - 14:10:58 | 204 |            0s |             ::1 | OPTIONS  "/api/book/all"
[GIN] 2022/10/25 - 14:10:58 | 200 |      1.5452ms |             ::1 | GET      "/api/book/all"
[GIN] 2022/10/25 - 14:11:16 | 204 |            0s |             ::1 | OPTIONS  "/api/book/all"
[GIN] 2022/10/25 - 14:11:16 | 200 |      1.1359ms |             ::1 | GET      "/api/book/all"
[GIN] 2022/10/25 - 14:11:16 | 200 |      1.4007ms |             ::1 | GET      "/api/book/all"
[GIN] 2022/10/25 - 14:11:21 | 204 |            0s |             ::1 | OPTIONS  "/api/auth/detail"
[GIN] 2022/10/25 - 14:11:21 | 200 |      1.2216ms |             ::1 | GET      "/api/auth/detail"
[GIN] 2022/10/25 - 14:11:22 | 204 |            0s |             ::1 | OPTIONS  "/api/book/all"
[GIN] 2022/10/25 - 14:11:22 | 200 |      1.1699ms |             ::1 | GET      "/api/book/all"
[GIN] 2022/10/25 - 14:11:35 | 204 |            0s |             ::1 | OPTIONS  "/api/book/all"
[GIN] 2022/10/25 - 14:11:35 | 200 |      2.2098ms |             ::1 | GET      "/api/book/all"
[GIN] 2022/10/25 - 14:11:35 | 200 |      1.6601ms |             ::1 | GET      "/api/book/all"
[GIN] 2022/10/25 - 14:11:36 | 200 |      1.8927ms |             ::1 | GET      "/api/book/all"
[GIN] 2022/10/25 - 14:11:36 | 200 |      1.7371ms |             ::1 | GET      "/api/book/all"
[GIN] 2022/10/25 - 14:11:41 | 204 |            0s |             ::1 | OPTIONS  "/api/auth/detail"
[GIN] 2022/10/25 - 14:11:41 | 200 |       1.501ms |             ::1 | GET      "/api/auth/detail"
[GIN] 2022/10/25 - 14:11:41 | 204 |            0s |             ::1 | OPTIONS  "/api/book/all"
[GIN] 2022/10/25 - 14:11:41 | 200 |      1.2383ms |             ::1 | GET      "/api/book/all"
[GIN] 2022/10/25 - 14:12:20 | 204 |            0s |             ::1 | OPTIONS  "/api/book/all"
[GIN] 2022/10/25 - 14:12:20 | 200 |      1.7659ms |             ::1 | GET      "/api/book/all"
[GIN] 2022/10/25 - 14:12:20 | 200 |      2.4964ms |             ::1 | GET      "/api/book/all"
[GIN] 2022/10/25 - 14:12:25 | 204 |            0s |             ::1 | OPTIONS  "/api/book/all"
[GIN] 2022/10/25 - 14:12:25 | 200 |      1.1599ms |             ::1 | GET      "/api/book/all"
[GIN] 2022/10/25 - 14:12:25 | 200 |      1.5286ms |             ::1 | GET      "/api/book/all"
[GIN] 2022/10/25 - 14:12:28 | 204 |            0s |             ::1 | OPTIONS  "/api/auth/detail"
[GIN] 2022/10/25 - 14:12:28 | 200 |      1.7165ms |             ::1 | GET      "/api/auth/detail"
[GIN] 2022/10/25 - 14:12:29 | 200 |      1.2891ms |             ::1 | GET      "/api/book/all"
[GIN] 2022/10/25 - 14:12:57 | 204 |            0s |             ::1 | OPTIONS  "/api/book/all"
[GIN] 2022/10/25 - 14:12:57 | 200 |      1.9116ms |             ::1 | GET      "/api/book/all"
[GIN] 2022/10/25 - 14:12:57 | 200 |       1.314ms |             ::1 | GET      "/api/book/all"
[GIN] 2022/10/25 - 14:13:01 | 204 |            0s |             ::1 | OPTIONS  "/api/auth/detail"
[GIN] 2022/10/25 - 14:13:01 | 200 |      1.1416ms |             ::1 | GET      "/api/auth/detail"
[GIN] 2022/10/25 - 14:13:01 | 200 |       985.5µs |             ::1 | GET      "/api/book/all"
[GIN] 2022/10/25 - 14:15:31 | 204 |            0s |             ::1 | OPTIONS  "/api/book/all"
[GIN] 2022/10/25 - 14:15:31 | 200 |      1.9437ms |             ::1 | GET      "/api/book/all"
[GIN] 2022/10/25 - 14:15:31 | 200 |      1.7093ms |             ::1 | GET      "/api/book/all"
[GIN] 2022/10/25 - 14:16:40 | 204 |            0s |             ::1 | OPTIONS  "/api/auth/detail"
[GIN] 2022/10/25 - 14:16:40 | 200 |      1.4635ms |             ::1 | GET      "/api/auth/detail"
[GIN] 2022/10/25 - 14:16:40 | 204 |            0s |             ::1 | OPTIONS  "/api/book/all"
[GIN] 2022/10/25 - 14:16:40 | 200 |      1.5014ms |             ::1 | GET      "/api/book/all"
[GIN] 2022/10/25 - 14:16:55 | 204 |            0s |             ::1 | OPTIONS  "/api/book/all"
[GIN] 2022/10/25 - 14:16:55 | 200 |      1.9947ms |             ::1 | GET      "/api/book/all"
[GIN] 2022/10/25 - 14:16:55 | 200 |       941.1µs |             ::1 | GET      "/api/book/all"
[GIN] 2022/10/25 - 14:17:32 | 204 |            0s |             ::1 | OPTIONS  "/api/book/all"
[GIN] 2022/10/25 - 14:17:32 | 200 |      1.3204ms |             ::1 | GET      "/api/book/all"
[GIN] 2022/10/25 - 14:17:32 | 200 |      1.4761ms |             ::1 | GET      "/api/book/all"
[GIN] 2022/10/25 - 14:17:47 | 204 |            0s |             ::1 | OPTIONS  "/api/auth/detail"
[GIN] 2022/10/25 - 14:17:47 | 200 |      1.3769ms |             ::1 | GET      "/api/auth/detail"
[GIN] 2022/10/25 - 14:17:47 | 204 |            0s |             ::1 | OPTIONS  "/api/book/all"
[GIN] 2022/10/25 - 14:17:47 | 200 |      1.4582ms |             ::1 | GET      "/api/book/all"
[GIN] 2022/10/25 - 14:18:36 | 204 |            0s |             ::1 | OPTIONS  "/api/book/all"
[GIN] 2022/10/25 - 14:18:36 | 200 |       815.4µs |             ::1 | GET      "/api/book/all"
[GIN] 2022/10/25 - 14:18:36 | 200 |      3.5458ms |             ::1 | GET      "/api/book/all"
[GIN] 2022/10/25 - 14:20:32 | 204 |            0s |             ::1 | OPTIONS  "/api/auth/detail"
[GIN] 2022/10/25 - 14:20:32 | 200 |      1.7771ms |             ::1 | GET      "/api/auth/detail"
[GIN] 2022/10/25 - 14:20:32 | 204 |            0s |             ::1 | OPTIONS  "/api/book/all"
[GIN] 2022/10/25 - 14:20:32 | 200 |       1.475ms |             ::1 | GET      "/api/book/all"
