[GIN-debug] [WARNING] Creating an Engine instance with the Logger and Recovery middleware already attached.

[GIN-debug] [WARNING] Running in "debug" mode. Switch to "release" mode in production.
 - using env:	export GIN_MODE=release
 - using code:	gin.SetMode(gin.ReleaseMode)

[GIN-debug] POST   /api/auth/register        --> github.com/Wh0rigin/GraduationProject/controller.RegisterController (4 handlers)
[GIN-debug] POST   /api/auth/login           --> github.com/Wh0rigin/GraduationProject/controller.LoginController (4 handlers)
[GIN-debug] GET    /api/auth/detail          --> github.com/Wh0rigin/GraduationProject/controller.DetailController (5 handlers)
[GIN-debug] POST   /api/book/create          --> github.com/Wh0rigin/GraduationProject/controller.CreateBookController (5 handlers)
[GIN-debug] DELETE /api/book/delete          --> github.com/Wh0rigin/GraduationProject/controller.DeleteBookController (5 handlers)
[GIN-debug] GET    /api/book/all             --> github.com/Wh0rigin/GraduationProject/controller.AllBookController (5 handlers)
[GIN-debug] GET    /api/book/all/nondto      --> github.com/Wh0rigin/GraduationProject/controller.AllBookNonDto (5 handlers)
[GIN-debug] GET    /api/book/number/all      --> github.com/Wh0rigin/GraduationProject/controller.GetAllBookNumber (5 handlers)
[GIN-debug] GET    /api/book/number/rent     --> github.com/Wh0rigin/GraduationProject/controller.GetRentBookNumber (5 handlers)
[GIN-debug] GET    /api/book/number/available --> github.com/Wh0rigin/GraduationProject/controller.GetAvailableBookNumber (5 handlers)
[GIN-debug] POST   /api/book/add             --> github.com/Wh0rigin/GraduationProject/controller.AddBookController (5 handlers)
[GIN-debug] POST   /api/book/reduce          --> github.com/Wh0rigin/GraduationProject/controller.ReduceBookController (5 handlers)
[GIN-debug] POST   /api/book/rent            --> github.com/Wh0rigin/GraduationProject/controller.RentBookController (5 handlers)
[GIN-debug] POST   /api/book/return          --> github.com/Wh0rigin/GraduationProject/controller.ReturnBookController (5 handlers)
[GIN-debug] GET    /api/book/select/isbn/:isbn --> github.com/Wh0rigin/GraduationProject/controller.SelectBookController (5 handlers)
[GIN-debug] GET    /api/book/select/nondto/isbn/:isbn --> github.com/Wh0rigin/GraduationProject/controller.SelectBookNonDto (5 handlers)
[GIN-debug] GET    /api/sensor/all/:type     --> github.com/Wh0rigin/GraduationProject/controller.AllSensorDataController (5 handlers)
[GIN-debug] GET    /api/sensor/recent/:type/:limit --> github.com/Wh0rigin/GraduationProject/controller.RecentSensorDataController (5 handlers)
[GIN-debug] POST   /api/actuator/control     --> github.com/Wh0rigin/GraduationProject/controller.ControlController (5 handlers)
[GIN-debug] GET    /api/sensor/all/non/filtrate --> github.com/Wh0rigin/GraduationProject/controller.GetAllSensorDataNonFiltrate (5 handlers)
[GIN-debug] GET    /api/sensor/all/page      --> github.com/Wh0rigin/GraduationProject/controller.GetAllSensorDataLimit (5 handlers)
[GIN-debug] GET    /api/sensor/total/:sensorName --> github.com/Wh0rigin/GraduationProject/controller.SensorDataNumberByName (5 handlers)
[GIN-debug] POST   /api/manager/login        --> github.com/Wh0rigin/GraduationProject/controller.ManagerLoginController (4 handlers)
[GIN-debug] POST   /api/manager/logout       --> github.com/Wh0rigin/GraduationProject/controller.LogoutController (4 handlers)
[GIN-debug] GET    /api/manager/all/user     --> github.com/Wh0rigin/GraduationProject/controller.GetAllUser (5 handlers)
[GIN-debug] POST   /api/manager/delete/user  --> github.com/Wh0rigin/GraduationProject/controller.DeleteUser (5 handlers)
[GIN-debug] POST   /api/manager/update/user  --> github.com/Wh0rigin/GraduationProject/controller.UpdateUser (5 handlers)
[GIN-debug] GET    /swagger/*any             --> github.com/swaggo/gin-swagger.CustomWrapHandler.func1 (4 handlers)
[GIN-debug] [WARNING] You trusted all proxies, this is NOT safe. We recommend you to set a value.
Please check https://pkg.go.dev/github.com/gin-gonic/gin#readme-don-t-trust-all-proxies for details.
[GIN-debug] Listening and serving HTTP on :8080
[GIN] 2022/10/31 - 10:10:31 | 200 |      57.441ms |             ::1 | POST     "/api/manager/login"
[GIN] 2022/10/31 - 10:10:31 | 204 |            0s |             ::1 | OPTIONS  "/api/auth/detail"
[GIN] 2022/10/31 - 10:10:31 | 200 |      1.6867ms |             ::1 | GET      "/api/auth/detail"
[GIN] 2022/10/31 - 10:10:32 | 204 |            0s |             ::1 | OPTIONS  "/api/book/all"
[GIN] 2022/10/31 - 10:10:32 | 204 |            0s |             ::1 | OPTIONS  "/api/book/number/all"
[GIN] 2022/10/31 - 10:10:32 | 200 |      2.2064ms |             ::1 | GET      "/api/book/all"
[GIN] 2022/10/31 - 10:10:32 | 200 |      3.4235ms |             ::1 | GET      "/api/book/number/all"
[GIN] 2022/10/31 - 10:10:32 | 204 |            0s |             ::1 | OPTIONS  "/api/book/number/rent"
[GIN] 2022/10/31 - 10:10:32 | 200 |      2.0714ms |             ::1 | GET      "/api/book/number/rent"
[GIN] 2022/10/31 - 10:10:32 | 204 |            0s |             ::1 | OPTIONS  "/api/book/number/available"
[GIN] 2022/10/31 - 10:10:32 | 200 |      1.4106ms |             ::1 | GET      "/api/book/number/available"
[GIN] 2022/10/31 - 10:10:33 | 204 |            0s |             ::1 | OPTIONS  "/api/manager/all/user?page=1&limit=20&sort=%2Bid"
[GIN] 2022/10/31 - 10:10:33 | 200 |      1.7264ms |             ::1 | GET      "/api/manager/all/user?page=1&limit=20&sort=%2Bid"
[GIN] 2022/10/31 - 10:10:35 | 204 |            0s |             ::1 | OPTIONS  "/api/book/all/nondto?page=1&limit=20&sort=%2Bid"
[GIN] 2022/10/31 - 10:10:35 | 200 |      1.1253ms |             ::1 | GET      "/api/book/all/nondto?page=1&limit=20&sort=%2Bid"
[GIN] 2022/10/31 - 10:10:37 | 204 |            0s |             ::1 | OPTIONS  "/api/sensor/all/page?page=1&limit=20&sort=%2Bid"
[GIN] 2022/10/31 - 10:10:37 | 200 |     11.1194ms |             ::1 | GET      "/api/sensor/all/page?page=1&limit=20&sort=%2Bid"
[GIN] 2022/10/31 - 10:10:38 | 204 |            0s |             ::1 | OPTIONS  "/api/sensor/total/temperature"
[GIN] 2022/10/31 - 10:10:38 | 204 |            0s |             ::1 | OPTIONS  "/api/sensor/recent/temperature/7"
[GIN] 2022/10/31 - 10:10:38 | 200 |       552.7µs |             ::1 | GET      "/api/sensor/recent/temperature/7"
[GIN] 2022/10/31 - 10:10:38 | 200 |       2.231ms |             ::1 | GET      "/api/sensor/total/temperature"
[GIN] 2022/10/31 - 10:10:38 | 204 |            0s |             ::1 | OPTIONS  "/api/sensor/total/humidity"
[GIN] 2022/10/31 - 10:10:38 | 200 |      3.4475ms |             ::1 | GET      "/api/sensor/total/humidity"
[GIN] 2022/10/31 - 10:10:38 | 204 |            0s |             ::1 | OPTIONS  "/api/sensor/total/light"
[GIN] 2022/10/31 - 10:10:38 | 200 |       2.426ms |             ::1 | GET      "/api/sensor/total/light"
[GIN] 2022/10/31 - 10:10:38 | 204 |            0s |             ::1 | OPTIONS  "/api/sensor/total/lamp"
[GIN] 2022/10/31 - 10:10:38 | 200 |       2.631ms |             ::1 | GET      "/api/sensor/total/lamp"
[GIN] 2022/10/31 - 10:10:42 | 204 |            0s |             ::1 | OPTIONS  "/api/sensor/recent/fire/7"
[GIN] 2022/10/31 - 10:10:42 | 200 |      2.7344ms |             ::1 | GET      "/api/sensor/recent/fire/7"
[GIN] 2022/10/31 - 10:10:43 | 200 |      2.1158ms |             ::1 | GET      "/api/sensor/recent/fire/7"
[GIN] 2022/10/31 - 10:10:43 | 204 |            0s |             ::1 | OPTIONS  "/api/sensor/recent/temperature/7"
[GIN] 2022/10/31 - 10:10:43 | 200 |         937µs |             ::1 | GET      "/api/sensor/recent/temperature/7"
[GIN] 2022/10/31 - 10:10:44 | 200 |      3.1842ms |             ::1 | GET      "/api/sensor/recent/fire/7"
[GIN] 2022/10/31 - 10:10:48 | 204 |            0s |             ::1 | OPTIONS  "/api/sensor/recent/fire/7"
[GIN] 2022/10/31 - 10:10:48 | 200 |      2.0547ms |             ::1 | GET      "/api/sensor/recent/fire/7"
[GIN] 2022/10/31 - 10:10:53 | 204 |            0s |             ::1 | OPTIONS  "/api/sensor/recent/fire/7"
[GIN] 2022/10/31 - 10:10:53 | 200 |      2.2391ms |             ::1 | GET      "/api/sensor/recent/fire/7"
[GIN] 2022/10/31 - 10:10:58 | 204 |            0s |             ::1 | OPTIONS  "/api/sensor/recent/fire/7"
[GIN] 2022/10/31 - 10:10:58 | 200 |      2.0312ms |             ::1 | GET      "/api/sensor/recent/fire/7"
[GIN] 2022/10/31 - 10:11:03 | 200 |      1.8712ms |             ::1 | GET      "/api/sensor/recent/fire/7"
[GIN] 2022/10/31 - 10:11:08 | 204 |            0s |             ::1 | OPTIONS  "/api/sensor/recent/fire/7"
[GIN] 2022/10/31 - 10:11:08 | 200 |      2.2665ms |             ::1 | GET      "/api/sensor/recent/fire/7"
[GIN] 2022/10/31 - 10:11:13 | 200 |      2.2712ms |             ::1 | GET      "/api/sensor/recent/fire/7"
[GIN] 2022/10/31 - 10:11:18 | 204 |            0s |             ::1 | OPTIONS  "/api/sensor/recent/fire/7"
[GIN] 2022/10/31 - 10:11:18 | 200 |      2.4435ms |             ::1 | GET      "/api/sensor/recent/fire/7"
[GIN] 2022/10/31 - 10:11:23 | 204 |            0s |             ::1 | OPTIONS  "/api/sensor/recent/fire/7"
[GIN] 2022/10/31 - 10:11:23 | 200 |      2.0776ms |             ::1 | GET      "/api/sensor/recent/fire/7"
[GIN] 2022/10/31 - 10:11:28 | 200 |      3.1586ms |             ::1 | GET      "/api/sensor/recent/fire/7"
[GIN] 2022/10/31 - 10:11:33 | 204 |            0s |             ::1 | OPTIONS  "/api/sensor/recent/fire/7"
[GIN] 2022/10/31 - 10:11:33 | 200 |      1.5292ms |             ::1 | GET      "/api/sensor/recent/fire/7"
[GIN] 2022/10/31 - 10:11:38 | 200 |       2.292ms |             ::1 | GET      "/api/sensor/recent/fire/7"
[GIN] 2022/10/31 - 10:11:43 | 204 |            0s |             ::1 | OPTIONS  "/api/sensor/recent/fire/7"
[GIN] 2022/10/31 - 10:11:43 | 200 |      2.6439ms |             ::1 | GET      "/api/sensor/recent/fire/7"
[GIN] 2022/10/31 - 10:11:48 | 200 |      2.7761ms |             ::1 | GET      "/api/sensor/recent/fire/7"
[GIN] 2022/10/31 - 10:11:53 | 204 |            0s |             ::1 | OPTIONS  "/api/sensor/recent/fire/7"
[GIN] 2022/10/31 - 10:11:53 | 200 |      2.2735ms |             ::1 | GET      "/api/sensor/recent/fire/7"
[GIN] 2022/10/31 - 10:11:58 | 204 |            0s |             ::1 | OPTIONS  "/api/sensor/recent/fire/7"
[GIN] 2022/10/31 - 10:11:58 | 200 |       2.337ms |             ::1 | GET      "/api/sensor/recent/fire/7"
[GIN] 2022/10/31 - 10:12:03 | 200 |      2.3071ms |             ::1 | GET      "/api/sensor/recent/fire/7"
[GIN] 2022/10/31 - 10:12:07 | 204 |            0s |             ::1 | OPTIONS  "/api/sensor/total/temperature"
[GIN] 2022/10/31 - 10:12:07 | 200 |      3.4054ms |             ::1 | GET      "/api/sensor/total/temperature"
[GIN] 2022/10/31 - 10:12:07 | 204 |            0s |             ::1 | OPTIONS  "/api/sensor/total/humidity"
[GIN] 2022/10/31 - 10:12:07 | 200 |      3.1772ms |             ::1 | GET      "/api/sensor/total/humidity"
[GIN] 2022/10/31 - 10:12:07 | 204 |            0s |             ::1 | OPTIONS  "/api/sensor/total/light"
[GIN] 2022/10/31 - 10:12:07 | 200 |      2.3468ms |             ::1 | GET      "/api/sensor/total/light"
[GIN] 2022/10/31 - 10:12:07 | 204 |            0s |             ::1 | OPTIONS  "/api/sensor/total/lamp"
[GIN] 2022/10/31 - 10:12:07 | 200 |       2.723ms |             ::1 | GET      "/api/sensor/total/lamp"
[GIN] 2022/10/31 - 10:12:07 | 200 |      2.3758ms |             ::1 | GET      "/api/sensor/total/lamp"
[GIN] 2022/10/31 - 10:12:08 | 204 |            0s |             ::1 | OPTIONS  "/api/sensor/recent/fire/7"
[GIN] 2022/10/31 - 10:12:08 | 200 |      2.8294ms |             ::1 | GET      "/api/sensor/recent/fire/7"
[GIN] 2022/10/31 - 10:12:10 | 200 |      2.3637ms |             ::1 | GET      "/api/sensor/total/temperature"
[GIN] 2022/10/31 - 10:12:10 | 200 |      2.8811ms |             ::1 | GET      "/api/sensor/total/humidity"
[GIN] 2022/10/31 - 10:12:10 | 200 |      2.8846ms |             ::1 | GET      "/api/sensor/total/light"
[GIN] 2022/10/31 - 10:12:10 | 200 |      2.6743ms |             ::1 | GET      "/api/sensor/total/lamp"
[GIN] 2022/10/31 - 10:12:10 | 204 |            0s |             ::1 | OPTIONS  "/api/sensor/total/fire"
[GIN] 2022/10/31 - 10:12:10 | 200 |      2.1341ms |             ::1 | GET      "/api/sensor/total/fire"
[GIN] 2022/10/31 - 10:12:13 | 200 |      2.6741ms |             ::1 | GET      "/api/sensor/recent/fire/7"
[GIN] 2022/10/31 - 10:12:17 | 204 |            0s |             ::1 | OPTIONS  "/api/sensor/recent/temperature/7"
[GIN] 2022/10/31 - 10:12:17 | 200 |      1.7223ms |             ::1 | GET      "/api/sensor/recent/temperature/7"
[GIN] 2022/10/31 - 10:12:18 | 200 |       641.8µs |             ::1 | GET      "/api/sensor/recent/temperature/7"
[GIN] 2022/10/31 - 10:12:18 | 204 |            0s |             ::1 | OPTIONS  "/api/sensor/recent/humidity/7"
[GIN] 2022/10/31 - 10:12:18 | 200 |      2.1025ms |             ::1 | GET      "/api/sensor/recent/humidity/7"
[GIN] 2022/10/31 - 10:12:20 | 204 |            0s |             ::1 | OPTIONS  "/api/sensor/recent/light/7"
[GIN] 2022/10/31 - 10:12:20 | 200 |      1.8614ms |             ::1 | GET      "/api/sensor/recent/light/7"
[GIN] 2022/10/31 - 10:12:21 | 200 |      1.6408ms |             ::1 | GET      "/api/sensor/recent/humidity/7"
[GIN] 2022/10/31 - 10:12:21 | 200 |      1.4644ms |             ::1 | GET      "/api/sensor/recent/temperature/7"
[GIN] 2022/10/31 - 10:12:23 | 204 |            0s |             ::1 | OPTIONS  "/api/sensor/recent/temperature/7"
[GIN] 2022/10/31 - 10:12:23 | 200 |       860.3µs |             ::1 | GET      "/api/sensor/recent/temperature/7"
[GIN] 2022/10/31 - 10:12:28 | 200 |      1.2534ms |             ::1 | GET      "/api/sensor/recent/temperature/7"
[GIN] 2022/10/31 - 10:12:33 | 204 |            0s |             ::1 | OPTIONS  "/api/sensor/recent/temperature/7"
[GIN] 2022/10/31 - 10:12:33 | 200 |      1.7505ms |             ::1 | GET      "/api/sensor/recent/temperature/7"
[GIN] 2022/10/31 - 10:12:33 | 204 |            0s |             ::1 | OPTIONS  "/api/sensor/total/temperature"
[GIN] 2022/10/31 - 10:12:33 | 200 |      2.6383ms |             ::1 | GET      "/api/sensor/total/temperature"
[GIN] 2022/10/31 - 10:12:33 | 204 |            0s |             ::1 | OPTIONS  "/api/sensor/total/humidity"
[GIN] 2022/10/31 - 10:12:33 | 200 |      3.4973ms |             ::1 | GET      "/api/sensor/total/humidity"
[GIN] 2022/10/31 - 10:12:33 | 204 |            0s |             ::1 | OPTIONS  "/api/sensor/total/light"
[GIN] 2022/10/31 - 10:12:33 | 200 |      2.7916ms |             ::1 | GET      "/api/sensor/total/light"
[GIN] 2022/10/31 - 10:12:33 | 204 |            0s |             ::1 | OPTIONS  "/api/sensor/total/lamp"
[GIN] 2022/10/31 - 10:12:33 | 200 |      2.6409ms |             ::1 | GET      "/api/sensor/total/lamp"
[GIN] 2022/10/31 - 10:12:33 | 204 |            0s |             ::1 | OPTIONS  "/api/sensor/total/fire"
[GIN] 2022/10/31 - 10:12:33 | 200 |      2.7651ms |             ::1 | GET      "/api/sensor/total/fire"
[GIN] 2022/10/31 - 10:12:38 | 200 |      1.1009ms |             ::1 | GET      "/api/sensor/recent/temperature/7"
[GIN] 2022/10/31 - 10:12:43 | 204 |            0s |             ::1 | OPTIONS  "/api/sensor/recent/temperature/7"
[GIN] 2022/10/31 - 10:12:43 | 200 |      1.3442ms |             ::1 | GET      "/api/sensor/recent/temperature/7"
[GIN] 2022/10/31 - 10:12:45 | 204 |            0s |             ::1 | OPTIONS  "/api/sensor/recent/fire/7"
[GIN] 2022/10/31 - 10:12:45 | 200 |      2.6251ms |             ::1 | GET      "/api/sensor/recent/fire/7"
[GIN] 2022/10/31 - 10:12:47 | 200 |      1.8081ms |             ::1 | GET      "/api/sensor/recent/temperature/7"
[GIN] 2022/10/31 - 10:12:48 | 200 |      2.8652ms |             ::1 | GET      "/api/sensor/recent/fire/7"
[GIN] 2022/10/31 - 10:12:48 | 200 |      2.7703ms |             ::1 | GET      "/api/sensor/recent/fire/7"
[GIN] 2022/10/31 - 10:12:48 | 204 |            0s |             ::1 | OPTIONS  "/api/sensor/recent/temperature/7"
[GIN] 2022/10/31 - 10:12:48 | 200 |      1.8049ms |             ::1 | GET      "/api/sensor/recent/temperature/7"
[GIN] 2022/10/31 - 10:12:49 | 204 |            0s |             ::1 | OPTIONS  "/api/sensor/recent/humidity/7"
[GIN] 2022/10/31 - 10:12:49 | 200 |       604.9µs |             ::1 | GET      "/api/sensor/recent/humidity/7"
[GIN] 2022/10/31 - 10:12:50 | 200 |      1.8498ms |             ::1 | GET      "/api/sensor/recent/fire/7"
[GIN] 2022/10/31 - 10:12:52 | 204 |            0s |             ::1 | OPTIONS  "/api/sensor/recent/light/7"
[GIN] 2022/10/31 - 10:12:52 | 200 |      1.9089ms |             ::1 | GET      "/api/sensor/recent/light/7"
[GIN] 2022/10/31 - 10:12:52 | 200 |      1.7193ms |             ::1 | GET      "/api/sensor/recent/humidity/7"
[GIN] 2022/10/31 - 10:12:53 | 200 |       1.311ms |             ::1 | GET      "/api/sensor/recent/humidity/7"
[GIN] 2022/10/31 - 10:12:53 | 200 |      1.3745ms |             ::1 | GET      "/api/sensor/recent/temperature/7"
[GIN] 2022/10/31 - 10:12:54 | 204 |            0s |             ::1 | OPTIONS  "/api/sensor/recent/fire/7"
[GIN] 2022/10/31 - 10:12:54 | 200 |      2.6662ms |             ::1 | GET      "/api/sensor/recent/fire/7"
[GIN] 2022/10/31 - 10:12:58 | 200 |      2.3848ms |             ::1 | GET      "/api/sensor/recent/fire/7"
[GIN] 2022/10/31 - 10:13:03 | 204 |            0s |             ::1 | OPTIONS  "/api/sensor/recent/fire/7"
[GIN] 2022/10/31 - 10:13:03 | 200 |      2.3013ms |             ::1 | GET      "/api/sensor/recent/fire/7"
[GIN] 2022/10/31 - 10:13:08 | 204 |            0s |             ::1 | OPTIONS  "/api/sensor/recent/fire/7"
[GIN] 2022/10/31 - 10:13:08 | 200 |       1.413ms |             ::1 | GET      "/api/sensor/recent/fire/7"
[GIN] 2022/10/31 - 10:13:13 | 200 |      1.3471ms |             ::1 | GET      "/api/sensor/recent/fire/7"
[GIN] 2022/10/31 - 10:13:15 | 204 |            0s |             ::1 | OPTIONS  "/api/sensor/all/page?page=1&limit=20&sort=%2Bid"
[GIN] 2022/10/31 - 10:13:15 | 200 |      5.0893ms |             ::1 | GET      "/api/sensor/all/page?page=1&limit=20&sort=%2Bid"
[GIN] 2022/10/31 - 10:13:15 | 204 |            0s |             ::1 | OPTIONS  "/api/sensor/total/temperature"
[GIN] 2022/10/31 - 10:13:15 | 204 |            0s |             ::1 | OPTIONS  "/api/sensor/recent/temperature/7"
[GIN] 2022/10/31 - 10:13:15 | 200 |      1.1945ms |             ::1 | GET      "/api/sensor/recent/temperature/7"
[GIN] 2022/10/31 - 10:13:15 | 200 |      4.6014ms |             ::1 | GET      "/api/sensor/total/temperature"
[GIN] 2022/10/31 - 10:13:15 | 204 |            0s |             ::1 | OPTIONS  "/api/sensor/total/humidity"
[GIN] 2022/10/31 - 10:13:15 | 200 |        2.86ms |             ::1 | GET      "/api/sensor/total/humidity"
[GIN] 2022/10/31 - 10:13:15 | 204 |            0s |             ::1 | OPTIONS  "/api/sensor/total/light"
[GIN] 2022/10/31 - 10:13:15 | 200 |      2.4656ms |             ::1 | GET      "/api/sensor/total/light"
[GIN] 2022/10/31 - 10:13:15 | 204 |            0s |             ::1 | OPTIONS  "/api/sensor/total/lamp"
[GIN] 2022/10/31 - 10:13:15 | 200 |      2.3577ms |             ::1 | GET      "/api/sensor/total/lamp"
[GIN] 2022/10/31 - 10:13:15 | 204 |            0s |             ::1 | OPTIONS  "/api/sensor/total/fire"
[GIN] 2022/10/31 - 10:13:15 | 200 |      2.0905ms |             ::1 | GET      "/api/sensor/total/fire"
[GIN] 2022/10/31 - 10:13:20 | 200 |      1.2129ms |             ::1 | GET      "/api/sensor/recent/temperature/7"
[GIN] 2022/10/31 - 10:13:25 | 204 |            0s |             ::1 | OPTIONS  "/api/sensor/recent/temperature/7"
[GIN] 2022/10/31 - 10:13:25 | 200 |      1.8551ms |             ::1 | GET      "/api/sensor/recent/temperature/7"
[GIN] 2022/10/31 - 10:13:26 | 204 |            0s |             ::1 | OPTIONS  "/api/sensor/recent/light/7"
[GIN] 2022/10/31 - 10:13:26 | 200 |       1.714ms |             ::1 | GET      "/api/sensor/recent/light/7"
[GIN] 2022/10/31 - 10:13:27 | 200 |      1.5004ms |             ::1 | GET      "/api/sensor/recent/temperature/7"
[GIN] 2022/10/31 - 10:13:27 | 204 |            0s |             ::1 | OPTIONS  "/api/sensor/recent/fire/7"
[GIN] 2022/10/31 - 10:13:27 | 200 |       1.567ms |             ::1 | GET      "/api/sensor/recent/fire/7"
[GIN] 2022/10/31 - 10:13:30 | 200 |      1.5964ms |             ::1 | GET      "/api/sensor/recent/fire/7"
[GIN] 2022/10/31 - 10:13:35 | 204 |            0s |             ::1 | OPTIONS  "/api/sensor/recent/fire/7"
[GIN] 2022/10/31 - 10:13:35 | 200 |      1.0717ms |             ::1 | GET      "/api/sensor/recent/fire/7"
[GIN] 2022/10/31 - 10:13:40 | 200 |       903.2µs |             ::1 | GET      "/api/sensor/recent/fire/7"
[GIN] 2022/10/31 - 10:13:45 | 204 |            0s |             ::1 | OPTIONS  "/api/sensor/recent/fire/7"
[GIN] 2022/10/31 - 10:13:45 | 200 |      1.5152ms |             ::1 | GET      "/api/sensor/recent/fire/7"
[GIN] 2022/10/31 - 10:13:50 | 200 |      1.7658ms |             ::1 | GET      "/api/sensor/recent/fire/7"
[GIN] 2022/10/31 - 10:13:55 | 204 |            0s |             ::1 | OPTIONS  "/api/sensor/recent/fire/7"
[GIN] 2022/10/31 - 10:13:55 | 200 |       1.893ms |             ::1 | GET      "/api/sensor/recent/fire/7"
[GIN] 2022/10/31 - 10:14:00 | 200 |      1.6066ms |             ::1 | GET      "/api/sensor/recent/fire/7"
[GIN] 2022/10/31 - 10:14:05 | 204 |            0s |             ::1 | OPTIONS  "/api/sensor/recent/fire/7"
[GIN] 2022/10/31 - 10:14:05 | 200 |      1.8759ms |             ::1 | GET      "/api/sensor/recent/fire/7"
[GIN] 2022/10/31 - 10:14:06 | 204 |            0s |             ::1 | OPTIONS  "/api/sensor/recent/temperature/7"
[GIN] 2022/10/31 - 10:14:06 | 200 |       683.2µs |             ::1 | GET      "/api/sensor/recent/temperature/7"
[GIN] 2022/10/31 - 10:14:07 | 204 |            0s |             ::1 | OPTIONS  "/api/sensor/recent/humidity/7"
[GIN] 2022/10/31 - 10:14:07 | 200 |         966µs |             ::1 | GET      "/api/sensor/recent/humidity/7"
[GIN] 2022/10/31 - 10:14:07 | 204 |            0s |             ::1 | OPTIONS  "/api/sensor/recent/light/7"
[GIN] 2022/10/31 - 10:14:07 | 200 |      1.3659ms |             ::1 | GET      "/api/sensor/recent/light/7"
[GIN] 2022/10/31 - 10:14:08 | 200 |      1.5891ms |             ::1 | GET      "/api/sensor/recent/humidity/7"
[GIN] 2022/10/31 - 10:14:08 | 200 |      1.7778ms |             ::1 | GET      "/api/sensor/recent/temperature/7"
[GIN] 2022/10/31 - 10:14:09 | 200 |      1.6107ms |             ::1 | GET      "/api/sensor/recent/humidity/7"
[GIN] 2022/10/31 - 10:14:09 | 200 |       742.5µs |             ::1 | GET      "/api/sensor/recent/light/7"
[GIN] 2022/10/31 - 10:14:10 | 200 |      1.0095ms |             ::1 | GET      "/api/sensor/recent/humidity/7"
[GIN] 2022/10/31 - 10:14:10 | 200 |      1.0846ms |             ::1 | GET      "/api/sensor/recent/temperature/7"
[GIN] 2022/10/31 - 10:14:10 | 200 |      1.4827ms |             ::1 | GET      "/api/sensor/recent/temperature/7"
[GIN] 2022/10/31 - 10:14:11 | 200 |      1.7238ms |             ::1 | GET      "/api/sensor/recent/humidity/7"
[GIN] 2022/10/31 - 10:14:11 | 200 |      1.9828ms |             ::1 | GET      "/api/sensor/recent/light/7"
[GIN] 2022/10/31 - 10:14:12 | 200 |       1.623ms |             ::1 | GET      "/api/sensor/recent/humidity/7"
[GIN] 2022/10/31 - 10:14:12 | 204 |            0s |             ::1 | OPTIONS  "/api/sensor/recent/temperature/7"
[GIN] 2022/10/31 - 10:14:12 | 200 |      1.6585ms |             ::1 | GET      "/api/sensor/recent/temperature/7"
[GIN] 2022/10/31 - 10:14:13 | 204 |            0s |             ::1 | OPTIONS  "/api/sensor/recent/humidity/7"
[GIN] 2022/10/31 - 10:14:13 | 200 |       706.6µs |             ::1 | GET      "/api/sensor/recent/humidity/7"
[GIN] 2022/10/31 - 10:14:13 | 204 |            0s |             ::1 | OPTIONS  "/api/sensor/recent/light/7"
[GIN] 2022/10/31 - 10:14:13 | 200 |      1.1903ms |             ::1 | GET      "/api/sensor/recent/light/7"
[GIN] 2022/10/31 - 10:14:15 | 200 |      2.1408ms |             ::1 | GET      "/api/sensor/recent/light/7"
[GIN] 2022/10/31 - 10:14:21 | 204 |            0s |             ::1 | OPTIONS  "/api/sensor/recent/light/7"
[GIN] 2022/10/31 - 10:14:21 | 200 |      1.9801ms |             ::1 | GET      "/api/sensor/recent/light/7"
[GIN] 2022/10/31 - 10:14:26 | 200 |      1.6127ms |             ::1 | GET      "/api/sensor/recent/light/7"
[GIN] 2022/10/31 - 10:14:31 | 204 |            0s |             ::1 | OPTIONS  "/api/sensor/recent/light/7"
[GIN] 2022/10/31 - 10:14:31 | 200 |      1.0263ms |             ::1 | GET      "/api/sensor/recent/light/7"
[GIN] 2022/10/31 - 10:14:36 | 204 |            0s |             ::1 | OPTIONS  "/api/sensor/recent/light/7"
[GIN] 2022/10/31 - 10:14:36 | 200 |      1.0072ms |             ::1 | GET      "/api/sensor/recent/light/7"
[GIN] 2022/10/31 - 10:14:41 | 200 |      1.1951ms |             ::1 | GET      "/api/sensor/recent/light/7"
[GIN] 2022/10/31 - 10:14:46 | 204 |            0s |             ::1 | OPTIONS  "/api/sensor/recent/light/7"
[GIN] 2022/10/31 - 10:14:46 | 200 |      1.6689ms |             ::1 | GET      "/api/sensor/recent/light/7"
[GIN] 2022/10/31 - 10:14:51 | 200 |       2.096ms |             ::1 | GET      "/api/sensor/recent/light/7"
[GIN] 2022/10/31 - 10:14:56 | 204 |            0s |             ::1 | OPTIONS  "/api/sensor/recent/light/7"
[GIN] 2022/10/31 - 10:14:56 | 200 |      1.0648ms |             ::1 | GET      "/api/sensor/recent/light/7"
[GIN] 2022/10/31 - 10:15:01 | 204 |            0s |             ::1 | OPTIONS  "/api/sensor/recent/light/7"
[GIN] 2022/10/31 - 10:15:01 | 200 |       954.4µs |             ::1 | GET      "/api/sensor/recent/light/7"
[GIN] 2022/10/31 - 10:15:06 | 200 |      1.4565ms |             ::1 | GET      "/api/sensor/recent/light/7"
[GIN] 2022/10/31 - 10:15:11 | 204 |            0s |             ::1 | OPTIONS  "/api/sensor/recent/light/7"
[GIN] 2022/10/31 - 10:15:11 | 200 |      1.4482ms |             ::1 | GET      "/api/sensor/recent/light/7"
[GIN] 2022/10/31 - 10:15:15 | 200 |      2.0315ms |             ::1 | GET      "/api/sensor/recent/light/7"
[GIN] 2022/10/31 - 10:15:20 | 204 |            0s |             ::1 | OPTIONS  "/api/sensor/recent/light/7"
[GIN] 2022/10/31 - 10:15:20 | 200 |      1.7372ms |             ::1 | GET      "/api/sensor/recent/light/7"
[GIN] 2022/10/31 - 10:15:25 | 200 |      1.6936ms |             ::1 | GET      "/api/sensor/recent/light/7"
[GIN] 2022/10/31 - 10:15:30 | 204 |            0s |             ::1 | OPTIONS  "/api/sensor/recent/light/7"
[GIN] 2022/10/31 - 10:15:30 | 200 |      1.2873ms |             ::1 | GET      "/api/sensor/recent/light/7"
[GIN] 2022/10/31 - 10:15:36 | 204 |            0s |             ::1 | OPTIONS  "/api/sensor/recent/light/7"
[GIN] 2022/10/31 - 10:15:36 | 200 |      1.7691ms |             ::1 | GET      "/api/sensor/recent/light/7"
[GIN] 2022/10/31 - 10:15:41 | 204 |            0s |             ::1 | OPTIONS  "/api/sensor/recent/light/7"
[GIN] 2022/10/31 - 10:15:41 | 200 |      1.4733ms |             ::1 | GET      "/api/sensor/recent/light/7"
[GIN] 2022/10/31 - 10:15:46 | 204 |            0s |             ::1 | OPTIONS  "/api/sensor/recent/light/7"
[GIN] 2022/10/31 - 10:15:46 | 200 |      1.5177ms |             ::1 | GET      "/api/sensor/recent/light/7"
[GIN] 2022/10/31 - 10:15:51 | 204 |            0s |             ::1 | OPTIONS  "/api/sensor/recent/light/7"
[GIN] 2022/10/31 - 10:15:51 | 200 |      1.8538ms |             ::1 | GET      "/api/sensor/recent/light/7"
[GIN] 2022/10/31 - 10:15:56 | 200 |      1.5979ms |             ::1 | GET      "/api/sensor/recent/light/7"
[GIN] 2022/10/31 - 10:16:01 | 204 |            0s |             ::1 | OPTIONS  "/api/sensor/recent/light/7"
[GIN] 2022/10/31 - 10:16:01 | 200 |      1.5999ms |             ::1 | GET      "/api/sensor/recent/light/7"
[GIN] 2022/10/31 - 10:16:06 | 200 |       735.3µs |             ::1 | GET      "/api/sensor/recent/light/7"
[GIN] 2022/10/31 - 10:16:11 | 204 |            0s |             ::1 | OPTIONS  "/api/sensor/recent/light/7"
[GIN] 2022/10/31 - 10:16:11 | 200 |      1.7664ms |             ::1 | GET      "/api/sensor/recent/light/7"
[GIN] 2022/10/31 - 10:16:16 | 200 |      2.1339ms |             ::1 | GET      "/api/sensor/recent/light/7"
[GIN] 2022/10/31 - 10:16:21 | 204 |            0s |             ::1 | OPTIONS  "/api/sensor/recent/light/7"
[GIN] 2022/10/31 - 10:16:21 | 200 |      1.6131ms |             ::1 | GET      "/api/sensor/recent/light/7"
[GIN] 2022/10/31 - 10:16:26 | 200 |      1.7211ms |             ::1 | GET      "/api/sensor/recent/light/7"
[GIN] 2022/10/31 - 10:16:31 | 204 |            0s |             ::1 | OPTIONS  "/api/sensor/recent/light/7"
[GIN] 2022/10/31 - 10:16:31 | 200 |      1.5298ms |             ::1 | GET      "/api/sensor/recent/light/7"
[GIN] 2022/10/31 - 10:16:36 | 204 |            0s |             ::1 | OPTIONS  "/api/sensor/recent/light/7"
[GIN] 2022/10/31 - 10:16:36 | 200 |      1.4252ms |             ::1 | GET      "/api/sensor/recent/light/7"
[GIN] 2022/10/31 - 10:16:41 | 200 |      1.5615ms |             ::1 | GET      "/api/sensor/recent/light/7"
[GIN] 2022/10/31 - 10:16:46 | 204 |            0s |             ::1 | OPTIONS  "/api/sensor/recent/light/7"
[GIN] 2022/10/31 - 10:16:46 | 200 |       1.726ms |             ::1 | GET      "/api/sensor/recent/light/7"
[GIN] 2022/10/31 - 10:16:51 | 204 |            0s |             ::1 | OPTIONS  "/api/sensor/recent/light/7"
[GIN] 2022/10/31 - 10:16:51 | 200 |      2.1458ms |             ::1 | GET      "/api/sensor/recent/light/7"
[GIN] 2022/10/31 - 10:16:56 | 200 |      1.8428ms |             ::1 | GET      "/api/sensor/recent/light/7"
[GIN] 2022/10/31 - 10:17:01 | 204 |            0s |             ::1 | OPTIONS  "/api/sensor/recent/light/7"
[GIN] 2022/10/31 - 10:17:01 | 200 |      1.5343ms |             ::1 | GET      "/api/sensor/recent/light/7"
[GIN] 2022/10/31 - 10:17:06 | 200 |      1.4922ms |             ::1 | GET      "/api/sensor/recent/light/7"
[GIN] 2022/10/31 - 10:17:11 | 204 |            0s |             ::1 | OPTIONS  "/api/sensor/recent/light/7"
[GIN] 2022/10/31 - 10:17:11 | 200 |      1.5154ms |             ::1 | GET      "/api/sensor/recent/light/7"
[GIN] 2022/10/31 - 10:17:16 | 204 |            0s |             ::1 | OPTIONS  "/api/sensor/recent/light/7"
[GIN] 2022/10/31 - 10:17:16 | 200 |      2.0993ms |             ::1 | GET      "/api/sensor/recent/light/7"
[GIN] 2022/10/31 - 10:17:16 | 200 |     55.6282ms |    172.20.21.82 | POST     "/api/auth/login"
[GIN] 2022/10/31 - 10:17:21 | 200 |      1.4289ms |             ::1 | GET      "/api/sensor/recent/light/7"
[GIN] 2022/10/31 - 10:17:23 | 200 |      1.2366ms |    172.20.21.82 | GET      "/api/book/all"
[GIN] 2022/10/31 - 10:17:26 | 204 |            0s |             ::1 | OPTIONS  "/api/sensor/recent/light/7"
[GIN] 2022/10/31 - 10:17:26 | 200 |       985.3µs |             ::1 | GET      "/api/sensor/recent/light/7"
[GIN] 2022/10/31 - 10:17:30 | 200 |      1.1508ms |    172.20.21.82 | GET      "/api/sensor/recent/temperature/1"
[GIN] 2022/10/31 - 10:17:30 | 200 |      1.1336ms |    172.20.21.82 | GET      "/api/sensor/recent/lamp/1"
[GIN] 2022/10/31 - 10:17:31 | 200 |      1.5224ms |             ::1 | GET      "/api/sensor/recent/light/7"
[GIN] 2022/10/31 - 10:17:32 | 200 |    156.3142ms |    172.20.21.82 | POST     "/api/actuator/control"
[GIN] 2022/10/31 - 10:17:35 | 200 |      1.1781ms |    172.20.21.82 | GET      "/api/sensor/recent/temperature/1"
[GIN] 2022/10/31 - 10:17:35 | 200 |       543.1µs |    172.20.21.82 | GET      "/api/sensor/recent/lamp/1"
[GIN] 2022/10/31 - 10:17:36 | 204 |            0s |             ::1 | OPTIONS  "/api/sensor/recent/light/7"
[GIN] 2022/10/31 - 10:17:36 | 200 |      1.3685ms |             ::1 | GET      "/api/sensor/recent/light/7"
[GIN] 2022/10/31 - 10:17:40 | 200 |      1.6071ms |    172.20.21.82 | GET      "/api/sensor/recent/temperature/1"
[GIN] 2022/10/31 - 10:17:40 | 200 |      1.0996ms |    172.20.21.82 | GET      "/api/sensor/recent/lamp/1"
[GIN] 2022/10/31 - 10:17:41 | 200 |      1.3102ms |             ::1 | GET      "/api/sensor/recent/light/7"
[GIN] 2022/10/31 - 10:17:42 | 200 |    170.6383ms |    172.20.21.82 | POST     "/api/actuator/control"
[GIN] 2022/10/31 - 10:17:45 | 200 |      1.2531ms |    172.20.21.82 | GET      "/api/sensor/recent/temperature/1"
[GIN] 2022/10/31 - 10:17:45 | 200 |        1.21ms |    172.20.21.82 | GET      "/api/sensor/recent/lamp/1"
[GIN] 2022/10/31 - 10:17:46 | 204 |            0s |             ::1 | OPTIONS  "/api/sensor/recent/light/7"
[GIN] 2022/10/31 - 10:17:46 | 200 |      1.9743ms |             ::1 | GET      "/api/sensor/recent/light/7"
[GIN] 2022/10/31 - 10:17:50 | 200 |      1.4902ms |    172.20.21.82 | GET      "/api/sensor/recent/temperature/1"
[GIN] 2022/10/31 - 10:17:50 | 200 |      1.6336ms |    172.20.21.82 | GET      "/api/sensor/recent/lamp/1"
[GIN] 2022/10/31 - 10:17:51 | 200 |       996.4µs |             ::1 | GET      "/api/sensor/recent/light/7"
[GIN] 2022/10/31 - 10:17:55 | 200 |      3.0137ms |    172.20.21.82 | GET      "/api/sensor/recent/temperature/1"
[GIN] 2022/10/31 - 10:17:55 | 200 |       1.427ms |    172.20.21.82 | GET      "/api/sensor/recent/lamp/1"
[GIN] 2022/10/31 - 10:17:56 | 204 |            0s |             ::1 | OPTIONS  "/api/sensor/recent/light/7"
[GIN] 2022/10/31 - 10:17:56 | 200 |       903.6µs |             ::1 | GET      "/api/sensor/recent/light/7"
[GIN] 2022/10/31 - 10:18:00 | 200 |       1.285ms |    172.20.21.82 | GET      "/api/sensor/recent/temperature/1"
[GIN] 2022/10/31 - 10:18:00 | 200 |      1.2279ms |    172.20.21.82 | GET      "/api/sensor/recent/lamp/1"
[GIN] 2022/10/31 - 10:18:01 | 200 |      1.6112ms |             ::1 | GET      "/api/sensor/recent/light/7"
[GIN] 2022/10/31 - 10:18:05 | 200 |      1.3295ms |    172.20.21.82 | GET      "/api/sensor/recent/temperature/1"
[GIN] 2022/10/31 - 10:18:05 | 200 |      1.2923ms |    172.20.21.82 | GET      "/api/sensor/recent/lamp/1"
[GIN] 2022/10/31 - 10:18:06 | 204 |            0s |             ::1 | OPTIONS  "/api/sensor/recent/light/7"
[GIN] 2022/10/31 - 10:18:06 | 200 |      2.0643ms |             ::1 | GET      "/api/sensor/recent/light/7"
[GIN] 2022/10/31 - 10:18:07 | 200 |      1.7288ms |    172.20.21.82 | GET      "/api/sensor/recent/fire/1"
[GIN] 2022/10/31 - 10:18:07 | 200 |      1.4016ms |    172.20.21.82 | GET      "/api/sensor/recent/lamp/1"
[GIN] 2022/10/31 - 10:18:10 | 200 |       810.2µs |    172.20.21.82 | GET      "/api/sensor/recent/temperature/1"
[GIN] 2022/10/31 - 10:18:11 | 200 |       1.191ms |             ::1 | GET      "/api/sensor/recent/light/7"
[GIN] 2022/10/31 - 10:18:12 | 200 |      1.5489ms |    172.20.21.82 | GET      "/api/sensor/recent/fire/1"
[GIN] 2022/10/31 - 10:18:12 | 200 |      1.2575ms |    172.20.21.82 | GET      "/api/sensor/recent/lamp/1"
[GIN] 2022/10/31 - 10:18:15 | 200 |      1.0955ms |    172.20.21.82 | GET      "/api/sensor/recent/temperature/1"
[GIN] 2022/10/31 - 10:18:16 | 204 |            0s |             ::1 | OPTIONS  "/api/sensor/recent/light/7"
[GIN] 2022/10/31 - 10:18:16 | 200 |       635.1µs |             ::1 | GET      "/api/sensor/recent/light/7"
[GIN] 2022/10/31 - 10:18:17 | 200 |      2.4801ms |    172.20.21.82 | GET      "/api/sensor/recent/fire/1"
[GIN] 2022/10/31 - 10:18:17 | 200 |      1.3032ms |    172.20.21.82 | GET      "/api/sensor/recent/lamp/1"
[GIN] 2022/10/31 - 10:18:20 | 200 |       1.382ms |    172.20.21.82 | GET      "/api/sensor/recent/temperature/1"
[GIN] 2022/10/31 - 10:18:21 | 200 |      1.3091ms |    172.20.21.82 | GET      "/api/sensor/recent/light/1"
[GIN] 2022/10/31 - 10:18:21 | 200 |      1.1761ms |    172.20.21.82 | GET      "/api/sensor/recent/lamp/1"
[GIN] 2022/10/31 - 10:18:21 | 200 |      2.0972ms |             ::1 | GET      "/api/sensor/recent/light/7"
[GIN] 2022/10/31 - 10:18:22 | 200 |      1.4488ms |    172.20.21.82 | GET      "/api/sensor/recent/fire/1"
[GIN] 2022/10/31 - 10:18:25 | 200 |      1.1651ms |    172.20.21.82 | GET      "/api/sensor/recent/temperature/1"
[GIN] 2022/10/31 - 10:18:26 | 200 |      1.3385ms |    172.20.21.82 | GET      "/api/sensor/recent/light/1"
[GIN] 2022/10/31 - 10:18:26 | 200 |      1.0504ms |    172.20.21.82 | GET      "/api/sensor/recent/lamp/1"
[GIN] 2022/10/31 - 10:18:26 | 204 |            0s |             ::1 | OPTIONS  "/api/sensor/recent/light/7"
[GIN] 2022/10/31 - 10:18:26 | 200 |      1.6105ms |             ::1 | GET      "/api/sensor/recent/light/7"
[GIN] 2022/10/31 - 10:18:27 | 200 |      1.3485ms |    172.20.21.82 | GET      "/api/sensor/recent/fire/1"
[GIN] 2022/10/31 - 10:18:30 | 200 |      1.0916ms |    172.20.21.82 | GET      "/api/sensor/recent/temperature/1"
[GIN] 2022/10/31 - 10:18:31 | 200 |         822µs |    172.20.21.82 | GET      "/api/sensor/recent/light/1"
[GIN] 2022/10/31 - 10:18:31 | 200 |      1.1964ms |    172.20.21.82 | GET      "/api/sensor/recent/lamp/1"
[GIN] 2022/10/31 - 10:18:31 | 200 |       759.5µs |             ::1 | GET      "/api/sensor/recent/light/7"
[GIN] 2022/10/31 - 10:18:32 | 200 |       1.106ms |    172.20.21.82 | GET      "/api/sensor/recent/fire/1"
[GIN] 2022/10/31 - 10:18:35 | 200 |      1.4034ms |    172.20.21.82 | GET      "/api/sensor/recent/temperature/1"
[GIN] 2022/10/31 - 10:18:36 | 200 |       923.7µs |    172.20.21.82 | GET      "/api/sensor/recent/light/1"
[GIN] 2022/10/31 - 10:18:36 | 200 |       1.423ms |    172.20.21.82 | GET      "/api/sensor/recent/lamp/1"
[GIN] 2022/10/31 - 10:18:36 | 204 |            0s |             ::1 | OPTIONS  "/api/sensor/recent/light/7"
[GIN] 2022/10/31 - 10:18:36 | 200 |       2.189ms |             ::1 | GET      "/api/sensor/recent/light/7"
[GIN] 2022/10/31 - 10:18:37 | 200 |      1.7396ms |    172.20.21.82 | GET      "/api/sensor/recent/fire/1"
[GIN] 2022/10/31 - 10:18:41 | 200 |      1.5113ms |             ::1 | GET      "/api/sensor/recent/light/7"
[GIN] 2022/10/31 - 10:18:46 | 204 |            0s |             ::1 | OPTIONS  "/api/sensor/recent/light/7"
[GIN] 2022/10/31 - 10:18:46 | 200 |      2.4158ms |             ::1 | GET      "/api/sensor/recent/light/7"
[GIN] 2022/10/31 - 10:18:51 | 204 |            0s |             ::1 | OPTIONS  "/api/sensor/recent/light/7"
[GIN] 2022/10/31 - 10:18:51 | 200 |       1.749ms |             ::1 | GET      "/api/sensor/recent/light/7"
[GIN] 2022/10/31 - 10:18:56 | 204 |            0s |             ::1 | OPTIONS  "/api/sensor/recent/light/7"
[GIN] 2022/10/31 - 10:18:56 | 200 |      1.4838ms |             ::1 | GET      "/api/sensor/recent/light/7"
[GIN] 2022/10/31 - 10:19:01 | 200 |      1.3369ms |             ::1 | GET      "/api/sensor/recent/light/7"
[GIN] 2022/10/31 - 10:19:06 | 204 |            0s |             ::1 | OPTIONS  "/api/sensor/recent/light/7"
[GIN] 2022/10/31 - 10:19:06 | 200 |      1.5915ms |             ::1 | GET      "/api/sensor/recent/light/7"
[GIN] 2022/10/31 - 10:19:11 | 200 |      1.7833ms |             ::1 | GET      "/api/sensor/recent/light/7"
[GIN] 2022/10/31 - 10:19:16 | 204 |            0s |             ::1 | OPTIONS  "/api/sensor/recent/light/7"
[GIN] 2022/10/31 - 10:19:16 | 200 |      1.2111ms |             ::1 | GET      "/api/sensor/recent/light/7"
[GIN] 2022/10/31 - 10:19:21 | 200 |      1.5009ms |             ::1 | GET      "/api/sensor/recent/light/7"
[GIN] 2022/10/31 - 10:19:26 | 204 |            0s |             ::1 | OPTIONS  "/api/sensor/recent/light/7"
[GIN] 2022/10/31 - 10:19:26 | 200 |      1.6111ms |             ::1 | GET      "/api/sensor/recent/light/7"
[GIN] 2022/10/31 - 10:19:31 | 200 |      1.4508ms |             ::1 | GET      "/api/sensor/recent/light/7"
[GIN] 2022/10/31 - 10:19:36 | 204 |            0s |             ::1 | OPTIONS  "/api/sensor/recent/light/7"
[GIN] 2022/10/31 - 10:19:36 | 200 |      1.4717ms |             ::1 | GET      "/api/sensor/recent/light/7"
[GIN] 2022/10/31 - 10:19:41 | 204 |            0s |             ::1 | OPTIONS  "/api/sensor/recent/light/7"
[GIN] 2022/10/31 - 10:19:41 | 200 |      1.3468ms |             ::1 | GET      "/api/sensor/recent/light/7"
[GIN] 2022/10/31 - 10:19:46 | 200 |      1.6169ms |             ::1 | GET      "/api/sensor/recent/light/7"
[GIN] 2022/10/31 - 10:19:51 | 204 |            0s |             ::1 | OPTIONS  "/api/sensor/recent/light/7"
[GIN] 2022/10/31 - 10:19:51 | 200 |      1.0848ms |             ::1 | GET      "/api/sensor/recent/light/7"
[GIN] 2022/10/31 - 10:19:56 | 200 |      1.2492ms |             ::1 | GET      "/api/sensor/recent/light/7"
[GIN] 2022/10/31 - 10:20:01 | 204 |            0s |             ::1 | OPTIONS  "/api/sensor/recent/light/7"
[GIN] 2022/10/31 - 10:20:01 | 200 |      1.0327ms |             ::1 | GET      "/api/sensor/recent/light/7"
[GIN] 2022/10/31 - 10:20:06 | 200 |       804.2µs |             ::1 | GET      "/api/sensor/recent/light/7"
[GIN] 2022/10/31 - 10:20:11 | 204 |            0s |             ::1 | OPTIONS  "/api/sensor/recent/light/7"
[GIN] 2022/10/31 - 10:20:11 | 200 |      2.0039ms |             ::1 | GET      "/api/sensor/recent/light/7"
[GIN] 2022/10/31 - 10:20:16 | 204 |            0s |             ::1 | OPTIONS  "/api/sensor/recent/light/7"
[GIN] 2022/10/31 - 10:20:16 | 200 |       983.1µs |             ::1 | GET      "/api/sensor/recent/light/7"
[GIN] 2022/10/31 - 10:20:21 | 200 |      2.0173ms |             ::1 | GET      "/api/sensor/recent/light/7"
[GIN] 2022/10/31 - 10:20:26 | 204 |            0s |             ::1 | OPTIONS  "/api/sensor/recent/light/7"
[GIN] 2022/10/31 - 10:20:26 | 200 |      1.5209ms |             ::1 | GET      "/api/sensor/recent/light/7"
[GIN] 2022/10/31 - 10:20:31 | 200 |      2.2226ms |             ::1 | GET      "/api/sensor/recent/light/7"
[GIN] 2022/10/31 - 10:20:45 | 204 |            0s |             ::1 | OPTIONS  "/api/sensor/recent/light/7"
[GIN] 2022/10/31 - 10:20:45 | 200 |      2.1355ms |             ::1 | GET      "/api/sensor/recent/light/7"
[GIN] 2022/10/31 - 10:21:45 | 204 |            0s |             ::1 | OPTIONS  "/api/sensor/recent/light/7"
[GIN] 2022/10/31 - 10:21:45 | 200 |      1.9198ms |             ::1 | GET      "/api/sensor/recent/light/7"
[GIN] 2022/10/31 - 10:22:45 | 204 |            0s |             ::1 | OPTIONS  "/api/sensor/recent/light/7"
[GIN] 2022/10/31 - 10:22:45 | 200 |      1.7402ms |             ::1 | GET      "/api/sensor/recent/light/7"
[GIN] 2022/10/31 - 10:23:45 | 204 |            0s |             ::1 | OPTIONS  "/api/sensor/recent/light/7"
[GIN] 2022/10/31 - 10:23:45 | 200 |      1.4434ms |             ::1 | GET      "/api/sensor/recent/light/7"
[GIN] 2022/10/31 - 10:24:45 | 204 |            0s |             ::1 | OPTIONS  "/api/sensor/recent/light/7"
[GIN] 2022/10/31 - 10:24:45 | 200 |      1.1755ms |             ::1 | GET      "/api/sensor/recent/light/7"
[GIN] 2022/10/31 - 10:25:45 | 204 |            0s |             ::1 | OPTIONS  "/api/sensor/recent/light/7"
[GIN] 2022/10/31 - 10:25:45 | 200 |      1.1875ms |             ::1 | GET      "/api/sensor/recent/light/7"
[GIN] 2022/10/31 - 10:26:45 | 204 |            0s |             ::1 | OPTIONS  "/api/sensor/recent/light/7"
[GIN] 2022/10/31 - 10:26:45 | 200 |      1.8842ms |             ::1 | GET      "/api/sensor/recent/light/7"
[GIN] 2022/10/31 - 10:27:45 | 204 |            0s |             ::1 | OPTIONS  "/api/sensor/recent/light/7"
[GIN] 2022/10/31 - 10:27:45 | 200 |      1.0725ms |             ::1 | GET      "/api/sensor/recent/light/7"
[GIN] 2022/10/31 - 10:28:45 | 204 |            0s |             ::1 | OPTIONS  "/api/sensor/recent/light/7"
[GIN] 2022/10/31 - 10:28:45 | 200 |       878.2µs |             ::1 | GET      "/api/sensor/recent/light/7"
[GIN] 2022/10/31 - 10:29:45 | 204 |            0s |             ::1 | OPTIONS  "/api/sensor/recent/light/7"
[GIN] 2022/10/31 - 10:29:45 | 200 |      1.4291ms |             ::1 | GET      "/api/sensor/recent/light/7"
[GIN] 2022/10/31 - 10:30:45 | 204 |            0s |             ::1 | OPTIONS  "/api/sensor/recent/light/7"
[GIN] 2022/10/31 - 10:30:45 | 200 |      1.5147ms |             ::1 | GET      "/api/sensor/recent/light/7"
[GIN] 2022/10/31 - 10:31:45 | 204 |            0s |             ::1 | OPTIONS  "/api/sensor/recent/light/7"
[GIN] 2022/10/31 - 10:31:45 | 200 |      1.0542ms |             ::1 | GET      "/api/sensor/recent/light/7"
[GIN] 2022/10/31 - 10:32:45 | 204 |            0s |             ::1 | OPTIONS  "/api/sensor/recent/light/7"
[GIN] 2022/10/31 - 10:32:45 | 200 |      1.3997ms |             ::1 | GET      "/api/sensor/recent/light/7"
[GIN] 2022/10/31 - 10:33:45 | 204 |            0s |             ::1 | OPTIONS  "/api/sensor/recent/light/7"
[GIN] 2022/10/31 - 10:33:45 | 200 |      1.1124ms |             ::1 | GET      "/api/sensor/recent/light/7"
[GIN] 2022/10/31 - 10:34:45 | 204 |            0s |             ::1 | OPTIONS  "/api/sensor/recent/light/7"
[GIN] 2022/10/31 - 10:34:45 | 200 |      1.8751ms |             ::1 | GET      "/api/sensor/recent/light/7"
[GIN] 2022/10/31 - 10:35:45 | 204 |            0s |             ::1 | OPTIONS  "/api/sensor/recent/light/7"
[GIN] 2022/10/31 - 10:35:45 | 200 |      1.2518ms |             ::1 | GET      "/api/sensor/recent/light/7"
[GIN] 2022/10/31 - 10:36:45 | 204 |            0s |             ::1 | OPTIONS  "/api/sensor/recent/light/7"
[GIN] 2022/10/31 - 10:36:45 | 200 |      1.7968ms |             ::1 | GET      "/api/sensor/recent/light/7"
[GIN] 2022/10/31 - 10:37:45 | 204 |            0s |             ::1 | OPTIONS  "/api/sensor/recent/light/7"
[GIN] 2022/10/31 - 10:37:45 | 200 |      1.6306ms |             ::1 | GET      "/api/sensor/recent/light/7"
[GIN] 2022/10/31 - 10:38:45 | 204 |            0s |             ::1 | OPTIONS  "/api/sensor/recent/light/7"
[GIN] 2022/10/31 - 10:38:45 | 200 |      1.4644ms |             ::1 | GET      "/api/sensor/recent/light/7"
[GIN] 2022/10/31 - 10:39:45 | 204 |            0s |             ::1 | OPTIONS  "/api/sensor/recent/light/7"
[GIN] 2022/10/31 - 10:39:45 | 200 |      2.0586ms |             ::1 | GET      "/api/sensor/recent/light/7"
[GIN] 2022/10/31 - 10:40:45 | 204 |            0s |             ::1 | OPTIONS  "/api/sensor/recent/light/7"
[GIN] 2022/10/31 - 10:40:45 | 200 |       1.057ms |             ::1 | GET      "/api/sensor/recent/light/7"
[GIN] 2022/10/31 - 10:41:45 | 204 |            0s |             ::1 | OPTIONS  "/api/sensor/recent/light/7"
[GIN] 2022/10/31 - 10:41:45 | 200 |      2.2039ms |             ::1 | GET      "/api/sensor/recent/light/7"
[GIN] 2022/10/31 - 10:42:45 | 204 |            0s |             ::1 | OPTIONS  "/api/sensor/recent/light/7"
[GIN] 2022/10/31 - 10:42:45 | 200 |      1.4387ms |             ::1 | GET      "/api/sensor/recent/light/7"
[GIN] 2022/10/31 - 10:43:45 | 204 |            0s |             ::1 | OPTIONS  "/api/sensor/recent/light/7"
[GIN] 2022/10/31 - 10:43:45 | 200 |      2.0186ms |             ::1 | GET      "/api/sensor/recent/light/7"
[GIN] 2022/10/31 - 10:44:45 | 204 |            0s |             ::1 | OPTIONS  "/api/sensor/recent/light/7"
[GIN] 2022/10/31 - 10:44:45 | 200 |      1.9205ms |             ::1 | GET      "/api/sensor/recent/light/7"
[GIN] 2022/10/31 - 10:45:45 | 204 |            0s |             ::1 | OPTIONS  "/api/sensor/recent/light/7"
[GIN] 2022/10/31 - 10:45:45 | 200 |      1.5712ms |             ::1 | GET      "/api/sensor/recent/light/7"
[GIN] 2022/10/31 - 10:46:45 | 204 |            0s |             ::1 | OPTIONS  "/api/sensor/recent/light/7"
[GIN] 2022/10/31 - 10:46:45 | 200 |      1.5443ms |             ::1 | GET      "/api/sensor/recent/light/7"
[GIN] 2022/10/31 - 10:47:45 | 204 |            0s |             ::1 | OPTIONS  "/api/sensor/recent/light/7"
[GIN] 2022/10/31 - 10:47:45 | 200 |      1.1213ms |             ::1 | GET      "/api/sensor/recent/light/7"
[GIN] 2022/10/31 - 10:48:45 | 204 |            0s |             ::1 | OPTIONS  "/api/sensor/recent/light/7"
[GIN] 2022/10/31 - 10:48:45 | 200 |       1.924ms |             ::1 | GET      "/api/sensor/recent/light/7"
[GIN] 2022/10/31 - 10:49:45 | 204 |            0s |             ::1 | OPTIONS  "/api/sensor/recent/light/7"
[GIN] 2022/10/31 - 10:49:45 | 200 |      1.4137ms |             ::1 | GET      "/api/sensor/recent/light/7"
[GIN] 2022/10/31 - 10:50:45 | 204 |            0s |             ::1 | OPTIONS  "/api/sensor/recent/light/7"
[GIN] 2022/10/31 - 10:50:45 | 200 |      1.7559ms |             ::1 | GET      "/api/sensor/recent/light/7"
[GIN] 2022/10/31 - 10:51:45 | 204 |            0s |             ::1 | OPTIONS  "/api/sensor/recent/light/7"
[GIN] 2022/10/31 - 10:51:45 | 200 |      1.8073ms |             ::1 | GET      "/api/sensor/recent/light/7"
[GIN] 2022/10/31 - 10:52:45 | 204 |            0s |             ::1 | OPTIONS  "/api/sensor/recent/light/7"
[GIN] 2022/10/31 - 10:52:45 | 200 |      1.4471ms |             ::1 | GET      "/api/sensor/recent/light/7"
[GIN] 2022/10/31 - 10:53:45 | 204 |            0s |             ::1 | OPTIONS  "/api/sensor/recent/light/7"
[GIN] 2022/10/31 - 10:53:45 | 200 |      1.8323ms |             ::1 | GET      "/api/sensor/recent/light/7"
[GIN] 2022/10/31 - 10:54:45 | 204 |            0s |             ::1 | OPTIONS  "/api/sensor/recent/light/7"
[GIN] 2022/10/31 - 10:54:45 | 200 |       933.9µs |             ::1 | GET      "/api/sensor/recent/light/7"
[GIN] 2022/10/31 - 10:55:45 | 204 |            0s |             ::1 | OPTIONS  "/api/sensor/recent/light/7"
[GIN] 2022/10/31 - 10:55:45 | 200 |      1.8011ms |             ::1 | GET      "/api/sensor/recent/light/7"
[GIN] 2022/10/31 - 10:56:45 | 204 |            0s |             ::1 | OPTIONS  "/api/sensor/recent/light/7"
[GIN] 2022/10/31 - 10:56:45 | 200 |      1.3129ms |             ::1 | GET      "/api/sensor/recent/light/7"
[GIN] 2022/10/31 - 10:57:45 | 204 |            0s |             ::1 | OPTIONS  "/api/sensor/recent/light/7"
[GIN] 2022/10/31 - 10:57:45 | 200 |      1.8391ms |             ::1 | GET      "/api/sensor/recent/light/7"
[GIN] 2022/10/31 - 10:58:45 | 204 |            0s |             ::1 | OPTIONS  "/api/sensor/recent/light/7"
[GIN] 2022/10/31 - 10:58:45 | 200 |      2.0911ms |             ::1 | GET      "/api/sensor/recent/light/7"
[GIN] 2022/10/31 - 10:59:45 | 204 |            0s |             ::1 | OPTIONS  "/api/sensor/recent/light/7"
[GIN] 2022/10/31 - 10:59:45 | 200 |      1.7862ms |             ::1 | GET      "/api/sensor/recent/light/7"
[GIN] 2022/10/31 - 11:00:45 | 204 |            0s |             ::1 | OPTIONS  "/api/sensor/recent/light/7"
[GIN] 2022/10/31 - 11:00:45 | 200 |      1.7178ms |             ::1 | GET      "/api/sensor/recent/light/7"
[GIN] 2022/10/31 - 11:01:45 | 204 |            0s |             ::1 | OPTIONS  "/api/sensor/recent/light/7"
[GIN] 2022/10/31 - 11:01:45 | 200 |       716.8µs |             ::1 | GET      "/api/sensor/recent/light/7"
[GIN] 2022/10/31 - 11:02:45 | 204 |            0s |             ::1 | OPTIONS  "/api/sensor/recent/light/7"
[GIN] 2022/10/31 - 11:02:45 | 200 |      1.6189ms |             ::1 | GET      "/api/sensor/recent/light/7"
[GIN] 2022/10/31 - 11:03:45 | 204 |            0s |             ::1 | OPTIONS  "/api/sensor/recent/light/7"
[GIN] 2022/10/31 - 11:03:45 | 200 |      2.2412ms |             ::1 | GET      "/api/sensor/recent/light/7"
[GIN] 2022/10/31 - 11:04:45 | 204 |            0s |             ::1 | OPTIONS  "/api/sensor/recent/light/7"
[GIN] 2022/10/31 - 11:04:45 | 200 |       905.9µs |             ::1 | GET      "/api/sensor/recent/light/7"
[GIN] 2022/10/31 - 11:05:45 | 204 |            0s |             ::1 | OPTIONS  "/api/sensor/recent/light/7"
[GIN] 2022/10/31 - 11:05:45 | 200 |       746.5µs |             ::1 | GET      "/api/sensor/recent/light/7"
[GIN] 2022/10/31 - 11:06:45 | 204 |            0s |             ::1 | OPTIONS  "/api/sensor/recent/light/7"
[GIN] 2022/10/31 - 11:06:45 | 200 |      1.9969ms |             ::1 | GET      "/api/sensor/recent/light/7"
[GIN] 2022/10/31 - 11:07:45 | 204 |            0s |             ::1 | OPTIONS  "/api/sensor/recent/light/7"
[GIN] 2022/10/31 - 11:07:45 | 200 |       1.533ms |             ::1 | GET      "/api/sensor/recent/light/7"
[GIN] 2022/10/31 - 11:08:45 | 204 |            0s |             ::1 | OPTIONS  "/api/sensor/recent/light/7"
[GIN] 2022/10/31 - 11:08:45 | 200 |      1.3427ms |             ::1 | GET      "/api/sensor/recent/light/7"
[GIN] 2022/10/31 - 11:09:45 | 204 |            0s |             ::1 | OPTIONS  "/api/sensor/recent/light/7"
[GIN] 2022/10/31 - 11:09:45 | 200 |      1.7936ms |             ::1 | GET      "/api/sensor/recent/light/7"
[GIN] 2022/10/31 - 11:10:45 | 204 |            0s |             ::1 | OPTIONS  "/api/sensor/recent/light/7"
[GIN] 2022/10/31 - 11:10:45 | 200 |      1.8875ms |             ::1 | GET      "/api/sensor/recent/light/7"
[GIN] 2022/10/31 - 11:11:45 | 204 |            0s |             ::1 | OPTIONS  "/api/sensor/recent/light/7"
[GIN] 2022/10/31 - 11:11:45 | 200 |      1.4103ms |             ::1 | GET      "/api/sensor/recent/light/7"
[GIN] 2022/10/31 - 11:12:45 | 204 |            0s |             ::1 | OPTIONS  "/api/sensor/recent/light/7"
[GIN] 2022/10/31 - 11:12:45 | 200 |      1.8325ms |             ::1 | GET      "/api/sensor/recent/light/7"
[GIN] 2022/10/31 - 11:13:45 | 204 |            0s |             ::1 | OPTIONS  "/api/sensor/recent/light/7"
[GIN] 2022/10/31 - 11:13:45 | 200 |      1.9924ms |             ::1 | GET      "/api/sensor/recent/light/7"
[GIN] 2022/10/31 - 11:14:45 | 204 |            0s |             ::1 | OPTIONS  "/api/sensor/recent/light/7"
[GIN] 2022/10/31 - 11:14:45 | 200 |       1.876ms |             ::1 | GET      "/api/sensor/recent/light/7"
[GIN] 2022/10/31 - 11:15:45 | 204 |            0s |             ::1 | OPTIONS  "/api/sensor/recent/light/7"
[GIN] 2022/10/31 - 11:15:45 | 200 |      2.0624ms |             ::1 | GET      "/api/sensor/recent/light/7"
[GIN] 2022/10/31 - 11:16:45 | 204 |            0s |             ::1 | OPTIONS  "/api/sensor/recent/light/7"
[GIN] 2022/10/31 - 11:16:45 | 200 |      1.2811ms |             ::1 | GET      "/api/sensor/recent/light/7"
[GIN] 2022/10/31 - 11:17:45 | 204 |            0s |             ::1 | OPTIONS  "/api/sensor/recent/light/7"
[GIN] 2022/10/31 - 11:17:45 | 200 |       655.9µs |             ::1 | GET      "/api/sensor/recent/light/7"
[GIN] 2022/10/31 - 11:18:45 | 204 |            0s |             ::1 | OPTIONS  "/api/sensor/recent/light/7"
[GIN] 2022/10/31 - 11:18:45 | 200 |      1.3252ms |             ::1 | GET      "/api/sensor/recent/light/7"
[GIN] 2022/10/31 - 11:19:45 | 204 |            0s |             ::1 | OPTIONS  "/api/sensor/recent/light/7"
[GIN] 2022/10/31 - 11:19:45 | 200 |      1.6593ms |             ::1 | GET      "/api/sensor/recent/light/7"
[GIN] 2022/10/31 - 11:20:45 | 204 |            0s |             ::1 | OPTIONS  "/api/sensor/recent/light/7"
[GIN] 2022/10/31 - 11:20:45 | 200 |      1.1045ms |             ::1 | GET      "/api/sensor/recent/light/7"
[GIN] 2022/10/31 - 11:21:45 | 204 |            0s |             ::1 | OPTIONS  "/api/sensor/recent/light/7"
[GIN] 2022/10/31 - 11:21:45 | 200 |      1.7583ms |             ::1 | GET      "/api/sensor/recent/light/7"
[GIN] 2022/10/31 - 11:22:45 | 204 |            0s |             ::1 | OPTIONS  "/api/sensor/recent/light/7"
[GIN] 2022/10/31 - 11:22:45 | 200 |      1.8696ms |             ::1 | GET      "/api/sensor/recent/light/7"
[GIN] 2022/10/31 - 11:23:45 | 204 |            0s |             ::1 | OPTIONS  "/api/sensor/recent/light/7"
[GIN] 2022/10/31 - 11:23:45 | 200 |      1.1791ms |             ::1 | GET      "/api/sensor/recent/light/7"
[GIN] 2022/10/31 - 11:24:45 | 204 |            0s |             ::1 | OPTIONS  "/api/sensor/recent/light/7"
[GIN] 2022/10/31 - 11:24:45 | 200 |      1.5894ms |             ::1 | GET      "/api/sensor/recent/light/7"
[GIN] 2022/10/31 - 11:25:45 | 204 |            0s |             ::1 | OPTIONS  "/api/sensor/recent/light/7"
[GIN] 2022/10/31 - 11:25:45 | 200 |      1.6164ms |             ::1 | GET      "/api/sensor/recent/light/7"
[GIN] 2022/10/31 - 11:26:45 | 204 |            0s |             ::1 | OPTIONS  "/api/sensor/recent/light/7"
[GIN] 2022/10/31 - 11:26:45 | 200 |      2.1985ms |             ::1 | GET      "/api/sensor/recent/light/7"
[GIN] 2022/10/31 - 11:27:45 | 204 |            0s |             ::1 | OPTIONS  "/api/sensor/recent/light/7"
[GIN] 2022/10/31 - 11:27:45 | 200 |      1.8912ms |             ::1 | GET      "/api/sensor/recent/light/7"
[GIN] 2022/10/31 - 11:28:45 | 204 |            0s |             ::1 | OPTIONS  "/api/sensor/recent/light/7"
[GIN] 2022/10/31 - 11:28:45 | 200 |      1.7515ms |             ::1 | GET      "/api/sensor/recent/light/7"
[GIN] 2022/10/31 - 11:29:45 | 204 |            0s |             ::1 | OPTIONS  "/api/sensor/recent/light/7"
[GIN] 2022/10/31 - 11:29:45 | 200 |      1.9336ms |             ::1 | GET      "/api/sensor/recent/light/7"
[GIN] 2022/10/31 - 11:30:45 | 204 |            0s |             ::1 | OPTIONS  "/api/sensor/recent/light/7"
[GIN] 2022/10/31 - 11:30:45 | 200 |       918.3µs |             ::1 | GET      "/api/sensor/recent/light/7"
[GIN] 2022/10/31 - 11:31:45 | 204 |            0s |             ::1 | OPTIONS  "/api/sensor/recent/light/7"
[GIN] 2022/10/31 - 11:31:45 | 200 |      1.2161ms |             ::1 | GET      "/api/sensor/recent/light/7"
[GIN] 2022/10/31 - 11:32:45 | 204 |            0s |             ::1 | OPTIONS  "/api/sensor/recent/light/7"
[GIN] 2022/10/31 - 11:32:45 | 200 |      1.7761ms |             ::1 | GET      "/api/sensor/recent/light/7"
[GIN] 2022/10/31 - 11:33:45 | 204 |            0s |             ::1 | OPTIONS  "/api/sensor/recent/light/7"
[GIN] 2022/10/31 - 11:33:45 | 200 |      1.1539ms |             ::1 | GET      "/api/sensor/recent/light/7"
[GIN] 2022/10/31 - 11:34:45 | 204 |            0s |             ::1 | OPTIONS  "/api/sensor/recent/light/7"
[GIN] 2022/10/31 - 11:34:45 | 200 |      2.1456ms |             ::1 | GET      "/api/sensor/recent/light/7"
[GIN] 2022/10/31 - 11:35:45 | 204 |            0s |             ::1 | OPTIONS  "/api/sensor/recent/light/7"
[GIN] 2022/10/31 - 11:35:45 | 200 |       891.7µs |             ::1 | GET      "/api/sensor/recent/light/7"
[GIN] 2022/10/31 - 11:36:45 | 204 |            0s |             ::1 | OPTIONS  "/api/sensor/recent/light/7"
[GIN] 2022/10/31 - 11:36:45 | 200 |       1.806ms |             ::1 | GET      "/api/sensor/recent/light/7"
[GIN] 2022/10/31 - 11:37:45 | 204 |            0s |             ::1 | OPTIONS  "/api/sensor/recent/light/7"
[GIN] 2022/10/31 - 11:37:45 | 200 |      1.6234ms |             ::1 | GET      "/api/sensor/recent/light/7"
[GIN] 2022/10/31 - 11:38:45 | 204 |            0s |             ::1 | OPTIONS  "/api/sensor/recent/light/7"
[GIN] 2022/10/31 - 11:38:45 | 200 |       1.304ms |             ::1 | GET      "/api/sensor/recent/light/7"
[GIN] 2022/10/31 - 11:39:45 | 204 |            0s |             ::1 | OPTIONS  "/api/sensor/recent/light/7"
[GIN] 2022/10/31 - 11:39:45 | 200 |      1.0296ms |             ::1 | GET      "/api/sensor/recent/light/7"
[GIN] 2022/10/31 - 11:40:45 | 204 |            0s |             ::1 | OPTIONS  "/api/sensor/recent/light/7"
[GIN] 2022/10/31 - 11:40:45 | 200 |      1.8532ms |             ::1 | GET      "/api/sensor/recent/light/7"
[GIN] 2022/10/31 - 11:41:45 | 204 |            0s |             ::1 | OPTIONS  "/api/sensor/recent/light/7"
[GIN] 2022/10/31 - 11:41:45 | 200 |      1.6735ms |             ::1 | GET      "/api/sensor/recent/light/7"
[GIN] 2022/10/31 - 11:42:45 | 204 |            0s |             ::1 | OPTIONS  "/api/sensor/recent/light/7"
[GIN] 2022/10/31 - 11:42:45 | 200 |      1.4342ms |             ::1 | GET      "/api/sensor/recent/light/7"
[GIN] 2022/10/31 - 11:43:45 | 204 |            0s |             ::1 | OPTIONS  "/api/sensor/recent/light/7"
[GIN] 2022/10/31 - 11:43:45 | 200 |        1.12ms |             ::1 | GET      "/api/sensor/recent/light/7"
[GIN] 2022/10/31 - 11:44:00 | 204 |            0s |             ::1 | OPTIONS  "/api/sensor/recent/light/7"
[GIN] 2022/10/31 - 11:44:00 | 200 |      1.0742ms |             ::1 | GET      "/api/sensor/recent/light/7"
[GIN] 2022/10/31 - 11:44:00 | 200 |      1.6162ms |             ::1 | GET      "/api/sensor/recent/light/7"
[GIN] 2022/10/31 - 11:44:05 | 204 |            0s |             ::1 | OPTIONS  "/api/sensor/recent/light/7"
[GIN] 2022/10/31 - 11:44:05 | 200 |      1.8921ms |             ::1 | GET      "/api/sensor/recent/light/7"
[GIN] 2022/10/31 - 11:44:10 | 200 |      1.7581ms |             ::1 | GET      "/api/sensor/recent/light/7"
[GIN] 2022/10/31 - 11:44:15 | 204 |            0s |             ::1 | OPTIONS  "/api/sensor/recent/light/7"
[GIN] 2022/10/31 - 11:44:15 | 200 |      1.6584ms |             ::1 | GET      "/api/sensor/recent/light/7"
[GIN] 2022/10/31 - 11:44:20 | 200 |       1.769ms |             ::1 | GET      "/api/sensor/recent/light/7"
[GIN] 2022/10/31 - 11:44:25 | 204 |            0s |             ::1 | OPTIONS  "/api/sensor/recent/light/7"
[GIN] 2022/10/31 - 11:44:25 | 200 |      2.0096ms |             ::1 | GET      "/api/sensor/recent/light/7"
[GIN] 2022/10/31 - 11:44:30 | 200 |      1.4836ms |             ::1 | GET      "/api/sensor/recent/light/7"
[GIN] 2022/10/31 - 11:44:35 | 204 |            0s |             ::1 | OPTIONS  "/api/sensor/recent/light/7"
[GIN] 2022/10/31 - 11:44:35 | 200 |      2.0379ms |             ::1 | GET      "/api/sensor/recent/light/7"
[GIN] 2022/10/31 - 11:44:40 | 200 |       1.516ms |             ::1 | GET      "/api/sensor/recent/light/7"
[GIN] 2022/10/31 - 11:44:45 | 204 |            0s |             ::1 | OPTIONS  "/api/sensor/recent/light/7"
[GIN] 2022/10/31 - 11:44:45 | 200 |      2.0503ms |             ::1 | GET      "/api/sensor/recent/light/7"
[GIN] 2022/10/31 - 11:44:50 | 200 |      2.0076ms |             ::1 | GET      "/api/sensor/recent/light/7"
[GIN] 2022/10/31 - 11:44:55 | 204 |            0s |             ::1 | OPTIONS  "/api/sensor/recent/light/7"
[GIN] 2022/10/31 - 11:44:55 | 200 |      1.4755ms |             ::1 | GET      "/api/sensor/recent/light/7"
[GIN] 2022/10/31 - 11:45:00 | 200 |      1.2789ms |             ::1 | GET      "/api/sensor/recent/light/7"
[GIN] 2022/10/31 - 11:45:06 | 204 |            0s |             ::1 | OPTIONS  "/api/manager/all/user?page=1&limit=20&sort=%2Bid"
[GIN] 2022/10/31 - 11:45:06 | 200 |      1.5541ms |             ::1 | GET      "/api/manager/all/user?page=1&limit=20&sort=%2Bid"
[GIN] 2022/10/31 - 11:45:07 | 204 |            0s |             ::1 | OPTIONS  "/api/book/all/nondto?page=1&limit=20&sort=%2Bid"
[GIN] 2022/10/31 - 11:45:07 | 200 |      1.2178ms |             ::1 | GET      "/api/book/all/nondto?page=1&limit=20&sort=%2Bid"
[GIN] 2022/10/31 - 11:45:39 | 204 |            0s |             ::1 | OPTIONS  "/api/sensor/total/temperature"
[GIN] 2022/10/31 - 11:45:39 | 204 |            0s |             ::1 | OPTIONS  "/api/sensor/recent/temperature/7"
[GIN] 2022/10/31 - 11:45:39 | 200 |      2.3768ms |             ::1 | GET      "/api/sensor/recent/temperature/7"
[GIN] 2022/10/31 - 11:45:39 | 200 |      4.2753ms |             ::1 | GET      "/api/sensor/total/temperature"
[GIN] 2022/10/31 - 11:45:39 | 204 |            0s |             ::1 | OPTIONS  "/api/sensor/total/humidity"
[GIN] 2022/10/31 - 11:45:39 | 200 |       3.353ms |             ::1 | GET      "/api/sensor/total/humidity"
[GIN] 2022/10/31 - 11:45:39 | 204 |            0s |             ::1 | OPTIONS  "/api/sensor/total/light"
[GIN] 2022/10/31 - 11:45:39 | 200 |      3.3168ms |             ::1 | GET      "/api/sensor/total/light"
[GIN] 2022/10/31 - 11:45:39 | 204 |            0s |             ::1 | OPTIONS  "/api/sensor/total/lamp"
[GIN] 2022/10/31 - 11:45:39 | 200 |      3.5835ms |             ::1 | GET      "/api/sensor/total/lamp"
[GIN] 2022/10/31 - 11:45:39 | 204 |            0s |             ::1 | OPTIONS  "/api/sensor/total/fire"
[GIN] 2022/10/31 - 11:45:40 | 200 |      3.6861ms |             ::1 | GET      "/api/sensor/total/fire"
[GIN] 2022/10/31 - 11:45:43 | 204 |            0s |             ::1 | OPTIONS  "/api/sensor/recent/humidity/7"
[GIN] 2022/10/31 - 11:45:43 | 200 |      1.9984ms |             ::1 | GET      "/api/sensor/recent/humidity/7"
[GIN] 2022/10/31 - 11:45:43 | 204 |            0s |             ::1 | OPTIONS  "/api/sensor/recent/light/7"
[GIN] 2022/10/31 - 11:45:43 | 200 |      1.2706ms |             ::1 | GET      "/api/sensor/recent/light/7"
[GIN] 2022/10/31 - 11:45:44 | 204 |            0s |             ::1 | OPTIONS  "/api/sensor/recent/fire/7"
[GIN] 2022/10/31 - 11:45:44 | 200 |       688.9µs |             ::1 | GET      "/api/sensor/recent/fire/7"
[GIN] 2022/10/31 - 11:45:44 | 200 |      1.2837ms |             ::1 | GET      "/api/sensor/recent/fire/7"
[GIN] 2022/10/31 - 11:45:45 | 200 |      1.6975ms |             ::1 | GET      "/api/sensor/recent/humidity/7"
[GIN] 2022/10/31 - 11:45:45 | 200 |      1.8313ms |             ::1 | GET      "/api/sensor/recent/fire/7"
[GIN] 2022/10/31 - 11:45:46 | 204 |            0s |             ::1 | OPTIONS  "/api/sensor/recent/temperature/7"
[GIN] 2022/10/31 - 11:45:46 | 200 |      1.5587ms |             ::1 | GET      "/api/sensor/recent/temperature/7"
[GIN] 2022/10/31 - 11:45:46 | 200 |      1.0664ms |             ::1 | GET      "/api/sensor/recent/humidity/7"
[GIN] 2022/10/31 - 11:45:47 | 200 |      2.7122ms |             ::1 | GET      "/api/sensor/recent/light/7"
[GIN] 2022/10/31 - 11:45:47 | 200 |      1.0857ms |             ::1 | GET      "/api/sensor/recent/humidity/7"
[GIN] 2022/10/31 - 11:45:48 | 200 |      1.2587ms |             ::1 | GET      "/api/sensor/recent/temperature/7"
[GIN] 2022/10/31 - 11:45:49 | 200 |      2.1553ms |             ::1 | GET      "/api/sensor/recent/temperature/7"
[GIN] 2022/10/31 - 11:45:54 | 204 |            0s |             ::1 | OPTIONS  "/api/sensor/recent/temperature/7"
[GIN] 2022/10/31 - 11:45:54 | 200 |      1.2006ms |             ::1 | GET      "/api/sensor/recent/temperature/7"
[GIN] 2022/10/31 - 11:45:59 | 200 |       753.4µs |             ::1 | GET      "/api/sensor/recent/temperature/7"
[GIN] 2022/10/31 - 11:46:05 | 204 |            0s |             ::1 | OPTIONS  "/api/sensor/recent/temperature/7"
[GIN] 2022/10/31 - 11:46:05 | 200 |      1.7187ms |             ::1 | GET      "/api/sensor/recent/temperature/7"
[GIN] 2022/10/31 - 11:46:10 | 200 |       992.1µs |             ::1 | GET      "/api/sensor/recent/temperature/7"
[GIN] 2022/10/31 - 11:46:15 | 204 |            0s |             ::1 | OPTIONS  "/api/sensor/recent/temperature/7"
[GIN] 2022/10/31 - 11:46:15 | 200 |      1.7044ms |             ::1 | GET      "/api/sensor/recent/temperature/7"
[GIN] 2022/10/31 - 11:46:20 | 204 |            0s |             ::1 | OPTIONS  "/api/sensor/recent/temperature/7"
[GIN] 2022/10/31 - 11:46:20 | 200 |      1.3701ms |             ::1 | GET      "/api/sensor/recent/temperature/7"
[GIN] 2022/10/31 - 11:46:25 | 200 |       1.795ms |             ::1 | GET      "/api/sensor/recent/temperature/7"
[GIN] 2022/10/31 - 11:46:30 | 204 |            0s |             ::1 | OPTIONS  "/api/sensor/recent/temperature/7"
[GIN] 2022/10/31 - 11:46:30 | 200 |      1.3743ms |             ::1 | GET      "/api/sensor/recent/temperature/7"
[GIN] 2022/10/31 - 11:46:35 | 200 |      1.9862ms |             ::1 | GET      "/api/sensor/recent/temperature/7"
[GIN] 2022/10/31 - 11:46:40 | 204 |            0s |             ::1 | OPTIONS  "/api/sensor/recent/temperature/7"
[GIN] 2022/10/31 - 11:46:40 | 200 |      2.3222ms |             ::1 | GET      "/api/sensor/recent/temperature/7"
[GIN] 2022/10/31 - 11:46:45 | 200 |      1.4182ms |             ::1 | GET      "/api/sensor/recent/temperature/7"
[GIN] 2022/10/31 - 11:46:50 | 204 |            0s |             ::1 | OPTIONS  "/api/sensor/recent/temperature/7"
[GIN] 2022/10/31 - 11:46:50 | 200 |       831.6µs |             ::1 | GET      "/api/sensor/recent/temperature/7"
[GIN] 2022/10/31 - 11:46:55 | 200 |      2.0488ms |             ::1 | GET      "/api/sensor/recent/temperature/7"
[GIN] 2022/10/31 - 11:47:00 | 204 |            0s |             ::1 | OPTIONS  "/api/sensor/recent/temperature/7"
[GIN] 2022/10/31 - 11:47:00 | 200 |      1.3043ms |             ::1 | GET      "/api/sensor/recent/temperature/7"
[GIN] 2022/10/31 - 11:47:05 | 200 |      1.1726ms |             ::1 | GET      "/api/sensor/recent/temperature/7"
[GIN] 2022/10/31 - 11:47:10 | 204 |            0s |             ::1 | OPTIONS  "/api/sensor/recent/temperature/7"
[GIN] 2022/10/31 - 11:47:10 | 200 |       968.4µs |             ::1 | GET      "/api/sensor/recent/temperature/7"
[GIN] 2022/10/31 - 11:47:15 | 204 |            0s |             ::1 | OPTIONS  "/api/sensor/recent/temperature/7"
[GIN] 2022/10/31 - 11:47:15 | 200 |      1.3549ms |             ::1 | GET      "/api/sensor/recent/temperature/7"
[GIN] 2022/10/31 - 11:47:20 | 200 |       824.3µs |             ::1 | GET      "/api/sensor/recent/temperature/7"
[GIN] 2022/10/31 - 11:47:25 | 204 |            0s |             ::1 | OPTIONS  "/api/sensor/recent/temperature/7"
[GIN] 2022/10/31 - 11:47:25 | 200 |      1.0943ms |             ::1 | GET      "/api/sensor/recent/temperature/7"
[GIN] 2022/10/31 - 11:47:30 | 204 |            0s |             ::1 | OPTIONS  "/api/sensor/recent/temperature/7"
[GIN] 2022/10/31 - 11:47:30 | 200 |      1.7837ms |             ::1 | GET      "/api/sensor/recent/temperature/7"
[GIN] 2022/10/31 - 11:47:35 | 200 |      2.1632ms |             ::1 | GET      "/api/sensor/recent/temperature/7"
[GIN] 2022/10/31 - 11:47:40 | 204 |            0s |             ::1 | OPTIONS  "/api/sensor/recent/temperature/7"
[GIN] 2022/10/31 - 11:47:40 | 200 |      1.8977ms |             ::1 | GET      "/api/sensor/recent/temperature/7"
[GIN] 2022/10/31 - 11:47:45 | 204 |            0s |             ::1 | OPTIONS  "/api/sensor/recent/temperature/7"
[GIN] 2022/10/31 - 11:47:45 | 200 |      1.0948ms |             ::1 | GET      "/api/sensor/recent/temperature/7"
[GIN] 2022/10/31 - 11:47:50 | 200 |      1.3237ms |             ::1 | GET      "/api/sensor/recent/temperature/7"
[GIN] 2022/10/31 - 11:47:55 | 204 |            0s |             ::1 | OPTIONS  "/api/sensor/recent/temperature/7"
[GIN] 2022/10/31 - 11:47:55 | 200 |       972.1µs |             ::1 | GET      "/api/sensor/recent/temperature/7"
[GIN] 2022/10/31 - 11:48:00 | 204 |            0s |             ::1 | OPTIONS  "/api/sensor/recent/temperature/7"
[GIN] 2022/10/31 - 11:48:00 | 200 |       1.816ms |             ::1 | GET      "/api/sensor/recent/temperature/7"
[GIN] 2022/10/31 - 11:48:05 | 200 |      1.5704ms |             ::1 | GET      "/api/sensor/recent/temperature/7"
[GIN] 2022/10/31 - 11:48:10 | 204 |      1.0188ms |             ::1 | OPTIONS  "/api/sensor/recent/temperature/7"
[GIN] 2022/10/31 - 11:48:10 | 200 |      1.1009ms |             ::1 | GET      "/api/sensor/recent/temperature/7"
[GIN] 2022/10/31 - 11:48:15 | 204 |            0s |             ::1 | OPTIONS  "/api/sensor/recent/temperature/7"
[GIN] 2022/10/31 - 11:48:15 | 200 |      1.5436ms |             ::1 | GET      "/api/sensor/recent/temperature/7"
[GIN] 2022/10/31 - 11:48:20 | 200 |      1.6469ms |             ::1 | GET      "/api/sensor/recent/temperature/7"
[GIN] 2022/10/31 - 11:48:25 | 204 |            0s |             ::1 | OPTIONS  "/api/sensor/recent/temperature/7"
[GIN] 2022/10/31 - 11:48:25 | 200 |      1.4002ms |             ::1 | GET      "/api/sensor/recent/temperature/7"
[GIN] 2022/10/31 - 11:48:30 | 200 |      1.9145ms |             ::1 | GET      "/api/sensor/recent/temperature/7"
[GIN] 2022/10/31 - 11:48:35 | 204 |            0s |             ::1 | OPTIONS  "/api/sensor/recent/temperature/7"
[GIN] 2022/10/31 - 11:48:35 | 200 |        1.21ms |             ::1 | GET      "/api/sensor/recent/temperature/7"
[GIN] 2022/10/31 - 11:48:40 | 204 |            0s |             ::1 | OPTIONS  "/api/sensor/recent/temperature/7"
[GIN] 2022/10/31 - 11:48:40 | 200 |      1.1246ms |             ::1 | GET      "/api/sensor/recent/temperature/7"
[GIN] 2022/10/31 - 11:48:45 | 200 |      1.0264ms |             ::1 | GET      "/api/sensor/recent/temperature/7"
[GIN] 2022/10/31 - 11:48:50 | 204 |            0s |             ::1 | OPTIONS  "/api/sensor/recent/temperature/7"
[GIN] 2022/10/31 - 11:48:50 | 200 |         960µs |             ::1 | GET      "/api/sensor/recent/temperature/7"
[GIN] 2022/10/31 - 11:48:55 | 200 |      2.8337ms |             ::1 | GET      "/api/sensor/recent/temperature/7"
[GIN] 2022/10/31 - 11:48:56 | 204 |            0s |             ::1 | OPTIONS  "/api/sensor/recent/fire/7"
[GIN] 2022/10/31 - 11:48:56 | 200 |      1.2427ms |             ::1 | GET      "/api/sensor/recent/fire/7"
[GIN] 2022/10/31 - 11:48:59 | 200 |       924.2µs |             ::1 | GET      "/api/sensor/recent/fire/7"
[GIN] 2022/10/31 - 11:49:04 | 204 |            0s |             ::1 | OPTIONS  "/api/sensor/recent/fire/7"
[GIN] 2022/10/31 - 11:49:04 | 200 |      1.1684ms |             ::1 | GET      "/api/sensor/recent/fire/7"
[GIN] 2022/10/31 - 11:49:09 | 200 |      2.1261ms |             ::1 | GET      "/api/sensor/recent/fire/7"
[GIN] 2022/10/31 - 11:49:14 | 204 |            0s |             ::1 | OPTIONS  "/api/sensor/recent/fire/7"
[GIN] 2022/10/31 - 11:49:14 | 200 |      1.0821ms |             ::1 | GET      "/api/sensor/recent/fire/7"
[GIN] 2022/10/31 - 11:49:19 | 200 |       931.4µs |             ::1 | GET      "/api/sensor/recent/fire/7"
[GIN] 2022/10/31 - 11:49:24 | 204 |            0s |             ::1 | OPTIONS  "/api/sensor/recent/fire/7"
[GIN] 2022/10/31 - 11:49:24 | 200 |      2.1319ms |             ::1 | GET      "/api/sensor/recent/fire/7"
[GIN] 2022/10/31 - 11:49:29 | 200 |      1.1565ms |             ::1 | GET      "/api/sensor/recent/fire/7"
[GIN] 2022/10/31 - 11:49:34 | 204 |            0s |             ::1 | OPTIONS  "/api/sensor/recent/fire/7"
[GIN] 2022/10/31 - 11:49:34 | 200 |      1.4708ms |             ::1 | GET      "/api/sensor/recent/fire/7"
[GIN] 2022/10/31 - 11:49:39 | 200 |      1.4461ms |             ::1 | GET      "/api/sensor/recent/fire/7"
[GIN] 2022/10/31 - 11:49:45 | 204 |            0s |             ::1 | OPTIONS  "/api/sensor/recent/fire/7"
[GIN] 2022/10/31 - 11:49:45 | 200 |       1.505ms |             ::1 | GET      "/api/sensor/recent/fire/7"
[GIN] 2022/10/31 - 11:49:47 | 204 |            0s |             ::1 | OPTIONS  "/api/sensor/recent/humidity/7"
[GIN] 2022/10/31 - 11:49:47 | 200 |      1.6049ms |             ::1 | GET      "/api/sensor/recent/humidity/7"
[GIN] 2022/10/31 - 11:49:48 | 200 |       1.283ms |             ::1 | GET      "/api/sensor/recent/fire/7"
[GIN] 2022/10/31 - 11:49:49 | 200 |      1.2809ms |             ::1 | GET      "/api/sensor/recent/fire/7"
[GIN] 2022/10/31 - 11:49:51 | 204 |            0s |             ::1 | OPTIONS  "/api/sensor/all/page?page=1&limit=20&sort=%2Bid"
[GIN] 2022/10/31 - 11:49:51 | 200 |      6.7879ms |             ::1 | GET      "/api/sensor/all/page?page=1&limit=20&sort=%2Bid"
[GIN] 2022/10/31 - 11:49:55 | 204 |            0s |             ::1 | OPTIONS  "/api/sensor/all/page?page=1&limit=20&type=fire&sort=%2Bid"
[GIN] 2022/10/31 - 11:49:55 | 200 |      4.2041ms |             ::1 | GET      "/api/sensor/all/page?page=1&limit=20&type=fire&sort=%2Bid"
[GIN] 2022/10/31 - 11:50:06 | 204 |            0s |             ::1 | OPTIONS  "/api/sensor/all/page?page=1&limit=20&type=fire&sort=-id"
[GIN] 2022/10/31 - 11:50:06 | 200 |      3.7629ms |             ::1 | GET      "/api/sensor/all/page?page=1&limit=20&type=fire&sort=-id"
[GIN] 2022/10/31 - 11:50:10 | 200 |       3.937ms |             ::1 | GET      "/api/sensor/all/page?page=1&limit=20&type=fire&sort=-id"
[GIN] 2022/10/31 - 11:50:11 | 200 |      3.6233ms |             ::1 | GET      "/api/sensor/all/page?page=1&limit=20&type=fire&sort=-id"
[GIN] 2022/10/31 - 11:50:40 | 204 |            0s |             ::1 | OPTIONS  "/api/sensor/all/page?page=1&limit=20&type=fire&sort=-id"
[GIN] 2022/10/31 - 11:50:40 | 200 |      3.8453ms |             ::1 | GET      "/api/sensor/all/page?page=1&limit=20&type=fire&sort=-id"
[GIN] 2022/10/31 - 11:50:42 | 204 |            0s |             ::1 | OPTIONS  "/api/sensor/total/temperature"
[GIN] 2022/10/31 - 11:50:42 | 204 |            0s |             ::1 | OPTIONS  "/api/sensor/recent/temperature/7"
[GIN] 2022/10/31 - 11:50:42 | 200 |       854.7µs |             ::1 | GET      "/api/sensor/recent/temperature/7"
[GIN] 2022/10/31 - 11:50:42 | 200 |      3.2878ms |             ::1 | GET      "/api/sensor/total/temperature"
[GIN] 2022/10/31 - 11:50:42 | 204 |            0s |             ::1 | OPTIONS  "/api/sensor/total/humidity"
[GIN] 2022/10/31 - 11:50:42 | 200 |      4.9998ms |             ::1 | GET      "/api/sensor/total/humidity"
[GIN] 2022/10/31 - 11:50:42 | 204 |            0s |             ::1 | OPTIONS  "/api/sensor/total/light"
[GIN] 2022/10/31 - 11:50:42 | 200 |      3.4612ms |             ::1 | GET      "/api/sensor/total/light"
[GIN] 2022/10/31 - 11:50:42 | 204 |            0s |             ::1 | OPTIONS  "/api/sensor/total/lamp"
[GIN] 2022/10/31 - 11:50:42 | 200 |      3.3941ms |             ::1 | GET      "/api/sensor/total/lamp"
[GIN] 2022/10/31 - 11:50:42 | 204 |            0s |             ::1 | OPTIONS  "/api/sensor/total/fire"
[GIN] 2022/10/31 - 11:50:42 | 200 |      3.7768ms |             ::1 | GET      "/api/sensor/total/fire"
[GIN] 2022/10/31 - 11:50:43 | 204 |            0s |             ::1 | OPTIONS  "/api/sensor/recent/fire/7"
[GIN] 2022/10/31 - 11:50:43 | 200 |       1.752ms |             ::1 | GET      "/api/sensor/recent/fire/7"
[GIN] 2022/10/31 - 11:50:44 | 204 |            0s |             ::1 | OPTIONS  "/api/sensor/recent/humidity/7"
[GIN] 2022/10/31 - 11:50:44 | 200 |      1.0017ms |             ::1 | GET      "/api/sensor/recent/humidity/7"
[GIN] 2022/10/31 - 11:50:45 | 200 |      1.1558ms |             ::1 | GET      "/api/sensor/recent/fire/7"
[GIN] 2022/10/31 - 11:50:46 | 200 |      1.6856ms |             ::1 | GET      "/api/sensor/recent/humidity/7"
[GIN] 2022/10/31 - 11:50:46 | 200 |      1.3857ms |             ::1 | GET      "/api/sensor/recent/temperature/7"
[GIN] 2022/10/31 - 11:50:46 | 204 |            0s |             ::1 | OPTIONS  "/api/sensor/recent/light/7"
[GIN] 2022/10/31 - 11:50:46 | 200 |      1.2721ms |             ::1 | GET      "/api/sensor/recent/light/7"
[GIN] 2022/10/31 - 11:50:47 | 200 |      1.4801ms |             ::1 | GET      "/api/sensor/recent/light/7"
[GIN] 2022/10/31 - 11:50:53 | 204 |            0s |             ::1 | OPTIONS  "/api/sensor/recent/light/7"
[GIN] 2022/10/31 - 11:50:53 | 200 |      1.0591ms |             ::1 | GET      "/api/sensor/recent/light/7"
[GIN] 2022/10/31 - 11:50:58 | 200 |      1.6883ms |             ::1 | GET      "/api/sensor/recent/light/7"
[GIN] 2022/10/31 - 11:51:03 | 204 |       999.4µs |             ::1 | OPTIONS  "/api/sensor/recent/light/7"
[GIN] 2022/10/31 - 11:51:03 | 200 |      1.7153ms |             ::1 | GET      "/api/sensor/recent/light/7"
[GIN] 2022/10/31 - 11:51:08 | 200 |      1.4343ms |             ::1 | GET      "/api/sensor/recent/light/7"
[GIN] 2022/10/31 - 11:51:13 | 204 |            0s |             ::1 | OPTIONS  "/api/sensor/recent/light/7"
[GIN] 2022/10/31 - 11:51:13 | 200 |       2.147ms |             ::1 | GET      "/api/sensor/recent/light/7"
[GIN] 2022/10/31 - 11:51:18 | 204 |            0s |             ::1 | OPTIONS  "/api/sensor/recent/light/7"
[GIN] 2022/10/31 - 11:51:18 | 200 |      1.9765ms |             ::1 | GET      "/api/sensor/recent/light/7"
[GIN] 2022/10/31 - 11:51:23 | 200 |      1.9177ms |             ::1 | GET      "/api/sensor/recent/light/7"
[GIN] 2022/10/31 - 11:51:28 | 204 |            0s |             ::1 | OPTIONS  "/api/sensor/recent/light/7"
[GIN] 2022/10/31 - 11:51:28 | 200 |      1.7191ms |             ::1 | GET      "/api/sensor/recent/light/7"
[GIN] 2022/10/31 - 11:51:33 | 200 |      1.7012ms |             ::1 | GET      "/api/sensor/recent/light/7"
[GIN] 2022/10/31 - 11:51:38 | 204 |            0s |             ::1 | OPTIONS  "/api/sensor/recent/light/7"
[GIN] 2022/10/31 - 11:51:38 | 200 |      1.1513ms |             ::1 | GET      "/api/sensor/recent/light/7"
[GIN] 2022/10/31 - 11:51:43 | 200 |      1.7142ms |             ::1 | GET      "/api/sensor/recent/light/7"
[GIN] 2022/10/31 - 11:51:48 | 204 |            0s |             ::1 | OPTIONS  "/api/sensor/recent/light/7"
[GIN] 2022/10/31 - 11:51:48 | 200 |      1.9514ms |             ::1 | GET      "/api/sensor/recent/light/7"
[GIN] 2022/10/31 - 11:51:53 | 204 |            0s |             ::1 | OPTIONS  "/api/sensor/recent/light/7"
[GIN] 2022/10/31 - 11:51:53 | 200 |      2.1027ms |             ::1 | GET      "/api/sensor/recent/light/7"
[GIN] 2022/10/31 - 11:51:58 | 200 |      2.1376ms |             ::1 | GET      "/api/sensor/recent/light/7"
[GIN] 2022/10/31 - 11:52:03 | 204 |            0s |             ::1 | OPTIONS  "/api/sensor/recent/light/7"
[GIN] 2022/10/31 - 11:52:03 | 200 |      1.8156ms |             ::1 | GET      "/api/sensor/recent/light/7"
[GIN] 2022/10/31 - 11:52:08 | 200 |      1.8897ms |             ::1 | GET      "/api/sensor/recent/light/7"
[GIN] 2022/10/31 - 11:52:13 | 204 |            0s |             ::1 | OPTIONS  "/api/sensor/recent/light/7"
[GIN] 2022/10/31 - 11:52:13 | 200 |      1.9106ms |             ::1 | GET      "/api/sensor/recent/light/7"
[GIN] 2022/10/31 - 11:52:18 | 204 |            0s |             ::1 | OPTIONS  "/api/sensor/recent/light/7"
[GIN] 2022/10/31 - 11:52:18 | 200 |      1.5436ms |             ::1 | GET      "/api/sensor/recent/light/7"
[GIN] 2022/10/31 - 11:52:23 | 200 |      1.7434ms |             ::1 | GET      "/api/sensor/recent/light/7"
[GIN] 2022/10/31 - 11:52:28 | 204 |            0s |             ::1 | OPTIONS  "/api/sensor/recent/light/7"
[GIN] 2022/10/31 - 11:52:28 | 200 |      1.7202ms |             ::1 | GET      "/api/sensor/recent/light/7"
[GIN] 2022/10/31 - 11:52:33 | 200 |      2.0784ms |             ::1 | GET      "/api/sensor/recent/light/7"
[GIN] 2022/10/31 - 11:52:38 | 204 |            0s |             ::1 | OPTIONS  "/api/sensor/recent/light/7"
[GIN] 2022/10/31 - 11:52:38 | 200 |      1.7927ms |             ::1 | GET      "/api/sensor/recent/light/7"
[GIN] 2022/10/31 - 11:52:43 | 200 |      1.3372ms |             ::1 | GET      "/api/sensor/recent/light/7"
[GIN] 2022/10/31 - 11:52:48 | 204 |            0s |             ::1 | OPTIONS  "/api/sensor/recent/light/7"
[GIN] 2022/10/31 - 11:52:48 | 200 |      1.8508ms |             ::1 | GET      "/api/sensor/recent/light/7"
[GIN] 2022/10/31 - 11:52:53 | 200 |      1.2126ms |             ::1 | GET      "/api/sensor/recent/light/7"
[GIN] 2022/10/31 - 11:52:58 | 204 |            0s |             ::1 | OPTIONS  "/api/sensor/recent/light/7"
[GIN] 2022/10/31 - 11:52:58 | 200 |      1.6587ms |             ::1 | GET      "/api/sensor/recent/light/7"
[GIN] 2022/10/31 - 11:53:03 | 200 |      1.3827ms |             ::1 | GET      "/api/sensor/recent/light/7"
[GIN] 2022/10/31 - 11:53:08 | 204 |            0s |             ::1 | OPTIONS  "/api/sensor/recent/light/7"
[GIN] 2022/10/31 - 11:53:08 | 200 |      1.6127ms |             ::1 | GET      "/api/sensor/recent/light/7"
[GIN] 2022/10/31 - 11:53:13 | 200 |      1.9177ms |             ::1 | GET      "/api/sensor/recent/light/7"
[GIN] 2022/10/31 - 11:53:18 | 204 |            0s |             ::1 | OPTIONS  "/api/sensor/recent/light/7"
[GIN] 2022/10/31 - 11:53:18 | 200 |       978.4µs |             ::1 | GET      "/api/sensor/recent/light/7"
[GIN] 2022/10/31 - 11:53:23 | 200 |       887.2µs |             ::1 | GET      "/api/sensor/recent/light/7"
[GIN] 2022/10/31 - 11:53:28 | 204 |            0s |             ::1 | OPTIONS  "/api/sensor/recent/light/7"
[GIN] 2022/10/31 - 11:53:28 | 200 |      2.0079ms |             ::1 | GET      "/api/sensor/recent/light/7"
[GIN] 2022/10/31 - 11:53:33 | 204 |            0s |             ::1 | OPTIONS  "/api/sensor/recent/light/7"
[GIN] 2022/10/31 - 11:53:33 | 200 |      1.0201ms |             ::1 | GET      "/api/sensor/recent/light/7"
[GIN] 2022/10/31 - 11:53:38 | 200 |      1.4429ms |             ::1 | GET      "/api/sensor/recent/light/7"
[GIN] 2022/10/31 - 11:53:43 | 204 |            0s |             ::1 | OPTIONS  "/api/sensor/recent/light/7"
[GIN] 2022/10/31 - 11:53:43 | 200 |       1.479ms |             ::1 | GET      "/api/sensor/recent/light/7"
[GIN] 2022/10/31 - 11:53:48 | 204 |            0s |             ::1 | OPTIONS  "/api/sensor/recent/light/7"
[GIN] 2022/10/31 - 11:53:48 | 200 |      1.4119ms |             ::1 | GET      "/api/sensor/recent/light/7"
[GIN] 2022/10/31 - 11:53:53 | 200 |      1.8241ms |             ::1 | GET      "/api/sensor/recent/light/7"
[GIN] 2022/10/31 - 11:53:58 | 204 |            0s |             ::1 | OPTIONS  "/api/sensor/recent/light/7"
[GIN] 2022/10/31 - 11:53:58 | 200 |       839.3µs |             ::1 | GET      "/api/sensor/recent/light/7"
[GIN] 2022/10/31 - 11:54:03 | 204 |            0s |             ::1 | OPTIONS  "/api/sensor/recent/light/7"
[GIN] 2022/10/31 - 11:54:03 | 200 |      1.0817ms |             ::1 | GET      "/api/sensor/recent/light/7"
[GIN] 2022/10/31 - 11:54:08 | 200 |      3.4905ms |             ::1 | GET      "/api/sensor/recent/light/7"
