[GIN-debug] [WARNING] Creating an Engine instance with the Logger and Recovery middleware already attached.

[GIN-debug] [WARNING] Running in "debug" mode. Switch to "release" mode in production.
 - using env:	export GIN_MODE=release
 - using code:	gin.SetMode(gin.ReleaseMode)

[GIN-debug] POST   /api/auth/register        --> github.com/Wh0rigin/GraduationProject/controller.RegisterController (5 handlers)
[GIN-debug] POST   /api/auth/login           --> github.com/Wh0rigin/GraduationProject/controller.LoginController (5 handlers)
[GIN-debug] GET    /api/auth/detail          --> github.com/Wh0rigin/GraduationProject/controller.DetailController (6 handlers)
[GIN-debug] POST   /api/book/create          --> github.com/Wh0rigin/GraduationProject/controller.CreateBookController (6 handlers)
[GIN-debug] DELETE /api/book/delete          --> github.com/Wh0rigin/GraduationProject/controller.DeleteBookController (6 handlers)
[GIN-debug] GET    /api/book/all             --> github.com/Wh0rigin/GraduationProject/controller.AllBookController (6 handlers)
[GIN-debug] POST   /api/book/add             --> github.com/Wh0rigin/GraduationProject/controller.AddBookController (6 handlers)
[GIN-debug] POST   /api/book/reduce          --> github.com/Wh0rigin/GraduationProject/controller.ReduceBookController (6 handlers)
[GIN-debug] POST   /api/book/rent            --> github.com/Wh0rigin/GraduationProject/controller.RentBookController (6 handlers)
[GIN-debug] POST   /api/book/return          --> github.com/Wh0rigin/GraduationProject/controller.ReturnBookController (6 handlers)
[GIN-debug] GET    /api/book/select/isbn/:isbn --> github.com/Wh0rigin/GraduationProject/controller.SelectBookController (6 handlers)
[GIN-debug] GET    /api/sensor/all/:type     --> github.com/Wh0rigin/GraduationProject/controller.AllSensorDataController (6 handlers)
[GIN-debug] GET    /api/sensor/recent/:type/:limit --> github.com/Wh0rigin/GraduationProject/controller.RecentSensorDataController (6 handlers)
[GIN-debug] POST   /api/actuator/control     --> github.com/Wh0rigin/GraduationProject/controller.ControlController (6 handlers)
[GIN-debug] POST   /api/manager/login        --> github.com/Wh0rigin/GraduationProject/controller.ManagerLoginController (5 handlers)
[GIN-debug] POST   /api/manager/logout       --> github.com/Wh0rigin/GraduationProject/controller.LogoutController (5 handlers)
[GIN-debug] GET    /swagger/*any             --> github.com/swaggo/gin-swagger.CustomWrapHandler.func1 (5 handlers)
[GIN-debug] [WARNING] You trusted all proxies, this is NOT safe. We recommend you to set a value.
Please check https://pkg.go.dev/github.com/gin-gonic/gin#readme-don-t-trust-all-proxies for details.
[GIN-debug] Listening and serving HTTP on :8080
[GIN] 2022/10/25 - 10:19:02 | 200 |      52.729ms |             ::1 | POST     "/api/manager/login"
[GIN] 2022/10/25 - 10:19:03 | 204 |            0s |             ::1 | OPTIONS  "/api/auth/detail"
[GIN] 2022/10/25 - 10:19:03 | 200 |      1.5459ms |             ::1 | GET      "/api/auth/detail"
[GIN] 2022/10/25 - 10:19:03 | 204 |            0s |             ::1 | OPTIONS  "/vue-element-admin/transaction/list"
[GIN] 2022/10/25 - 10:19:03 | 404 |            0s |             ::1 | GET      "/vue-element-admin/transaction/list"
[GIN] 2022/10/25 - 10:19:06 | 204 |            0s |             ::1 | OPTIONS  "/api/manager/logout"
[GIN] 2022/10/25 - 10:19:06 | 200 |       306.2µs |             ::1 | POST     "/api/manager/logout"
[GIN] 2022/10/25 - 10:23:31 | 200 |    353.6927ms |             ::1 | POST     "/api/manager/login"
[GIN] 2022/10/25 - 10:23:31 | 204 |            0s |             ::1 | OPTIONS  "/api/auth/detail"
[GIN] 2022/10/25 - 10:23:31 | 200 |       981.7µs |             ::1 | GET      "/api/auth/detail"
[GIN] 2022/10/25 - 10:23:32 | 204 |            0s |             ::1 | OPTIONS  "/vue-element-admin/transaction/list"
[GIN] 2022/10/25 - 10:23:32 | 404 |            0s |             ::1 | GET      "/vue-element-admin/transaction/list"
