[GIN-debug] [WARNING] Creating an Engine instance with the Logger and Recovery middleware already attached.

[GIN-debug] [WARNING] Running in "debug" mode. Switch to "release" mode in production.
 - using env:	export GIN_MODE=release
 - using code:	gin.SetMode(gin.ReleaseMode)

[GIN-debug] POST   /api/auth/register        --> github.com/Wh0rigin/GraduationProject/controller.RegisterController (4 handlers)
[GIN-debug] POST   /api/auth/login           --> github.com/Wh0rigin/GraduationProject/controller.LoginController (4 handlers)
[GIN-debug] GET    /api/auth/detail          --> github.com/Wh0rigin/GraduationProject/controller.DetailController (5 handlers)
[GIN-debug] POST   /api/book/create          --> github.com/Wh0rigin/GraduationProject/controller.CreateBookController (5 handlers)
[GIN-debug] DELETE /api/book/delete          --> github.com/Wh0rigin/GraduationProject/controller.DeleteBookController (5 handlers)
[GIN-debug] GET    /api/book/all             --> github.com/Wh0rigin/GraduationProject/controller.AllBookController (5 handlers)
[GIN-debug] GET    /api/book/all/nondto      --> github.com/Wh0rigin/GraduationProject/controller.AllBookNonDto (5 handlers)
[GIN-debug] GET    /api/book/number/all      --> github.com/Wh0rigin/GraduationProject/controller.GetAllBookNumber (5 handlers)
[GIN-debug] GET    /api/book/number/rent     --> github.com/Wh0rigin/GraduationProject/controller.GetRentBookNumber (5 handlers)
[GIN-debug] GET    /api/book/number/available --> github.com/Wh0rigin/GraduationProject/controller.GetAvailableBookNumber (5 handlers)
[GIN-debug] POST   /api/book/add             --> github.com/Wh0rigin/GraduationProject/controller.AddBookController (5 handlers)
[GIN-debug] POST   /api/book/reduce          --> github.com/Wh0rigin/GraduationProject/controller.ReduceBookController (5 handlers)
[GIN-debug] POST   /api/book/rent            --> github.com/Wh0rigin/GraduationProject/controller.RentBookController (5 handlers)
[GIN-debug] POST   /api/book/return          --> github.com/Wh0rigin/GraduationProject/controller.ReturnBookController (5 handlers)
[GIN-debug] GET    /api/book/select/isbn/:isbn --> github.com/Wh0rigin/GraduationProject/controller.SelectBookController (5 handlers)
[GIN-debug] GET    /api/book/select/nondto/isbn/:isbn --> github.com/Wh0rigin/GraduationProject/controller.SelectBookNonDto (5 handlers)
[GIN-debug] GET    /api/sensor/all/:type     --> github.com/Wh0rigin/GraduationProject/controller.AllSensorDataController (5 handlers)
[GIN-debug] GET    /api/sensor/recent/:type/:limit --> github.com/Wh0rigin/GraduationProject/controller.RecentSensorDataController (5 handlers)
[GIN-debug] POST   /api/actuator/control     --> github.com/Wh0rigin/GraduationProject/controller.ControlController (5 handlers)
[GIN-debug] GET    /api/sensor/all/non/filtrate --> github.com/Wh0rigin/GraduationProject/controller.GetAllSensorDataNonFiltrate (5 handlers)
[GIN-debug] GET    /api/sensor/all/page      --> github.com/Wh0rigin/GraduationProject/controller.GetAllSensorDataLimit (5 handlers)
[GIN-debug] POST   /api/manager/login        --> github.com/Wh0rigin/GraduationProject/controller.ManagerLoginController (4 handlers)
[GIN-debug] POST   /api/manager/logout       --> github.com/Wh0rigin/GraduationProject/controller.LogoutController (4 handlers)
[GIN-debug] GET    /api/manager/all/user     --> github.com/Wh0rigin/GraduationProject/controller.GetAllUser (5 handlers)
[GIN-debug] POST   /api/manager/delete/user  --> github.com/Wh0rigin/GraduationProject/controller.DeleteUser (5 handlers)
[GIN-debug] POST   /api/manager/update/user  --> github.com/Wh0rigin/GraduationProject/controller.UpdateUser (5 handlers)
[GIN-debug] GET    /swagger/*any             --> github.com/swaggo/gin-swagger.CustomWrapHandler.func1 (4 handlers)
[GIN-debug] [WARNING] You trusted all proxies, this is NOT safe. We recommend you to set a value.
Please check https://pkg.go.dev/github.com/gin-gonic/gin#readme-don-t-trust-all-proxies for details.
[GIN-debug] Listening and serving HTTP on :8080
[GIN] 2022/10/26 - 09:57:35 | 204 |            0s |             ::1 | OPTIONS  "/api/sensor/all/page?page=1&limit=20&sort=%2Bid"
[GIN] 2022/10/26 - 09:57:35 | 200 |      1.3689ms |             ::1 | GET      "/api/sensor/all/page?page=1&limit=20&sort=%2Bid"
[GIN] 2022/10/26 - 09:57:37 | 204 |            0s |             ::1 | OPTIONS  "/api/sensor/all/page?page=2&limit=20&sort=%2Bid"
[GIN] 2022/10/26 - 09:57:37 | 200 |       796.8µs |             ::1 | GET      "/api/sensor/all/page?page=2&limit=20&sort=%2Bid"
[GIN] 2022/10/26 - 09:57:39 | 204 |            0s |             ::1 | OPTIONS  "/api/sensor/all/page?page=3&limit=20&sort=%2Bid"
[GIN] 2022/10/26 - 09:57:39 | 200 |      1.4868ms |             ::1 | GET      "/api/sensor/all/page?page=3&limit=20&sort=%2Bid"
[GIN] 2022/10/26 - 09:58:00 | 204 |            0s |             ::1 | OPTIONS  "/api/sensor/all/page?page=1&limit=20&sort=%2Bid"
[GIN] 2022/10/26 - 09:58:00 | 200 |      1.4703ms |             ::1 | GET      "/api/sensor/all/page?page=1&limit=20&sort=%2Bid"
[GIN] 2022/10/26 - 09:58:07 | 204 |            0s |             ::1 | OPTIONS  "/api/book/all/nondto"
[GIN] 2022/10/26 - 09:58:07 | 200 |      1.3505ms |             ::1 | GET      "/api/book/all/nondto"
[GIN] 2022/10/26 - 09:58:20 | 204 |            0s |             ::1 | OPTIONS  "/api/sensor/all/page?page=1&limit=20&sort=%2Bid"
[GIN] 2022/10/26 - 09:58:20 | 200 |      1.7296ms |             ::1 | GET      "/api/sensor/all/page?page=1&limit=20&sort=%2Bid"
[GIN] 2022/10/26 - 09:58:22 | 204 |            0s |             ::1 | OPTIONS  "/api/sensor/all/page?page=2&limit=20&sort=%2Bid"
[GIN] 2022/10/26 - 09:58:22 | 200 |         891µs |             ::1 | GET      "/api/sensor/all/page?page=2&limit=20&sort=%2Bid"
[GIN] 2022/10/26 - 09:58:24 | 204 |            0s |             ::1 | OPTIONS  "/api/sensor/all/page?page=3&limit=20&sort=%2Bid"
[GIN] 2022/10/26 - 09:58:24 | 200 |      1.4242ms |             ::1 | GET      "/api/sensor/all/page?page=3&limit=20&sort=%2Bid"
[GIN] 2022/10/26 - 09:58:26 | 200 |      1.1858ms |             ::1 | GET      "/api/sensor/all/page?page=2&limit=20&sort=%2Bid"
[GIN] 2022/10/26 - 09:58:28 | 204 |            0s |             ::1 | OPTIONS  "/api/sensor/all/page?page=1&limit=20&sort=%2Bid"
[GIN] 2022/10/26 - 09:58:28 | 200 |      2.1877ms |             ::1 | GET      "/api/sensor/all/page?page=1&limit=20&sort=%2Bid"
[GIN] 2022/10/26 - 09:58:49 | 204 |            0s |             ::1 | OPTIONS  "/api/sensor/all/page?page=1&limit=10&sort=%2Bid"
[GIN] 2022/10/26 - 09:58:49 | 200 |      1.3112ms |             ::1 | GET      "/api/sensor/all/page?page=1&limit=10&sort=%2Bid"
[GIN] 2022/10/26 - 09:58:50 | 204 |            0s |             ::1 | OPTIONS  "/api/sensor/all/page?page=2&limit=10&sort=%2Bid"
[GIN] 2022/10/26 - 09:58:50 | 200 |      1.0035ms |             ::1 | GET      "/api/sensor/all/page?page=2&limit=10&sort=%2Bid"
[GIN] 2022/10/26 - 09:58:51 | 204 |            0s |             ::1 | OPTIONS  "/api/sensor/all/page?page=3&limit=10&sort=%2Bid"
[GIN] 2022/10/26 - 09:58:51 | 200 |      1.2043ms |             ::1 | GET      "/api/sensor/all/page?page=3&limit=10&sort=%2Bid"
[GIN] 2022/10/26 - 09:58:51 | 204 |            0s |             ::1 | OPTIONS  "/api/sensor/all/page?page=4&limit=10&sort=%2Bid"
[GIN] 2022/10/26 - 09:58:51 | 200 |      1.6326ms |             ::1 | GET      "/api/sensor/all/page?page=4&limit=10&sort=%2Bid"
[GIN] 2022/10/26 - 09:58:52 | 204 |            0s |             ::1 | OPTIONS  "/api/sensor/all/page?page=5&limit=10&sort=%2Bid"
[GIN] 2022/10/26 - 09:58:52 | 200 |      1.8805ms |             ::1 | GET      "/api/sensor/all/page?page=5&limit=10&sort=%2Bid"
[GIN] 2022/10/26 - 09:58:54 | 200 |      2.0828ms |             ::1 | GET      "/api/sensor/all/page?page=1&limit=10&sort=%2Bid"
[GIN] 2022/10/26 - 09:58:55 | 204 |            0s |             ::1 | OPTIONS  "/api/sensor/all/page?page=2&limit=10&sort=%2Bid"
[GIN] 2022/10/26 - 09:58:55 | 200 |      1.3542ms |             ::1 | GET      "/api/sensor/all/page?page=2&limit=10&sort=%2Bid"
[GIN] 2022/10/26 - 09:58:56 | 200 |       2.231ms |             ::1 | GET      "/api/sensor/all/page?page=3&limit=10&sort=%2Bid"
[GIN] 2022/10/26 - 09:58:56 | 200 |      1.8685ms |             ::1 | GET      "/api/sensor/all/page?page=4&limit=10&sort=%2Bid"
[GIN] 2022/10/26 - 09:58:56 | 200 |      1.0248ms |             ::1 | GET      "/api/sensor/all/page?page=5&limit=10&sort=%2Bid"
[GIN] 2022/10/26 - 09:58:58 | 204 |            0s |             ::1 | OPTIONS  "/api/sensor/all/page?page=4&limit=10&sort=%2Bid"
[GIN] 2022/10/26 - 09:58:58 | 200 |      1.4433ms |             ::1 | GET      "/api/sensor/all/page?page=4&limit=10&sort=%2Bid"
[GIN] 2022/10/26 - 09:58:58 | 204 |            0s |             ::1 | OPTIONS  "/api/sensor/all/page?page=3&limit=10&sort=%2Bid"
[GIN] 2022/10/26 - 09:58:58 | 200 |       2.045ms |             ::1 | GET      "/api/sensor/all/page?page=3&limit=10&sort=%2Bid"
[GIN] 2022/10/26 - 09:58:58 | 200 |      1.3709ms |             ::1 | GET      "/api/sensor/all/page?page=2&limit=10&sort=%2Bid"
[GIN] 2022/10/26 - 09:58:58 | 204 |            0s |             ::1 | OPTIONS  "/api/sensor/all/page?page=1&limit=10&sort=%2Bid"
[GIN] 2022/10/26 - 09:58:58 | 200 |       712.2µs |             ::1 | GET      "/api/sensor/all/page?page=1&limit=10&sort=%2Bid"
[GIN] 2022/10/26 - 10:00:02 | 204 |       375.5µs |             ::1 | OPTIONS  "/api/sensor/all/page?page=1&limit=20&sort=%2Bid"
[GIN] 2022/10/26 - 10:00:02 | 200 |      1.9897ms |             ::1 | GET      "/api/sensor/all/page?page=1&limit=20&sort=%2Bid"
