[GIN-debug] [WARNING] Creating an Engine instance with the Logger and Recovery middleware already attached.

[GIN-debug] [WARNING] Running in "debug" mode. Switch to "release" mode in production.
 - using env:	export GIN_MODE=release
 - using code:	gin.SetMode(gin.ReleaseMode)

[GIN-debug] POST   /api/auth/register        --> github.com/Wh0rigin/GraduationProject/controller.RegisterController (4 handlers)
[GIN-debug] POST   /api/auth/login           --> github.com/Wh0rigin/GraduationProject/controller.LoginController (4 handlers)
[GIN-debug] GET    /api/auth/detail          --> github.com/Wh0rigin/GraduationProject/controller.DetailController (5 handlers)
[GIN-debug] POST   /api/book/create          --> github.com/Wh0rigin/GraduationProject/controller.CreateBookController (5 handlers)
[GIN-debug] DELETE /api/book/delete          --> github.com/Wh0rigin/GraduationProject/controller.DeleteBookController (5 handlers)
[GIN-debug] GET    /api/book/all             --> github.com/Wh0rigin/GraduationProject/controller.AllBookController (5 handlers)
[GIN-debug] GET    /api/book/number/all      --> github.com/Wh0rigin/GraduationProject/controller.GetAllBookNumber (5 handlers)
[GIN-debug] GET    /api/book/number/rent     --> github.com/Wh0rigin/GraduationProject/controller.GetRentBookNumber (5 handlers)
[GIN-debug] GET    /api/book/number/available --> github.com/Wh0rigin/GraduationProject/controller.GetAvailableBookNumber (5 handlers)
[GIN-debug] POST   /api/book/add             --> github.com/Wh0rigin/GraduationProject/controller.AddBookController (5 handlers)
[GIN-debug] POST   /api/book/reduce          --> github.com/Wh0rigin/GraduationProject/controller.ReduceBookController (5 handlers)
[GIN-debug] POST   /api/book/rent            --> github.com/Wh0rigin/GraduationProject/controller.RentBookController (5 handlers)
[GIN-debug] POST   /api/book/return          --> github.com/Wh0rigin/GraduationProject/controller.ReturnBookController (5 handlers)
[GIN-debug] GET    /api/book/select/isbn/:isbn --> github.com/Wh0rigin/GraduationProject/controller.SelectBookController (5 handlers)
[GIN-debug] GET    /api/sensor/all/:type     --> github.com/Wh0rigin/GraduationProject/controller.AllSensorDataController (5 handlers)
[GIN-debug] GET    /api/sensor/recent/:type/:limit --> github.com/Wh0rigin/GraduationProject/controller.RecentSensorDataController (5 handlers)
[GIN-debug] POST   /api/actuator/control     --> github.com/Wh0rigin/GraduationProject/controller.ControlController (5 handlers)
[GIN-debug] POST   /api/manager/login        --> github.com/Wh0rigin/GraduationProject/controller.ManagerLoginController (4 handlers)
[GIN-debug] POST   /api/manager/logout       --> github.com/Wh0rigin/GraduationProject/controller.LogoutController (4 handlers)
[GIN-debug] GET    /api/manager/all/user     --> github.com/Wh0rigin/GraduationProject/controller.GetAllUser (5 handlers)
[GIN-debug] POST   /api/manager/delete/user  --> github.com/Wh0rigin/GraduationProject/controller.DeleteUser (5 handlers)
[GIN-debug] GET    /swagger/*any             --> github.com/swaggo/gin-swagger.CustomWrapHandler.func1 (4 handlers)
[GIN-debug] [WARNING] You trusted all proxies, this is NOT safe. We recommend you to set a value.
Please check https://pkg.go.dev/github.com/gin-gonic/gin#readme-don-t-trust-all-proxies for details.
[GIN-debug] Listening and serving HTTP on :8080
[GIN] 2022/10/25 - 16:42:04 | 204 |            0s |             ::1 | OPTIONS  "/api/manager/all/user"
[GIN] 2022/10/25 - 16:42:04 | 200 |      1.7064ms |             ::1 | GET      "/api/manager/all/user"
[GIN] 2022/10/25 - 16:43:12 | 204 |            0s |             ::1 | OPTIONS  "/api/auth/detail"
[GIN] 2022/10/25 - 16:43:12 | 200 |      1.4719ms |             ::1 | GET      "/api/auth/detail"
[GIN] 2022/10/25 - 16:43:13 | 204 |            0s |             ::1 | OPTIONS  "/api/manager/all/user"
[GIN] 2022/10/25 - 16:43:13 | 200 |      1.2685ms |             ::1 | GET      "/api/manager/all/user"
[GIN] 2022/10/25 - 16:43:16 | 200 |      1.0556ms |             ::1 | GET      "/api/auth/detail"
[GIN] 2022/10/25 - 16:43:17 | 200 |      1.5527ms |             ::1 | GET      "/api/manager/all/user"
[GIN] 2022/10/25 - 16:43:19 | 204 |            0s |             ::1 | OPTIONS  "/api/auth/detail"
[GIN] 2022/10/25 - 16:43:19 | 200 |      1.6168ms |             ::1 | GET      "/api/auth/detail"
[GIN] 2022/10/25 - 16:43:19 | 204 |            0s |             ::1 | OPTIONS  "/api/manager/all/user"
[GIN] 2022/10/25 - 16:43:19 | 200 |       1.672ms |             ::1 | GET      "/api/manager/all/user"
[GIN] 2022/10/25 - 16:45:50 | 204 |       449.5µs |             ::1 | OPTIONS  "/api/auth/detail"
[GIN] 2022/10/25 - 16:45:50 | 200 |      1.2541ms |             ::1 | GET      "/api/auth/detail"
[GIN] 2022/10/25 - 16:45:50 | 204 |            0s |             ::1 | OPTIONS  "/api/manager/all/user"
[GIN] 2022/10/25 - 16:45:50 | 200 |      2.1717ms |             ::1 | GET      "/api/manager/all/user"
[GIN] 2022/10/25 - 16:47:05 | 204 |            0s |             ::1 | OPTIONS  "/api/manager/all/user"
[GIN] 2022/10/25 - 16:47:05 | 200 |      2.2557ms |             ::1 | GET      "/api/manager/all/user"
[GIN] 2022/10/25 - 16:47:06 | 204 |            0s |             ::1 | OPTIONS  "/api/manager/delete/user"
[GIN] 2022/10/25 - 16:47:06 | 200 |      2.7601ms |             ::1 | GET      "/api/manager/all/user"
[GIN] 2022/10/25 - 16:47:06 | 200 |     14.3007ms |             ::1 | POST     "/api/manager/delete/user"
[GIN] 2022/10/25 - 16:47:46 | 204 |            0s |             ::1 | OPTIONS  "/api/manager/all/user"
[GIN] 2022/10/25 - 16:47:46 | 200 |      1.5279ms |             ::1 | GET      "/api/manager/all/user"
[GIN] 2022/10/25 - 16:47:47 | 204 |            0s |             ::1 | OPTIONS  "/api/manager/delete/user"
[GIN] 2022/10/25 - 16:47:47 | 200 |       1.204ms |             ::1 | GET      "/api/manager/all/user"
[GIN] 2022/10/25 - 16:47:47 | 200 |      4.6407ms |             ::1 | POST     "/api/manager/delete/user"
[GIN] 2022/10/25 - 16:47:56 | 204 |            0s |             ::1 | OPTIONS  "/api/auth/detail"
[GIN] 2022/10/25 - 16:47:56 | 401 |      1.2385ms |             ::1 | GET      "/api/auth/detail"
[GIN] 2022/10/25 - 16:47:57 | 200 |      1.4731ms |             ::1 | POST     "/api/manager/login"
[GIN] 2022/10/25 - 16:48:01 | 200 |      1.1739ms |             ::1 | POST     "/api/manager/login"
[GIN] 2022/10/25 - 16:50:39 | 200 |     51.4951ms |             ::1 | POST     "/api/manager/login"
[GIN] 2022/10/25 - 16:50:39 | 204 |            0s |             ::1 | OPTIONS  "/api/auth/detail"
[GIN] 2022/10/25 - 16:50:39 | 200 |      1.0637ms |             ::1 | GET      "/api/auth/detail"
[GIN] 2022/10/25 - 16:50:39 | 204 |            0s |             ::1 | OPTIONS  "/api/manager/all/user"
[GIN] 2022/10/25 - 16:50:39 | 200 |      1.4149ms |             ::1 | GET      "/api/manager/all/user"
[GIN] 2022/10/25 - 16:52:04 | 204 |            0s |             ::1 | OPTIONS  "/api/manager/delete/user"
[GIN] 2022/10/25 - 16:52:04 | 204 |            0s |             ::1 | OPTIONS  "/api/manager/all/user"
[GIN] 2022/10/25 - 16:52:04 | 200 |      1.0743ms |             ::1 | GET      "/api/manager/all/user"
[GIN] 2022/10/25 - 16:52:04 | 200 |      5.6774ms |             ::1 | POST     "/api/manager/delete/user"
[GIN] 2022/10/25 - 16:52:07 | 401 |      1.1568ms |             ::1 | POST     "/api/manager/delete/user"
[GIN] 2022/10/25 - 16:52:07 | 401 |      1.4782ms |             ::1 | GET      "/api/manager/all/user"
[GIN] 2022/10/25 - 16:53:29 | 204 |            0s |             ::1 | OPTIONS  "/api/auth/detail"
[GIN] 2022/10/25 - 16:53:29 | 200 |      1.1049ms |             ::1 | GET      "/api/auth/detail"
[GIN] 2022/10/25 - 16:53:29 | 204 |            0s |             ::1 | OPTIONS  "/api/manager/all/user"
[GIN] 2022/10/25 - 16:53:29 | 200 |      1.4959ms |             ::1 | GET      "/api/manager/all/user"
[GIN] 2022/10/25 - 16:54:20 | 204 |            0s |             ::1 | OPTIONS  "/api/auth/detail"
[GIN] 2022/10/25 - 16:54:20 | 200 |      1.4085ms |             ::1 | GET      "/api/auth/detail"
[GIN] 2022/10/25 - 16:54:20 | 204 |            0s |             ::1 | OPTIONS  "/api/manager/all/user"
[GIN] 2022/10/25 - 16:54:20 | 200 |      1.4871ms |             ::1 | GET      "/api/manager/all/user"
[GIN] 2022/10/25 - 16:55:32 | 204 |            0s |             ::1 | OPTIONS  "/api/auth/detail"
[GIN] 2022/10/25 - 16:55:32 | 200 |      1.5035ms |             ::1 | GET      "/api/auth/detail"
[GIN] 2022/10/25 - 16:55:33 | 204 |            0s |             ::1 | OPTIONS  "/api/manager/all/user"
[GIN] 2022/10/25 - 16:55:33 | 200 |      1.7922ms |             ::1 | GET      "/api/manager/all/user"
[GIN] 2022/10/25 - 16:56:21 | 204 |            0s |             ::1 | OPTIONS  "/api/manager/all/user"
[GIN] 2022/10/25 - 16:56:21 | 200 |       724.3µs |             ::1 | GET      "/api/manager/all/user"
[GIN] 2022/10/25 - 16:56:44 | 204 |            0s |             ::1 | OPTIONS  "/api/manager/delete/user"
[GIN] 2022/10/25 - 16:56:44 | 204 |            0s |             ::1 | OPTIONS  "/api/manager/all/user"
[GIN] 2022/10/25 - 16:56:44 | 200 |       655.7µs |             ::1 | GET      "/api/manager/all/user"
[GIN] 2022/10/25 - 16:56:44 | 200 |     15.6982ms |             ::1 | POST     "/api/manager/delete/user"
[GIN] 2022/10/25 - 16:56:47 | 204 |            0s |             ::1 | OPTIONS  "/api/auth/detail"
[GIN] 2022/10/25 - 16:56:47 | 200 |       908.3µs |             ::1 | GET      "/api/auth/detail"
[GIN] 2022/10/25 - 16:56:47 | 200 |      1.0196ms |             ::1 | GET      "/api/manager/all/user"
[GIN] 2022/10/25 - 16:56:50 | 204 |            0s |             ::1 | OPTIONS  "/api/book/all"
[GIN] 2022/10/25 - 16:56:50 | 204 |            0s |             ::1 | OPTIONS  "/api/book/number/all"
[GIN] 2022/10/25 - 16:56:50 | 200 |      1.7604ms |             ::1 | GET      "/api/book/all"
[GIN] 2022/10/25 - 16:56:50 | 200 |      2.1952ms |             ::1 | GET      "/api/book/number/all"
[GIN] 2022/10/25 - 16:56:50 | 204 |            0s |             ::1 | OPTIONS  "/api/book/number/rent"
[GIN] 2022/10/25 - 16:56:50 | 200 |      1.3137ms |             ::1 | GET      "/api/book/number/rent"
[GIN] 2022/10/25 - 16:56:50 | 204 |            0s |             ::1 | OPTIONS  "/api/book/number/available"
[GIN] 2022/10/25 - 16:56:50 | 200 |      1.8034ms |             ::1 | GET      "/api/book/number/available"
[GIN] 2022/10/25 - 16:56:50 | 204 |            0s |             ::1 | OPTIONS  "/api/manager/all/user"
[GIN] 2022/10/25 - 16:56:50 | 200 |      1.7426ms |             ::1 | GET      "/api/manager/all/user"
[GIN] 2022/10/25 - 16:57:00 | 204 |            0s |             ::1 | OPTIONS  "/api/auth/detail"
[GIN] 2022/10/25 - 16:57:00 | 200 |      1.3278ms |             ::1 | GET      "/api/auth/detail"
[GIN] 2022/10/25 - 16:57:00 | 204 |            0s |             ::1 | OPTIONS  "/api/manager/all/user"
[GIN] 2022/10/25 - 16:57:00 | 200 |      1.5323ms |             ::1 | GET      "/api/manager/all/user"
[GIN] 2022/10/25 - 16:59:13 | 204 |            0s |             ::1 | OPTIONS  "/api/manager/all/user"
[GIN] 2022/10/25 - 16:59:13 | 200 |       2.415ms |             ::1 | GET      "/api/manager/all/user"
[GIN] 2022/10/25 - 17:02:41 | 204 |            0s |             ::1 | OPTIONS  "/api/manager/all/user"
[GIN] 2022/10/25 - 17:02:41 | 200 |      2.0899ms |             ::1 | GET      "/api/manager/all/user"
[GIN] 2022/10/25 - 17:04:27 | 204 |            0s |             ::1 | OPTIONS  "/api/manager/all/user"
[GIN] 2022/10/25 - 17:04:27 | 200 |      1.2052ms |             ::1 | GET      "/api/manager/all/user"
[GIN] 2022/10/25 - 17:05:54 | 204 |            0s |             ::1 | OPTIONS  "/api/manager/all/user"
[GIN] 2022/10/25 - 17:05:54 | 200 |       965.8µs |             ::1 | GET      "/api/manager/all/user"
[GIN] 2022/10/25 - 17:06:17 | 204 |            0s |             ::1 | OPTIONS  "/api/manager/all/user"
[GIN] 2022/10/25 - 17:06:17 | 200 |      1.8419ms |             ::1 | GET      "/api/manager/all/user"
[GIN] 2022/10/25 - 17:07:02 | 204 |            0s |             ::1 | OPTIONS  "/api/manager/all/user"
[GIN] 2022/10/25 - 17:07:02 | 200 |      2.3013ms |             ::1 | GET      "/api/manager/all/user"
[GIN] 2022/10/25 - 17:07:42 | 204 |            0s |             ::1 | OPTIONS  "/api/manager/all/user"
[GIN] 2022/10/25 - 17:07:42 | 200 |      1.8409ms |             ::1 | GET      "/api/manager/all/user"
[GIN] 2022/10/25 - 17:08:20 | 204 |            0s |             ::1 | OPTIONS  "/api/manager/all/user"
[GIN] 2022/10/25 - 17:08:20 | 200 |      1.9102ms |             ::1 | GET      "/api/manager/all/user"
[GIN] 2022/10/25 - 17:09:12 | 204 |            0s |             ::1 | OPTIONS  "/api/manager/all/user"
[GIN] 2022/10/25 - 17:09:12 | 200 |      1.3961ms |             ::1 | GET      "/api/manager/all/user"
[GIN] 2022/10/25 - 17:09:38 | 204 |            0s |             ::1 | OPTIONS  "/api/manager/all/user"
[GIN] 2022/10/25 - 17:09:38 | 200 |      1.4036ms |             ::1 | GET      "/api/manager/all/user"
[GIN] 2022/10/25 - 17:10:47 | 204 |            0s |             ::1 | OPTIONS  "/api/manager/all/user"
[GIN] 2022/10/25 - 17:10:47 | 200 |      1.7041ms |             ::1 | GET      "/api/manager/all/user"
[GIN] 2022/10/25 - 17:14:48 | 204 |            0s |             ::1 | OPTIONS  "/vue-element-admin/article/update"
[GIN] 2022/10/25 - 17:14:48 | 404 |            0s |             ::1 | POST     "/vue-element-admin/article/update"
[GIN] 2022/10/25 - 17:43:42 | 204 |            0s |             ::1 | OPTIONS  "/api/auth/detail"
[GIN] 2022/10/25 - 17:43:42 | 200 |      1.6212ms |             ::1 | GET      "/api/auth/detail"
[GIN] 2022/10/25 - 17:43:42 | 204 |            0s |             ::1 | OPTIONS  "/api/manager/all/user"
[GIN] 2022/10/25 - 17:43:42 | 200 |      2.1444ms |             ::1 | GET      "/api/manager/all/user"
[GIN] 2022/10/25 - 17:59:55 | 204 |            0s |             ::1 | OPTIONS  "/api/book/all"
[GIN] 2022/10/25 - 17:59:55 | 204 |            0s |             ::1 | OPTIONS  "/api/book/number/all"
[GIN] 2022/10/25 - 17:59:55 | 200 |       2.981ms |             ::1 | GET      "/api/book/all"
[GIN] 2022/10/25 - 17:59:55 | 200 |      3.5908ms |             ::1 | GET      "/api/book/number/all"
[GIN] 2022/10/25 - 17:59:55 | 204 |            0s |             ::1 | OPTIONS  "/api/book/number/rent"
[GIN] 2022/10/25 - 17:59:55 | 200 |      1.4871ms |             ::1 | GET      "/api/book/number/rent"
[GIN] 2022/10/25 - 17:59:55 | 204 |            0s |             ::1 | OPTIONS  "/api/book/number/available"
[GIN] 2022/10/25 - 17:59:55 | 200 |      1.6717ms |             ::1 | GET      "/api/book/number/available"
[GIN] 2022/10/25 - 18:00:51 | 204 |            0s |             ::1 | OPTIONS  "/api/manager/all/user"
[GIN] 2022/10/25 - 18:00:51 | 200 |      1.7561ms |             ::1 | GET      "/api/manager/all/user"
[GIN] 2022/10/25 - 18:10:27 | 204 |            0s |             ::1 | OPTIONS  "/api/manager/all/user"
[GIN] 2022/10/25 - 18:10:27 | 200 |      1.4315ms |             ::1 | GET      "/api/manager/all/user"
[GIN] 2022/10/25 - 18:10:41 | 204 |            0s |             ::1 | OPTIONS  "/vue-element-admin/article/update"
[GIN] 2022/10/25 - 18:10:41 | 404 |            0s |             ::1 | POST     "/vue-element-admin/article/update"
[GIN] 2022/10/25 - 18:11:00 | 204 |            0s |             ::1 | OPTIONS  "/vue-element-admin/article/update"
[GIN] 2022/10/25 - 18:11:00 | 404 |            0s |             ::1 | POST     "/vue-element-admin/article/update"
[GIN] 2022/10/25 - 18:12:15 | 204 |            0s |             ::1 | OPTIONS  "/api/auth/detail"
[GIN] 2022/10/25 - 18:12:15 | 200 |      1.2132ms |             ::1 | GET      "/api/auth/detail"
[GIN] 2022/10/25 - 18:12:16 | 204 |            0s |             ::1 | OPTIONS  "/api/manager/all/user"
[GIN] 2022/10/25 - 18:12:16 | 200 |        1.84ms |             ::1 | GET      "/api/manager/all/user"
[GIN] 2022/10/25 - 18:13:00 | 204 |            0s |             ::1 | OPTIONS  "/api/manager/all/user"
[GIN] 2022/10/25 - 18:13:00 | 200 |      1.5322ms |             ::1 | GET      "/api/manager/all/user"
[GIN] 2022/10/25 - 18:14:11 | 204 |            0s |             ::1 | OPTIONS  "/api/book/all"
[GIN] 2022/10/25 - 18:14:11 | 204 |            0s |             ::1 | OPTIONS  "/api/book/number/all"
[GIN] 2022/10/25 - 18:14:11 | 200 |       866.6µs |             ::1 | GET      "/api/book/all"
[GIN] 2022/10/25 - 18:14:11 | 200 |      1.3604ms |             ::1 | GET      "/api/book/number/all"
[GIN] 2022/10/25 - 18:14:11 | 204 |            0s |             ::1 | OPTIONS  "/api/book/number/rent"
[GIN] 2022/10/25 - 18:14:11 | 200 |      2.0585ms |             ::1 | GET      "/api/book/number/rent"
[GIN] 2022/10/25 - 18:14:11 | 204 |            0s |             ::1 | OPTIONS  "/api/book/number/available"
[GIN] 2022/10/25 - 18:14:11 | 200 |      2.1238ms |             ::1 | GET      "/api/book/number/available"
[GIN] 2022/10/25 - 18:15:05 | 204 |            0s |             ::1 | OPTIONS  "/api/manager/all/user"
[GIN] 2022/10/25 - 18:15:05 | 200 |      3.0081ms |             ::1 | GET      "/api/manager/all/user"
[GIN] 2022/10/25 - 18:16:57 | 204 |            0s |             ::1 | OPTIONS  "/api/auth/detail"
[GIN] 2022/10/25 - 18:16:57 | 200 |      1.2853ms |             ::1 | GET      "/api/auth/detail"
[GIN] 2022/10/25 - 18:16:57 | 204 |            0s |             ::1 | OPTIONS  "/api/manager/all/user"
[GIN] 2022/10/25 - 18:16:57 | 200 |      2.0488ms |             ::1 | GET      "/api/manager/all/user"
[GIN] 2022/10/25 - 18:17:35 | 204 |            0s |             ::1 | OPTIONS  "/api/manager/all/user"
[GIN] 2022/10/25 - 18:17:35 | 200 |         734µs |             ::1 | GET      "/api/manager/all/user"
[GIN] 2022/10/25 - 18:18:01 | 204 |            0s |             ::1 | OPTIONS  "/api/auth/detail"
[GIN] 2022/10/25 - 18:18:01 | 200 |      1.2165ms |             ::1 | GET      "/api/auth/detail"
[GIN] 2022/10/25 - 18:18:01 | 204 |            0s |             ::1 | OPTIONS  "/api/manager/all/user"
[GIN] 2022/10/25 - 18:18:01 | 200 |      1.2125ms |             ::1 | GET      "/api/manager/all/user"
