[GIN-debug] [WARNING] Creating an Engine instance with the Logger and Recovery middleware already attached.

[GIN-debug] [WARNING] Running in "debug" mode. Switch to "release" mode in production.
 - using env:	export GIN_MODE=release
 - using code:	gin.SetMode(gin.ReleaseMode)

[GIN-debug] POST   /api/auth/register        --> github.com/Wh0rigin/GraduationProject/controller.RegisterController (4 handlers)
[GIN-debug] POST   /api/auth/login           --> github.com/Wh0rigin/GraduationProject/controller.LoginController (4 handlers)
[GIN-debug] GET    /api/auth/detail          --> github.com/Wh0rigin/GraduationProject/controller.DetailController (5 handlers)
[GIN-debug] POST   /api/book/create          --> github.com/Wh0rigin/GraduationProject/controller.CreateBookController (5 handlers)
[GIN-debug] DELETE /api/book/delete          --> github.com/Wh0rigin/GraduationProject/controller.DeleteBookController (5 handlers)
[GIN-debug] GET    /api/book/all             --> github.com/Wh0rigin/GraduationProject/controller.AllBookController (5 handlers)
[GIN-debug] GET    /api/book/number/all      --> github.com/Wh0rigin/GraduationProject/controller.GetAllBookNumber (5 handlers)
[GIN-debug] GET    /api/book/number/rent     --> github.com/Wh0rigin/GraduationProject/controller.GetRentBookNumber (5 handlers)
[GIN-debug] GET    /api/book/number/available --> github.com/Wh0rigin/GraduationProject/controller.GetAvailableBookNumber (5 handlers)
[GIN-debug] POST   /api/book/add             --> github.com/Wh0rigin/GraduationProject/controller.AddBookController (5 handlers)
[GIN-debug] POST   /api/book/reduce          --> github.com/Wh0rigin/GraduationProject/controller.ReduceBookController (5 handlers)
[GIN-debug] POST   /api/book/rent            --> github.com/Wh0rigin/GraduationProject/controller.RentBookController (5 handlers)
[GIN-debug] POST   /api/book/return          --> github.com/Wh0rigin/GraduationProject/controller.ReturnBookController (5 handlers)
[GIN-debug] GET    /api/book/select/isbn/:isbn --> github.com/Wh0rigin/GraduationProject/controller.SelectBookController (5 handlers)
[GIN-debug] GET    /api/sensor/all/:type     --> github.com/Wh0rigin/GraduationProject/controller.AllSensorDataController (5 handlers)
[GIN-debug] GET    /api/sensor/recent/:type/:limit --> github.com/Wh0rigin/GraduationProject/controller.RecentSensorDataController (5 handlers)
[GIN-debug] POST   /api/actuator/control     --> github.com/Wh0rigin/GraduationProject/controller.ControlController (5 handlers)
[GIN-debug] POST   /api/manager/login        --> github.com/Wh0rigin/GraduationProject/controller.ManagerLoginController (4 handlers)
[GIN-debug] POST   /api/manager/logout       --> github.com/Wh0rigin/GraduationProject/controller.LogoutController (4 handlers)
[GIN-debug] GET    /api/manager/all/user     --> github.com/Wh0rigin/GraduationProject/controller.GetAllUser (5 handlers)
[GIN-debug] POST   /api/manager/delete/user  --> github.com/Wh0rigin/GraduationProject/controller.DeleteUser (5 handlers)
[GIN-debug] POST   /api/manager/update/user  --> github.com/Wh0rigin/GraduationProject/controller.UpdateUser (5 handlers)
[GIN-debug] GET    /swagger/*any             --> github.com/swaggo/gin-swagger.CustomWrapHandler.func1 (4 handlers)
[GIN-debug] [WARNING] You trusted all proxies, this is NOT safe. We recommend you to set a value.
Please check https://pkg.go.dev/github.com/gin-gonic/gin#readme-don-t-trust-all-proxies for details.
[GIN-debug] Listening and serving HTTP on :8080
[GIN] 2022/10/25 - 18:29:45 | 204 |            0s |             ::1 | OPTIONS  "/api/manager/update/user"
[GIN] 2022/10/25 - 18:29:45 | 200 |      1.1722ms |             ::1 | POST     "/api/manager/update/user"
[GIN] 2022/10/25 - 18:30:24 | 204 |            0s |             ::1 | OPTIONS  "/api/manager/update/user"
[GIN] 2022/10/25 - 18:30:24 | 200 |      1.3761ms |             ::1 | POST     "/api/manager/update/user"
[GIN] 2022/10/25 - 18:32:30 | 204 |       259.4µs |             ::1 | OPTIONS  "/api/auth/detail"
[GIN] 2022/10/25 - 18:32:30 | 200 |       697.8µs |             ::1 | GET      "/api/auth/detail"
[GIN] 2022/10/25 - 18:32:30 | 204 |            0s |             ::1 | OPTIONS  "/api/manager/all/user"
[GIN] 2022/10/25 - 18:32:30 | 200 |      2.8864ms |             ::1 | GET      "/api/manager/all/user"
[GIN] 2022/10/25 - 18:32:54 | 204 |            0s |             ::1 | OPTIONS  "/api/auth/detail"
[GIN] 2022/10/25 - 18:32:54 | 200 |      1.5177ms |             ::1 | GET      "/api/auth/detail"
[GIN] 2022/10/25 - 18:32:54 | 204 |            0s |             ::1 | OPTIONS  "/api/manager/all/user"
[GIN] 2022/10/25 - 18:32:54 | 200 |      1.2485ms |             ::1 | GET      "/api/manager/all/user"
[GIN] 2022/10/25 - 18:33:43 | 204 |            0s |             ::1 | OPTIONS  "/api/manager/all/user"
[GIN] 2022/10/25 - 18:33:43 | 200 |      2.0354ms |             ::1 | GET      "/api/manager/all/user"
[GIN] 2022/10/25 - 18:34:43 | 204 |            0s |             ::1 | OPTIONS  "/api/manager/all/user"
[GIN] 2022/10/25 - 18:34:43 | 200 |      2.4369ms |             ::1 | GET      "/api/manager/all/user"
[GIN] 2022/10/25 - 18:34:50 | 204 |            0s |             ::1 | OPTIONS  "/api/manager/update/user"
[GIN] 2022/10/25 - 18:34:50 | 200 |      1.8825ms |             ::1 | POST     "/api/manager/update/user"
[GIN] 2022/10/25 - 18:35:31 | 204 |            0s |             ::1 | OPTIONS  "/api/manager/all/user"
[GIN] 2022/10/25 - 18:35:31 | 200 |      1.1048ms |             ::1 | GET      "/api/manager/all/user"
[GIN] 2022/10/25 - 18:35:40 | 204 |            0s |             ::1 | OPTIONS  "/api/manager/update/user"
[GIN] 2022/10/25 - 18:35:40 | 200 |      1.1984ms |             ::1 | POST     "/api/manager/update/user"
